-- Found ament_cmake: 2.5.4 (/opt/ros/jazzy/share/ament_cmake/cmake)
[31mCMake Error at CMakeLists.txt:15 (add_executable):
  The target name "src/publisher.cpp" is reserved or not valid for certain
  CMake features, such as generator expressions, and may result in undefined
  behavior.

[0m
[31mCMake Error at CMakeLists.txt:16 (target_include_directories):
  Cannot specify include directories for target "PUBLIC" which is not built
  by this project.

[0m
-- Found ament_lint_auto: 0.17.3 (/opt/ros/jazzy/share/ament_lint_auto/cmake)
-- Added test 'cppcheck' to perform static code analysis on C / C++ code
-- Configured cppcheck include dirs: 
-- Configured cppcheck exclude dirs and/or files: 
-- Added test 'lint_cmake' to check CMake code style
-- Added test 'uncrustify' to check C / C++ code style
-- Configured uncrustify additional arguments: 
-- Added test 'xmllint' to check XML markup files
-- Configuring incomplete, errors occurred!
gmake: *** [Makefile:226: cmake_check_build_system] Error 1
