[0.009s] Invoking command in '/home/hein/dev/ros-test/build/custom_publisher': CMAKE_PREFIX_PATH=${CMAKE_PREFIX_PATH}:/opt/ros/jazzy DEBUGINFOD_URLS=https://debuginfod.ubuntu.com /usr/bin/cmake --build /home/hein/dev/ros-test/build/custom_publisher -- -j16 -l16
[0.028s] -- Found ament_cmake: 2.5.4 (/opt/ros/jazzy/share/ament_cmake/cmake)
[0.175s] [31mCMake Error at CMakeLists.txt:15 (add_executable):
[0.175s]   The target name "src/publisher.cpp" is reserved or not valid for certain
[0.175s]   CMake features, such as generator expressions, and may result in undefined
[0.175s]   behavior.
[0.175s] 
[0.175s] [0m
[0.175s] [31mCMake Error at CMakeLists.txt:16 (target_include_directories):
[0.176s]   Cannot specify include directories for target "PUBLIC" which is not built
[0.176s]   by this project.
[0.176s] 
[0.176s] [0m
[0.176s] -- Found ament_lint_auto: 0.17.3 (/opt/ros/jazzy/share/ament_lint_auto/cmake)
[0.235s] -- Added test 'cppcheck' to perform static code analysis on C / C++ code
[0.235s] -- Configured cppcheck include dirs: 
[0.235s] -- Configured cppcheck exclude dirs and/or files: 
[0.235s] -- Added test 'lint_cmake' to check CMake code style
[0.235s] -- Added test 'uncrustify' to check C / C++ code style
[0.236s] -- Configured uncrustify additional arguments: 
[0.236s] -- Added test 'xmllint' to check XML markup files
[0.236s] -- Configuring incomplete, errors occurred!
[0.238s] gmake: *** [Makefile:226: cmake_check_build_system] Error 1
[0.240s] Invoked command in '/home/hein/dev/ros-test/build/custom_publisher' returned '2': CMAKE_PREFIX_PATH=${CMAKE_PREFIX_PATH}:/opt/ros/jazzy DEBUGINFOD_URLS=https://debuginfod.ubuntu.com /usr/bin/cmake --build /home/hein/dev/ros-test/build/custom_publisher -- -j16 -l16
