[0.009s] Invoking command in '/home/hein/dev/ros-test/build/custom_publisher': CMAKE_PREFIX_PATH=${CMAKE_PREFIX_PATH}:/opt/ros/jazzy DEBUGINFOD_URLS=https://debuginfod.ubuntu.com /usr/bin/cmake --build /home/hein/dev/ros-test/build/custom_publisher -- -j16 -l16
[0.042s] -- Found ament_cmake: 2.5.4 (/opt/ros/jazzy/share/ament_cmake/cmake)
[0.193s] -- Found rclcpp: 28.1.13 (/opt/ros/jazzy/share/rclcpp/cmake)
[0.225s] -- Found rosidl_generator_c: 4.6.6 (/opt/ros/jazzy/share/rosidl_generator_c/cmake)
[0.234s] -- Found rosidl_generator_cpp: 4.6.6 (/opt/ros/jazzy/share/rosidl_generator_cpp/cmake)
[0.246s] -- Using all available rosidl_typesupport_c: rosidl_typesupport_fastrtps_c;rosidl_typesupport_introspection_c
[0.259s] -- Using all available rosidl_typesupport_cpp: rosidl_typesupport_fastrtps_cpp;rosidl_typesupport_introspection_cpp
[0.313s] -- Found rmw_implementation_cmake: 7.3.2 (/opt/ros/jazzy/share/rmw_implementation_cmake/cmake)
[0.315s] -- Found rmw_fastrtps_cpp: 8.4.3 (/opt/ros/jazzy/share/rmw_fastrtps_cpp/cmake)
[0.371s] -- Found OpenSSL: /usr/lib/x86_64-linux-gnu/libcrypto.so (found version "3.0.13")  
[0.386s] -- Found FastRTPS: /opt/ros/jazzy/include (Required is at least version "2.13") 
[0.402s] -- Using RMW implementation 'rmw_fastrtps_cpp' as default
[0.455s] -- Found std_msgs: 5.3.6 (/opt/ros/jazzy/share/std_msgs/cmake)
[0.464s] -- Found ament_lint_auto: 0.17.3 (/opt/ros/jazzy/share/ament_lint_auto/cmake)
[0.529s] -- Added test 'cppcheck' to perform static code analysis on C / C++ code
[0.529s] -- Configured cppcheck include dirs: /home/hein/dev/ros-test/packages/custom_publisher/src
[0.529s] -- Configured cppcheck exclude dirs and/or files: 
[0.529s] -- Added test 'lint_cmake' to check CMake code style
[0.529s] -- Added test 'uncrustify' to check C / C++ code style
[0.530s] -- Configured uncrustify additional arguments: 
[0.530s] -- Added test 'xmllint' to check XML markup files
[0.530s] -- Configuring done (0.5s)
[0.534s] -- Generating done (0.0s)
[0.536s] -- Build files have been written to: /home/hein/dev/ros-test/build/custom_publisher
[0.572s] [ 50%] [32m[1mLinking CXX executable custom_publisher_node[0m
[0.632s] /usr/bin/ld: CMakeFiles/custom_publisher_node.dir/src/publisher.cpp.o: warning: relocation against `g_rcutils_logging_initialized' in read-only section `.text._ZN6rclcpp12experimental19IntraProcessManager24do_intra_process_publishIN8std_msgs3msg7String_ISaIvEEES7_S6_St14default_deleteIS7_EEEvmSt10unique_ptrIT_T2_ERNS_9allocator11AllocRebindISB_E14allocator_typeE[_ZN6rclcpp12experimental19IntraProcessManager24do_intra_process_publishIN8std_msgs3msg7String_ISaIvEEES7_S6_St14default_deleteIS7_EEEvmSt10unique_ptrIT_T2_ERNS_9allocator11AllocRebindISB_E14allocator_typeE]'
[0.640s] /usr/bin/ld: CMakeFiles/custom_publisher_node.dir/src/publisher.cpp.o: in function `main':
[0.640s] publisher.cpp:(.text+0xa2): undefined reference to `rcutils_get_default_allocator'
[0.640s] /usr/bin/ld: publisher.cpp:(.text+0xf2): undefined reference to `rclcpp::NodeOptions::NodeOptions(rcutils_allocator_s)'
[0.640s] /usr/bin/ld: publisher.cpp:(.text+0x146): undefined reference to `rclcpp::Node::Node(std::__cxx11::basic_string<char, std::char_traits<char>, std::allocator<char> > const&, rclcpp::NodeOptions const&)'
[0.640s] /usr/bin/ld: publisher.cpp:(.text+0x192): undefined reference to `rclcpp::QoSInitialization::QoSInitialization(rmw_qos_history_policy_e, unsigned long, bool)'
[0.640s] /usr/bin/ld: publisher.cpp:(.text+0x1b2): undefined reference to `rclcpp::QoS::QoS(rclcpp::QoSInitialization const&, rmw_qos_profile_s const&)'
[0.640s] /usr/bin/ld: publisher.cpp:(.text+0x2e3): undefined reference to `rclcpp::Rate::Rate(rclcpp::Duration const&, std::shared_ptr<rclcpp::Clock>)'
[0.640s] /usr/bin/ld: publisher.cpp:(.text+0x3c0): undefined reference to `g_rcutils_logging_initialized'
[0.641s] /usr/bin/ld: publisher.cpp:(.text+0x3de): undefined reference to `rcutils_get_default_allocator'
[0.641s] /usr/bin/ld: publisher.cpp:(.text+0x424): undefined reference to `rcutils_logging_initialize_with_allocator'
[0.641s] /usr/bin/ld: publisher.cpp:(.text+0x46e): undefined reference to `rcutils_get_error_string'
[0.641s] /usr/bin/ld: publisher.cpp:(.text+0x48f): undefined reference to `rcutils_get_error_string'
[0.641s] /usr/bin/ld: publisher.cpp:(.text+0x4d1): undefined reference to `rcutils_reset_error'
[0.641s] /usr/bin/ld: publisher.cpp:(.text+0x51a): undefined reference to `rclcpp::get_logger(std::__cxx11::basic_string<char, std::char_traits<char>, std::allocator<char> > const&)'
[0.641s] /usr/bin/ld: publisher.cpp:(.text+0x536): undefined reference to `rcutils_logging_logger_is_enabled_for'
[0.641s] /usr/bin/ld: publisher.cpp:(.text+0x5c9): undefined reference to `rclcpp::get_logger(std::__cxx11::basic_string<char, std::char_traits<char>, std::allocator<char> > const&)'
[0.641s] /usr/bin/ld: publisher.cpp:(.text+0x601): undefined reference to `rcutils_log_internal'
[0.641s] /usr/bin/ld: publisher.cpp:(.text+0x669): undefined reference to `rclcpp::Rate::sleep()'
[0.642s] /usr/bin/ld: publisher.cpp:(.text+0x6aa): undefined reference to `rclcpp::ok(std::shared_ptr<rclcpp::Context>)'
[0.642s] /usr/bin/ld: publisher.cpp:(.text+0x6f0): undefined reference to `rclcpp::Node::~Node()'
[0.642s] /usr/bin/ld: publisher.cpp:(.text+0x900): undefined reference to `rclcpp::Node::~Node()'
[0.642s] /usr/bin/ld: CMakeFiles/custom_publisher_node.dir/src/publisher.cpp.o: in function `rclcpp::ParameterTypeException::ParameterTypeException(rclcpp::ParameterType, rclcpp::ParameterType)':
[0.642s] publisher.cpp:(.text._ZN6rclcpp22ParameterTypeExceptionC2ENS_13ParameterTypeES1_[_ZN6rclcpp22ParameterTypeExceptionC5ENS_13ParameterTypeES1_]+0x50): undefined reference to `rclcpp::to_string[abi:cxx11](rclcpp::ParameterType)'
[0.642s] /usr/bin/ld: publisher.cpp:(.text._ZN6rclcpp22ParameterTypeExceptionC2ENS_13ParameterTypeES1_[_ZN6rclcpp22ParameterTypeExceptionC5ENS_13ParameterTypeES1_]+0x65): undefined reference to `rclcpp::to_string[abi:cxx11](rclcpp::ParameterType)'
[0.642s] /usr/bin/ld: CMakeFiles/custom_publisher_node.dir/src/publisher.cpp.o: in function `rclcpp::detail::declare_parameter_or_get(rclcpp::node_interfaces::NodeParametersInterface&, std::__cxx11::basic_string<char, std::char_traits<char>, std::allocator<char> > const&, rclcpp::ParameterValue, rcl_interfaces::msg::ParameterDescriptor_<std::allocator<void> >)':
[0.642s] publisher.cpp:(.text._ZN6rclcpp6detail24declare_parameter_or_getERNS_15node_interfaces23NodeParametersInterfaceERKNSt7__cxx1112basic_stringIcSt11char_traitsIcESaIcEEENS_14ParameterValueEN14rcl_interfaces3msg20ParameterDescriptor_ISaIvEEE[_ZN6rclcpp6detail24declare_parameter_or_getERNS_15node_interfaces23NodeParametersInterfaceERKNSt7__cxx1112basic_stringIcSt11char_traitsIcESaIcEEENS_14ParameterValueEN14rcl_interfaces3msg20ParameterDescriptor_ISaIvEEE]+0x104): undefined reference to `rclcpp::Parameter::get_parameter_value() const'
[0.642s] /usr/bin/ld: CMakeFiles/custom_publisher_node.dir/src/publisher.cpp.o: in function `rclcpp::detail::apply_qos_override(rclcpp::QosPolicyKind, rclcpp::ParameterValue, rclcpp::QoS&)':
[0.643s] publisher.cpp:(.text._ZN6rclcpp6detail18apply_qos_overrideENS_13QosPolicyKindENS_14ParameterValueERNS_3QoSE[_ZN6rclcpp6detail18apply_qos_overrideENS_13QosPolicyKindENS_14ParameterValueERNS_3QoSE]+0x113): undefined reference to `rclcpp::QoS::avoid_ros_namespace_conventions(bool)'
[0.643s] /usr/bin/ld: publisher.cpp:(.text._ZN6rclcpp6detail18apply_qos_overrideENS_13QosPolicyKindENS_14ParameterValueERNS_3QoSE[_ZN6rclcpp6detail18apply_qos_overrideENS_13QosPolicyKindENS_14ParameterValueERNS_3QoSE]+0x139): undefined reference to `rclcpp::Duration::from_nanoseconds(long)'
[0.643s] /usr/bin/ld: publisher.cpp:(.text._ZN6rclcpp6detail18apply_qos_overrideENS_13QosPolicyKindENS_14ParameterValueERNS_3QoSE[_ZN6rclcpp6detail18apply_qos_overrideENS_13QosPolicyKindENS_14ParameterValueERNS_3QoSE]+0x14f): undefined reference to `rclcpp::QoS::deadline(rclcpp::Duration const&)'
[0.643s] /usr/bin/ld: publisher.cpp:(.text._ZN6rclcpp6detail18apply_qos_overrideENS_13QosPolicyKindENS_14ParameterValueERNS_3QoSE[_ZN6rclcpp6detail18apply_qos_overrideENS_13QosPolicyKindENS_14ParameterValueERNS_3QoSE]+0x195): undefined reference to `rmw_qos_durability_policy_from_str'
[0.643s] /usr/bin/ld: publisher.cpp:(.text._ZN6rclcpp6detail18apply_qos_overrideENS_13QosPolicyKindENS_14ParameterValueERNS_3QoSE[_ZN6rclcpp6detail18apply_qos_overrideENS_13QosPolicyKindENS_14ParameterValueERNS_3QoSE]+0x224): undefined reference to `rclcpp::QoS::durability(rmw_qos_durability_policy_e)'
[0.643s] /usr/bin/ld: publisher.cpp:(.text._ZN6rclcpp6detail18apply_qos_overrideENS_13QosPolicyKindENS_14ParameterValueERNS_3QoSE[_ZN6rclcpp6detail18apply_qos_overrideENS_13QosPolicyKindENS_14ParameterValueERNS_3QoSE]+0x26a): undefined reference to `rmw_qos_history_policy_from_str'
[0.643s] /usr/bin/ld: publisher.cpp:(.text._ZN6rclcpp6detail18apply_qos_overrideENS_13QosPolicyKindENS_14ParameterValueERNS_3QoSE[_ZN6rclcpp6detail18apply_qos_overrideENS_13QosPolicyKindENS_14ParameterValueERNS_3QoSE]+0x2f9): undefined reference to `rclcpp::QoS::history(rmw_qos_history_policy_e)'
[0.643s] /usr/bin/ld: publisher.cpp:(.text._ZN6rclcpp6detail18apply_qos_overrideENS_13QosPolicyKindENS_14ParameterValueERNS_3QoSE[_ZN6rclcpp6detail18apply_qos_overrideENS_13QosPolicyKindENS_14ParameterValueERNS_3QoSE]+0x32e): undefined reference to `rclcpp::QoS::get_rmw_qos_profile()'
[0.643s] /usr/bin/ld: publisher.cpp:(.text._ZN6rclcpp6detail18apply_qos_overrideENS_13QosPolicyKindENS_14ParameterValueERNS_3QoSE[_ZN6rclcpp6detail18apply_qos_overrideENS_13QosPolicyKindENS_14ParameterValueERNS_3QoSE]+0x358): undefined reference to `rclcpp::Duration::from_nanoseconds(long)'
[0.643s] /usr/bin/ld: publisher.cpp:(.text._ZN6rclcpp6detail18apply_qos_overrideENS_13QosPolicyKindENS_14ParameterValueERNS_3QoSE[_ZN6rclcpp6detail18apply_qos_overrideENS_13QosPolicyKindENS_14ParameterValueERNS_3QoSE]+0x36e): undefined reference to `rclcpp::QoS::lifespan(rclcpp::Duration const&)'
[0.644s] /usr/bin/ld: publisher.cpp:(.text._ZN6rclcpp6detail18apply_qos_overrideENS_13QosPolicyKindENS_14ParameterValueERNS_3QoSE[_ZN6rclcpp6detail18apply_qos_overrideENS_13QosPolicyKindENS_14ParameterValueERNS_3QoSE]+0x3b4): undefined reference to `rmw_qos_liveliness_policy_from_str'
[0.644s] /usr/bin/ld: publisher.cpp:(.text._ZN6rclcpp6detail18apply_qos_overrideENS_13QosPolicyKindENS_14ParameterValueERNS_3QoSE[_ZN6rclcpp6detail18apply_qos_overrideENS_13QosPolicyKindENS_14ParameterValueERNS_3QoSE]+0x443): undefined reference to `rclcpp::QoS::liveliness(rmw_qos_liveliness_policy_e)'
[0.644s] /usr/bin/ld: publisher.cpp:(.text._ZN6rclcpp6detail18apply_qos_overrideENS_13QosPolicyKindENS_14ParameterValueERNS_3QoSE[_ZN6rclcpp6detail18apply_qos_overrideENS_13QosPolicyKindENS_14ParameterValueERNS_3QoSE]+0x475): undefined reference to `rclcpp::Duration::from_nanoseconds(long)'
[0.644s] /usr/bin/ld: publisher.cpp:(.text._ZN6rclcpp6detail18apply_qos_overrideENS_13QosPolicyKindENS_14ParameterValueERNS_3QoSE[_ZN6rclcpp6detail18apply_qos_overrideENS_13QosPolicyKindENS_14ParameterValueERNS_3QoSE]+0x48b): undefined reference to `rclcpp::QoS::liveliness_lease_duration(rclcpp::Duration const&)'
[0.644s] /usr/bin/ld: publisher.cpp:(.text._ZN6rclcpp6detail18apply_qos_overrideENS_13QosPolicyKindENS_14ParameterValueERNS_3QoSE[_ZN6rclcpp6detail18apply_qos_overrideENS_13QosPolicyKindENS_14ParameterValueERNS_3QoSE]+0x4d1): undefined reference to `rmw_qos_reliability_policy_from_str'
[0.644s] /usr/bin/ld: publisher.cpp:(.text._ZN6rclcpp6detail18apply_qos_overrideENS_13QosPolicyKindENS_14ParameterValueERNS_3QoSE[_ZN6rclcpp6detail18apply_qos_overrideENS_13QosPolicyKindENS_14ParameterValueERNS_3QoSE]+0x560): undefined reference to `rclcpp::QoS::reliability(rmw_qos_reliability_policy_e)'
[0.644s] /usr/bin/ld: CMakeFiles/custom_publisher_node.dir/src/publisher.cpp.o: in function `rclcpp::detail::rmw_duration_to_int64_t(rmw_time_s)':
[0.644s] publisher.cpp:(.text._ZN6rclcpp6detail23rmw_duration_to_int64_tE10rmw_time_s[_ZN6rclcpp6detail23rmw_duration_to_int64_tE10rmw_time_s]+0x43): undefined reference to `rclcpp::Duration::Duration(int, unsigned int)'
[0.644s] /usr/bin/ld: publisher.cpp:(.text._ZN6rclcpp6detail23rmw_duration_to_int64_tE10rmw_time_s[_ZN6rclcpp6detail23rmw_duration_to_int64_tE10rmw_time_s]+0x4f): undefined reference to `rclcpp::Duration::nanoseconds() const'
[0.644s] /usr/bin/ld: CMakeFiles/custom_publisher_node.dir/src/publisher.cpp.o: in function `rclcpp::detail::check_if_stringified_policy_is_null(char const*, rclcpp::QosPolicyKind)':
[0.644s] publisher.cpp:(.text._ZN6rclcpp6detail35check_if_stringified_policy_is_nullEPKcNS_13QosPolicyKindE[_ZN6rclcpp6detail35check_if_stringified_policy_is_nullEPKcNS_13QosPolicyKindE]+0xbe): undefined reference to `rclcpp::operator<<(std::ostream&, rclcpp::QosPolicyKind const&)'
[0.644s] /usr/bin/ld: CMakeFiles/custom_publisher_node.dir/src/publisher.cpp.o: in function `rclcpp::detail::get_default_qos_param_value(rclcpp::QosPolicyKind, rclcpp::QoS const&)':
[0.644s] publisher.cpp:(.text._ZN6rclcpp6detail27get_default_qos_param_valueENS_13QosPolicyKindERKNS_3QoSE[_ZN6rclcpp6detail27get_default_qos_param_valueENS_13QosPolicyKindERKNS_3QoSE]+0x22): undefined reference to `rclcpp::QoS::get_rmw_qos_profile() const'
[0.644s] /usr/bin/ld: publisher.cpp:(.text._ZN6rclcpp6detail27get_default_qos_param_valueENS_13QosPolicyKindERKNS_3QoSE[_ZN6rclcpp6detail27get_default_qos_param_valueENS_13QosPolicyKindERKNS_3QoSE]+0xda): undefined reference to `rclcpp::ParameterValue::ParameterValue(bool)'
[0.644s] /usr/bin/ld: publisher.cpp:(.text._ZN6rclcpp6detail27get_default_qos_param_valueENS_13QosPolicyKindERKNS_3QoSE[_ZN6rclcpp6detail27get_default_qos_param_valueENS_13QosPolicyKindERKNS_3QoSE]+0x108): undefined reference to `rclcpp::ParameterValue::ParameterValue(long)'
[0.644s] /usr/bin/ld: publisher.cpp:(.text._ZN6rclcpp6detail27get_default_qos_param_valueENS_13QosPolicyKindERKNS_3QoSE[_ZN6rclcpp6detail27get_default_qos_param_valueENS_13QosPolicyKindERKNS_3QoSE]+0x11b): undefined reference to `rmw_qos_durability_policy_to_str'
[0.644s] /usr/bin/ld: publisher.cpp:(.text._ZN6rclcpp6detail27get_default_qos_param_valueENS_13QosPolicyKindERKNS_3QoSE[_ZN6rclcpp6detail27get_default_qos_param_valueENS_13QosPolicyKindERKNS_3QoSE]+0x13d): undefined reference to `rclcpp::ParameterValue::ParameterValue(char const*)'
[0.644s] /usr/bin/ld: publisher.cpp:(.text._ZN6rclcpp6detail27get_default_qos_param_valueENS_13QosPolicyKindERKNS_3QoSE[_ZN6rclcpp6detail27get_default_qos_param_valueENS_13QosPolicyKindERKNS_3QoSE]+0x14f): undefined reference to `rmw_qos_history_policy_to_str'
[0.644s] /usr/bin/ld: publisher.cpp:(.text._ZN6rclcpp6detail27get_default_qos_param_valueENS_13QosPolicyKindERKNS_3QoSE[_ZN6rclcpp6detail27get_default_qos_param_valueENS_13QosPolicyKindERKNS_3QoSE]+0x171): undefined reference to `rclcpp::ParameterValue::ParameterValue(char const*)'
[0.644s] /usr/bin/ld: publisher.cpp:(.text._ZN6rclcpp6detail27get_default_qos_param_valueENS_13QosPolicyKindERKNS_3QoSE[_ZN6rclcpp6detail27get_default_qos_param_valueENS_13QosPolicyKindERKNS_3QoSE]+0x190): undefined reference to `rclcpp::ParameterValue::ParameterValue(long)'
[0.644s] /usr/bin/ld: publisher.cpp:(.text._ZN6rclcpp6detail27get_default_qos_param_valueENS_13QosPolicyKindERKNS_3QoSE[_ZN6rclcpp6detail27get_default_qos_param_valueENS_13QosPolicyKindERKNS_3QoSE]+0x1be): undefined reference to `rclcpp::ParameterValue::ParameterValue(long)'
[0.644s] /usr/bin/ld: publisher.cpp:(.text._ZN6rclcpp6detail27get_default_qos_param_valueENS_13QosPolicyKindERKNS_3QoSE[_ZN6rclcpp6detail27get_default_qos_param_valueENS_13QosPolicyKindERKNS_3QoSE]+0x1d1): undefined reference to `rmw_qos_liveliness_policy_to_str'
[0.644s] /usr/bin/ld: publisher.cpp:(.text._ZN6rclcpp6detail27get_default_qos_param_valueENS_13QosPolicyKindERKNS_3QoSE[_ZN6rclcpp6detail27get_default_qos_param_valueENS_13QosPolicyKindERKNS_3QoSE]+0x1f3): undefined reference to `rclcpp::ParameterValue::ParameterValue(char const*)'
[0.644s] /usr/bin/ld: publisher.cpp:(.text._ZN6rclcpp6detail27get_default_qos_param_valueENS_13QosPolicyKindERKNS_3QoSE[_ZN6rclcpp6detail27get_default_qos_param_valueENS_13QosPolicyKindERKNS_3QoSE]+0x221): undefined reference to `rclcpp::ParameterValue::ParameterValue(long)'
[0.644s] /usr/bin/ld: publisher.cpp:(.text._ZN6rclcpp6detail27get_default_qos_param_valueENS_13QosPolicyKindERKNS_3QoSE[_ZN6rclcpp6detail27get_default_qos_param_valueENS_13QosPolicyKindERKNS_3QoSE]+0x234): undefined reference to `rmw_qos_reliability_policy_to_str'
[0.644s] /usr/bin/ld: publisher.cpp:(.text._ZN6rclcpp6detail27get_default_qos_param_valueENS_13QosPolicyKindERKNS_3QoSE[_ZN6rclcpp6detail27get_default_qos_param_valueENS_13QosPolicyKindERKNS_3QoSE]+0x256): undefined reference to `rclcpp::ParameterValue::ParameterValue(char const*)'
[0.645s] /usr/bin/ld: CMakeFiles/custom_publisher_node.dir/src/publisher.cpp.o: in function `rclcpp::Rate::~Rate()':
[0.645s] publisher.cpp:(.text._ZN6rclcpp4RateD2Ev[_ZN6rclcpp4RateD5Ev]+0x13): undefined reference to `vtable for rclcpp::Rate'
[0.645s] /usr/bin/ld: publisher.cpp:(.text._ZN6rclcpp4RateD2Ev[_ZN6rclcpp4RateD5Ev]+0x2a): undefined reference to `rclcpp::Time::~Time()'
[0.645s] /usr/bin/ld: CMakeFiles/custom_publisher_node.dir/src/publisher.cpp.o: in function `std::shared_ptr<rclcpp::Publisher<std_msgs::msg::String_<std::allocator<void> >, std::allocator<void> > > rclcpp::Node::create_publisher<std_msgs::msg::String_<std::allocator<void> >, std::allocator<void>, rclcpp::Publisher<std_msgs::msg::String_<std::allocator<void> >, std::allocator<void> > >(std::__cxx11::basic_string<char, std::char_traits<char>, std::allocator<char> > const&, rclcpp::QoS const&, rclcpp::PublisherOptionsWithAllocator<std::allocator<void> > const&)':
[0.645s] publisher.cpp:(.text._ZN6rclcpp4Node16create_publisherIN8std_msgs3msg7String_ISaIvEEES5_NS_9PublisherIS6_S5_EEEESt10shared_ptrIT1_ERKNSt7__cxx1112basic_stringIcSt11char_traitsIcESaIcEEERKNS_3QoSERKNS_29PublisherOptionsWithAllocatorIT0_EE[_ZN6rclcpp4Node16create_publisherIN8std_msgs3msg7String_ISaIvEEES5_NS_9PublisherIS6_S5_EEEESt10shared_ptrIT1_ERKNSt7__cxx1112basic_stringIcSt11char_traitsIcESaIcEEERKNS_3QoSERKNS_29PublisherOptionsWithAllocatorIT0_EE]+0x38): undefined reference to `rclcpp::Node::get_sub_namespace[abi:cxx11]() const'
[0.645s] /usr/bin/ld: CMakeFiles/custom_publisher_node.dir/src/publisher.cpp.o: in function `rclcpp::Duration::Duration<long, std::ratio<1l, 1000000000l> >(std::chrono::duration<long, std::ratio<1l, 1000000000l> > const&)':
[0.645s] publisher.cpp:(.text._ZN6rclcpp8DurationC2IlSt5ratioILl1ELl1000000000EEEERKNSt6chrono8durationIT_T0_EE[_ZN6rclcpp8DurationC5IlSt5ratioILl1ELl1000000000EEEERKNSt6chrono8durationIT_T0_EE]+0x2e): undefined reference to `rclcpp::Duration::Duration(std::chrono::duration<long, std::ratio<1l, 1000000000l> >)'
[0.645s] /usr/bin/ld: CMakeFiles/custom_publisher_node.dir/src/publisher.cpp.o: in function `std::enable_if<((rclcpp::ParameterType)1)==((rclcpp::ParameterType)1), bool const&>::type rclcpp::ParameterValue::get<(rclcpp::ParameterType)1>() const':
[0.645s] publisher.cpp:(.text._ZNK6rclcpp14ParameterValue3getILNS_13ParameterTypeE1EEENSt9enable_ifIXeqT_LS2_1EERKbE4typeEv[_ZNK6rclcpp14ParameterValue3getILNS_13ParameterTypeE1EEENSt9enable_ifIXeqT_LS2_1EERKbE4typeEv]+0x33): undefined reference to `rclcpp::ParameterValue::get_type() const'
[0.645s] /usr/bin/ld: CMakeFiles/custom_publisher_node.dir/src/publisher.cpp.o: in function `std::enable_if<((rclcpp::ParameterType)2)==((rclcpp::ParameterType)2), long const&>::type rclcpp::ParameterValue::get<(rclcpp::ParameterType)2>() const':
[0.645s] publisher.cpp:(.text._ZNK6rclcpp14ParameterValue3getILNS_13ParameterTypeE2EEENSt9enable_ifIXeqT_LS2_2EERKlE4typeEv[_ZNK6rclcpp14ParameterValue3getILNS_13ParameterTypeE2EEENSt9enable_ifIXeqT_LS2_2EERKlE4typeEv]+0x33): undefined reference to `rclcpp::ParameterValue::get_type() const'
[0.645s] /usr/bin/ld: CMakeFiles/custom_publisher_node.dir/src/publisher.cpp.o: in function `std::enable_if<((rclcpp::ParameterType)4)==((rclcpp::ParameterType)4), std::__cxx11::basic_string<char, std::char_traits<char>, std::allocator<char> > const&>::type rclcpp::ParameterValue::get<(rclcpp::ParameterType)4>() const':
[0.645s] publisher.cpp:(.text._ZNK6rclcpp14ParameterValue3getILNS_13ParameterTypeE4EEENSt9enable_ifIXeqT_LS2_4EERKNSt7__cxx1112basic_stringIcSt11char_traitsIcESaIcEEEE4typeEv[_ZNK6rclcpp14ParameterValue3getILNS_13ParameterTypeE4EEENSt9enable_ifIXeqT_LS2_4EERKNSt7__cxx1112basic_stringIcSt11char_traitsIcESaIcEEEE4typeEv]+0x33): undefined reference to `rclcpp::ParameterValue::get_type() const'
[0.645s] /usr/bin/ld: CMakeFiles/custom_publisher_node.dir/src/publisher.cpp.o: in function `rclcpp::Publisher<std_msgs::msg::String_<std::allocator<void> >, std::allocator<void> >::do_inter_process_publish(std_msgs::msg::String_<std::allocator<void> > const&)':
[0.645s] publisher.cpp:(.text._ZN6rclcpp9PublisherIN8std_msgs3msg7String_ISaIvEEES4_E24do_inter_process_publishERKS5_[_ZN6rclcpp9PublisherIN8std_msgs3msg7String_ISaIvEEES4_E24do_inter_process_publishERKS5_]+0x31): undefined reference to `ros_trace_rclcpp_publish'
[0.645s] /usr/bin/ld: publisher.cpp:(.text._ZN6rclcpp9PublisherIN8std_msgs3msg7String_ISaIvEEES4_E24do_inter_process_publishERKS5_[_ZN6rclcpp9PublisherIN8std_msgs3msg7String_ISaIvEEES4_E24do_inter_process_publishERKS5_]+0x58): undefined reference to `rcl_publish'
[0.645s] /usr/bin/ld: publisher.cpp:(.text._ZN6rclcpp9PublisherIN8std_msgs3msg7String_ISaIvEEES4_E24do_inter_process_publishERKS5_[_ZN6rclcpp9PublisherIN8std_msgs3msg7String_ISaIvEEES4_E24do_inter_process_publishERKS5_]+0x69): undefined reference to `rcutils_reset_error'
[0.645s] /usr/bin/ld: publisher.cpp:(.text._ZN6rclcpp9PublisherIN8std_msgs3msg7String_ISaIvEEES4_E24do_inter_process_publishERKS5_[_ZN6rclcpp9PublisherIN8std_msgs3msg7String_ISaIvEEES4_E24do_inter_process_publishERKS5_]+0x81): undefined reference to `rcl_publisher_is_valid_except_context'
[0.645s] /usr/bin/ld: publisher.cpp:(.text._ZN6rclcpp9PublisherIN8std_msgs3msg7String_ISaIvEEES4_E24do_inter_process_publishERKS5_[_ZN6rclcpp9PublisherIN8std_msgs3msg7String_ISaIvEEES4_E24do_inter_process_publishERKS5_]+0x9d): undefined reference to `rcl_publisher_get_context'
[0.645s] /usr/bin/ld: publisher.cpp:(.text._ZN6rclcpp9PublisherIN8std_msgs3msg7String_ISaIvEEES4_E24do_inter_process_publishERKS5_[_ZN6rclcpp9PublisherIN8std_msgs3msg7String_ISaIvEEES4_E24do_inter_process_publishERKS5_]+0xb4): undefined reference to `rcl_context_is_valid'
[0.645s] /usr/bin/ld: publisher.cpp:(.text._ZN6rclcpp9PublisherIN8std_msgs3msg7String_ISaIvEEES4_E24do_inter_process_publishERKS5_[_ZN6rclcpp9PublisherIN8std_msgs3msg7String_ISaIvEEES4_E24do_inter_process_publishERKS5_]+0x11f): undefined reference to `rcutils_reset_error'
[0.645s] /usr/bin/ld: publisher.cpp:(.text._ZN6rclcpp9PublisherIN8std_msgs3msg7String_ISaIvEEES4_E24do_inter_process_publishERKS5_[_ZN6rclcpp9PublisherIN8std_msgs3msg7String_ISaIvEEES4_E24do_inter_process_publishERKS5_]+0x12e): undefined reference to `rclcpp::exceptions::throw_from_rcl_error(int, std::__cxx11::basic_string<char, std::char_traits<char>, std::allocator<char> > const&, rcutils_error_state_s const*, void (*)())'
[0.645s] /usr/bin/ld: CMakeFiles/custom_publisher_node.dir/src/publisher.cpp.o: in function `std::enable_if<rosidl_generator_traits::is_message<std_msgs::msg::String_<std::allocator<void> > >::value&&std::is_same<std_msgs::msg::String_<std::allocator<void> >, std_msgs::msg::String_<std::allocator<void> > >::value, void>::type rclcpp::Publisher<std_msgs::msg::String_<std::allocator<void> >, std::allocator<void> >::publish<std_msgs::msg::String_<std::allocator<void> > >(std::unique_ptr<std_msgs::msg::String_<std::allocator<void> >, std::default_delete<std_msgs::msg::String_<std::allocator<void> > > >)':
[0.645s] publisher.cpp:(.text._ZN6rclcpp9PublisherIN8std_msgs3msg7String_ISaIvEEES4_E7publishIS5_EENSt9enable_ifIXaasrN23rosidl_generator_traits10is_messageIT_EE5valuesrSt7is_sameISB_S5_E5valueEvE4typeESt10unique_ptrISB_St14default_deleteIS5_EE[_ZN6rclcpp9PublisherIN8std_msgs3msg7String_ISaIvEEES4_E7publishIS5_EENSt9enable_ifIXaasrN23rosidl_generator_traits10is_messageIT_EE5valuesrSt7is_sameISB_S5_E5valueEvE4typeESt10unique_ptrISB_St14default_deleteIS5_EE]+0x60): undefined reference to `rclcpp::PublisherBase::get_subscription_count() const'
[0.645s] /usr/bin/ld: publisher.cpp:(.text._ZN6rclcpp9PublisherIN8std_msgs3msg7String_ISaIvEEES4_E7publishIS5_EENSt9enable_ifIXaasrN23rosidl_generator_traits10is_messageIT_EE5valuesrSt7is_sameISB_S5_E5valueEvE4typeESt10unique_ptrISB_St14default_deleteIS5_EE[_ZN6rclcpp9PublisherIN8std_msgs3msg7String_ISaIvEEES4_E7publishIS5_EENSt9enable_ifIXaasrN23rosidl_generator_traits10is_messageIT_EE5valuesrSt7is_sameISB_S5_E5valueEvE4typeESt10unique_ptrISB_St14default_deleteIS5_EE]+0x6f): undefined reference to `rclcpp::PublisherBase::get_intra_process_subscription_count() const'
[0.645s] /usr/bin/ld: CMakeFiles/custom_publisher_node.dir/src/publisher.cpp.o: in function `std::shared_ptr<rclcpp::Publisher<std_msgs::msg::String_<std::allocator<void> >, std::allocator<void> > > rclcpp::detail::create_publisher<std_msgs::msg::String_<std::allocator<void> >, std::allocator<void>, rclcpp::Publisher<std_msgs::msg::String_<std::allocator<void> >, std::allocator<void> >, rclcpp::Node, rclcpp::Node>(rclcpp::Node&, rclcpp::Node&, std::__cxx11::basic_string<char, std::char_traits<char>, std::allocator<char> > const&, rclcpp::QoS const&, rclcpp::PublisherOptionsWithAllocator<std::allocator<void> > const&)':
[0.646s] publisher.cpp:(.text._ZN6rclcpp6detail16create_publisherIN8std_msgs3msg7String_ISaIvEEES5_NS_9PublisherIS6_S5_EENS_4NodeES9_EESt10shared_ptrIT1_ERT2_RT3_RKNSt7__cxx1112basic_stringIcSt11char_traitsIcESaIcEEERKNS_3QoSERKNS_29PublisherOptionsWithAllocatorIT0_EE[_ZN6rclcpp6detail16create_publisherIN8std_msgs3msg7String_ISaIvEEES5_NS_9PublisherIS6_S5_EENS_4NodeES9_EESt10shared_ptrIT1_ERT2_RT3_RKNSt7__cxx1112basic_stringIcSt11char_traitsIcESaIcEEERKNS_3QoSERKNS_29PublisherOptionsWithAllocatorIT0_EE]+0x75): undefined reference to `rclcpp::QosOverridingOptions::get_policy_kinds() const'
[0.646s] /usr/bin/ld: CMakeFiles/custom_publisher_node.dir/src/publisher.cpp.o: in function `rclcpp::Publisher<std_msgs::msg::String_<std::allocator<void> >, std::allocator<void> >::do_intra_process_ros_message_publish_and_return_shared(std::unique_ptr<std_msgs::msg::String_<std::allocator<void> >, std::default_delete<std_msgs::msg::String_<std::allocator<void> > > >)':
[0.646s] publisher.cpp:(.text._ZN6rclcpp9PublisherIN8std_msgs3msg7String_ISaIvEEES4_E54do_intra_process_ros_message_publish_and_return_sharedESt10unique_ptrIS5_St14default_deleteIS5_EE[_ZN6rclcpp9PublisherIN8std_msgs3msg7String_ISaIvEEES4_E54do_intra_process_ros_message_publish_and_return_sharedESt10unique_ptrIS5_St14default_deleteIS5_EE]+0x12b): undefined reference to `ros_trace_rclcpp_intra_publish'
[0.646s] /usr/bin/ld: CMakeFiles/custom_publisher_node.dir/src/publisher.cpp.o: in function `rclcpp::Publisher<std_msgs::msg::String_<std::allocator<void> >, std::allocator<void> >::do_intra_process_ros_message_publish(std::unique_ptr<std_msgs::msg::String_<std::allocator<void> >, std::default_delete<std_msgs::msg::String_<std::allocator<void> > > >)':
[0.646s] publisher.cpp:(.text._ZN6rclcpp9PublisherIN8std_msgs3msg7String_ISaIvEEES4_E36do_intra_process_ros_message_publishESt10unique_ptrIS5_St14default_deleteIS5_EE[_ZN6rclcpp9PublisherIN8std_msgs3msg7String_ISaIvEEES4_E36do_intra_process_ros_message_publishESt10unique_ptrIS5_St14default_deleteIS5_EE]+0x127): undefined reference to `ros_trace_rclcpp_intra_publish'
[0.646s] /usr/bin/ld: CMakeFiles/custom_publisher_node.dir/src/publisher.cpp.o: in function `std::enable_if<rclcpp::node_interfaces::has_node_parameters_interface<decltype ((declval<rcpputils::remove_pointer<rclcpp::Node>::type>)()), void>::value||std::is_same<std::decay<rclcpp::Node>::type, std::shared_ptr<rclcpp::node_interfaces::NodeParametersInterface> >::value, rclcpp::QoS>::type rclcpp::detail::declare_qos_parameters<rclcpp::Node, rclcpp::detail::PublisherQosParametersTraits>(rclcpp::QosOverridingOptions const&, rclcpp::Node&, std::__cxx11::basic_string<char, std::char_traits<char>, std::allocator<char> > const&, rclcpp::QoS const&, rclcpp::detail::PublisherQosParametersTraits)':
[0.646s] publisher.cpp:(.text._ZN6rclcpp6detail22declare_qos_parametersINS_4NodeENS0_28PublisherQosParametersTraitsEEENSt9enable_ifIXoosrNS_15node_interfaces29has_node_parameters_interfaceIDTcl7declvalIN9rcpputils14remove_pointerIT_E4typeEEEEvEE5valuesrSt7is_sameINSt5decayIS9_E4typeESt10shared_ptrINS5_23NodeParametersInterfaceEEE5valueENS_3QoSEE4typeERKNS_20QosOverridingOptionsERS9_RKNSt7__cxx1112basic_stringIcSt11char_traitsIcESaIcEEERKSM_T0_[_ZN6rclcpp6detail22declare_qos_parametersINS_4NodeENS0_28PublisherQosParametersTraitsEEENSt9enable_ifIXoosrNS_15node_interfaces29has_node_parameters_interfaceIDTcl7declvalIN9rcpputils14remove_pointerIT_E4typeEEEEvEE5valuesrSt7is_sameINSt5decayIS9_E4typeESt10shared_ptrINS5_23NodeParametersInterfaceEEE5valueENS_3QoSEE4typeERKNS_20QosOverridingOptionsERS9_RKNSt7__cxx1112basic_stringIcSt11char_traitsIcESaIcEEERKSM_T0_]+0x9c): undefined reference to `rclcpp::QosOverridingOptions::get_id[abi:cxx11]() const'
[0.646s] /usr/bin/ld: publisher.cpp:(.text._ZN6rclcpp6detail22declare_qos_parametersINS_4NodeENS0_28PublisherQosParametersTraitsEEENSt9enable_ifIXoosrNS_15node_interfaces29has_node_parameters_interfaceIDTcl7declvalIN9rcpputils14remove_pointerIT_E4typeEEEEvEE5valuesrSt7is_sameINSt5decayIS9_E4typeESt10shared_ptrINS5_23NodeParametersInterfaceEEE5valueENS_3QoSEE4typeERKNS_20QosOverridingOptionsERS9_RKNSt7__cxx1112basic_stringIcSt11char_traitsIcESaIcEEERKSM_T0_[_ZN6rclcpp6detail22declare_qos_parametersINS_4NodeENS0_28PublisherQosParametersTraitsEEENSt9enable_ifIXoosrNS_15node_interfaces29has_node_parameters_interfaceIDTcl7declvalIN9rcpputils14remove_pointerIT_E4typeEEEEvEE5valuesrSt7is_sameINSt5decayIS9_E4typeESt10shared_ptrINS5_23NodeParametersInterfaceEEE5valueENS_3QoSEE4typeERKNS_20QosOverridingOptionsERS9_RKNSt7__cxx1112basic_stringIcSt11char_traitsIcESaIcEEERKSM_T0_]+0x497): undefined reference to `rclcpp::QosOverridingOptions::get_policy_kinds() const'
[0.646s] /usr/bin/ld: publisher.cpp:(.text._ZN6rclcpp6detail22declare_qos_parametersINS_4NodeENS0_28PublisherQosParametersTraitsEEENSt9enable_ifIXoosrNS_15node_interfaces29has_node_parameters_interfaceIDTcl7declvalIN9rcpputils14remove_pointerIT_E4typeEEEEvEE5valuesrSt7is_sameINSt5decayIS9_E4typeESt10shared_ptrINS5_23NodeParametersInterfaceEEE5valueENS_3QoSEE4typeERKNS_20QosOverridingOptionsERS9_RKNSt7__cxx1112basic_stringIcSt11char_traitsIcESaIcEEERKSM_T0_[_ZN6rclcpp6detail22declare_qos_parametersINS_4NodeENS0_28PublisherQosParametersTraitsEEENSt9enable_ifIXoosrNS_15node_interfaces29has_node_parameters_interfaceIDTcl7declvalIN9rcpputils14remove_pointerIT_E4typeEEEEvEE5valuesrSt7is_sameINSt5decayIS9_E4typeESt10shared_ptrINS5_23NodeParametersInterfaceEEE5valueENS_3QoSEE4typeERKNS_20QosOverridingOptionsERS9_RKNSt7__cxx1112basic_stringIcSt11char_traitsIcESaIcEEERKSM_T0_]+0x4b1): undefined reference to `rclcpp::QosOverridingOptions::get_policy_kinds() const'
[0.646s] /usr/bin/ld: publisher.cpp:(.text._ZN6rclcpp6detail22declare_qos_parametersINS_4NodeENS0_28PublisherQosParametersTraitsEEENSt9enable_ifIXoosrNS_15node_interfaces29has_node_parameters_interfaceIDTcl7declvalIN9rcpputils14remove_pointerIT_E4typeEEEEvEE5valuesrSt7is_sameINSt5decayIS9_E4typeESt10shared_ptrINS5_23NodeParametersInterfaceEEE5valueENS_3QoSEE4typeERKNS_20QosOverridingOptionsERS9_RKNSt7__cxx1112basic_stringIcSt11char_traitsIcESaIcEEERKSM_T0_[_ZN6rclcpp6detail22declare_qos_parametersINS_4NodeENS0_28PublisherQosParametersTraitsEEENSt9enable_ifIXoosrNS_15node_interfaces29has_node_parameters_interfaceIDTcl7declvalIN9rcpputils14remove_pointerIT_E4typeEEEEvEE5valuesrSt7is_sameINSt5decayIS9_E4typeESt10shared_ptrINS5_23NodeParametersInterfaceEEE5valueENS_3QoSEE4typeERKNS_20QosOverridingOptionsERS9_RKNSt7__cxx1112basic_stringIcSt11char_traitsIcESaIcEEERKSM_T0_]+0x50c): undefined reference to `rclcpp::qos_policy_kind_to_cstr(rclcpp::QosPolicyKind const&)'
[0.646s] /usr/bin/ld: publisher.cpp:(.text._ZN6rclcpp6detail22declare_qos_parametersINS_4NodeENS0_28PublisherQosParametersTraitsEEENSt9enable_ifIXoosrNS_15node_interfaces29has_node_parameters_interfaceIDTcl7declvalIN9rcpputils14remove_pointerIT_E4typeEEEEvEE5valuesrSt7is_sameINSt5decayIS9_E4typeESt10shared_ptrINS5_23NodeParametersInterfaceEEE5valueENS_3QoSEE4typeERKNS_20QosOverridingOptionsERS9_RKNSt7__cxx1112basic_stringIcSt11char_traitsIcESaIcEEERKSM_T0_[_ZN6rclcpp6detail22declare_qos_parametersINS_4NodeENS0_28PublisherQosParametersTraitsEEENSt9enable_ifIXoosrNS_15node_interfaces29has_node_parameters_interfaceIDTcl7declvalIN9rcpputils14remove_pointerIT_E4typeEEEEvEE5valuesrSt7is_sameINSt5decayIS9_E4typeESt10shared_ptrINS5_23NodeParametersInterfaceEEE5valueENS_3QoSEE4typeERKNS_20QosOverridingOptionsERS9_RKNSt7__cxx1112basic_stringIcSt11char_traitsIcESaIcEEERKSM_T0_]+0x59d): undefined reference to `rclcpp::qos_policy_kind_to_cstr(rclcpp::QosPolicyKind const&)'
[0.646s] /usr/bin/ld: publisher.cpp:(.text._ZN6rclcpp6detail22declare_qos_parametersINS_4NodeENS0_28PublisherQosParametersTraitsEEENSt9enable_ifIXoosrNS_15node_interfaces29has_node_parameters_interfaceIDTcl7declvalIN9rcpputils14remove_pointerIT_E4typeEEEEvEE5valuesrSt7is_sameINSt5decayIS9_E4typeESt10shared_ptrINS5_23NodeParametersInterfaceEEE5valueENS_3QoSEE4typeERKNS_20QosOverridingOptionsERS9_RKNSt7__cxx1112basic_stringIcSt11char_traitsIcESaIcEEERKSM_T0_[_ZN6rclcpp6detail22declare_qos_parametersINS_4NodeENS0_28PublisherQosParametersTraitsEEENSt9enable_ifIXoosrNS_15node_interfaces29has_node_parameters_interfaceIDTcl7declvalIN9rcpputils14remove_pointerIT_E4typeEEEEvEE5valuesrSt7is_sameINSt5decayIS9_E4typeESt10shared_ptrINS5_23NodeParametersInterfaceEEE5valueENS_3QoSEE4typeERKNS_20QosOverridingOptionsERS9_RKNSt7__cxx1112basic_stringIcSt11char_traitsIcESaIcEEERKSM_T0_]+0x77f): undefined reference to `rclcpp::QosOverridingOptions::get_validation_callback() const'
[0.646s] /usr/bin/ld: CMakeFiles/custom_publisher_node.dir/src/publisher.cpp.o: in function `std::shared_ptr<rclcpp::Publisher<std_msgs::msg::String_<std::allocator<void> >, std::allocator<void> > > std::dynamic_pointer_cast<rclcpp::Publisher<std_msgs::msg::String_<std::allocator<void> >, std::allocator<void> >, rclcpp::PublisherBase>(std::shared_ptr<rclcpp::PublisherBase> const&)':
[0.646s] publisher.cpp:(.text._ZSt20dynamic_pointer_castIN6rclcpp9PublisherIN8std_msgs3msg7String_ISaIvEEES5_EENS0_13PublisherBaseEESt10shared_ptrIT_ERKS9_IT0_E[_ZSt20dynamic_pointer_castIN6rclcpp9PublisherIN8std_msgs3msg7String_ISaIvEEES5_EENS0_13PublisherBaseEESt10shared_ptrIT_ERKS9_IT0_E]+0x34): undefined reference to `typeinfo for rclcpp::PublisherBase'
[0.646s] /usr/bin/ld: CMakeFiles/custom_publisher_node.dir/src/publisher.cpp.o: in function `std::shared_ptr<std_msgs::msg::String_<std::allocator<void> > const> rclcpp::experimental::IntraProcessManager::do_intra_process_publish_and_return_shared<std_msgs::msg::String_<std::allocator<void> >, std_msgs::msg::String_<std::allocator<void> >, std::allocator<void>, std::default_delete<std_msgs::msg::String_<std::allocator<void> > > >(unsigned long, std::unique_ptr<std_msgs::msg::String_<std::allocator<void> >, std::default_delete<std_msgs::msg::String_<std::allocator<void> > > >, rclcpp::allocator::AllocRebind<std_msgs::msg::String_<std::allocator<void> > >::allocator_type&)':
[0.646s] publisher.cpp:(.text._ZN6rclcpp12experimental19IntraProcessManager42do_intra_process_publish_and_return_sharedIN8std_msgs3msg7String_ISaIvEEES7_S6_St14default_deleteIS7_EEESt10shared_ptrIKT_EmSt10unique_ptrISB_T2_ERNS_9allocator11AllocRebindISB_E14allocator_typeE[_ZN6rclcpp12experimental19IntraProcessManager42do_intra_process_publish_and_return_sharedIN8std_msgs3msg7String_ISaIvEEES7_S6_St14default_deleteIS7_EEESt10shared_ptrIKT_EmSt10unique_ptrISB_T2_ERNS_9allocator11AllocRebindISB_E14allocator_typeE]+0xc6): undefined reference to `g_rcutils_logging_initialized'
[0.646s] /usr/bin/ld: publisher.cpp:(.text._ZN6rclcpp12experimental19IntraProcessManager42do_intra_process_publish_and_return_sharedIN8std_msgs3msg7String_ISaIvEEES7_S6_St14default_deleteIS7_EEESt10shared_ptrIKT_EmSt10unique_ptrISB_T2_ERNS_9allocator11AllocRebindISB_E14allocator_typeE[_ZN6rclcpp12experimental19IntraProcessManager42do_intra_process_publish_and_return_sharedIN8std_msgs3msg7String_ISaIvEEES7_S6_St14default_deleteIS7_EEESt10shared_ptrIKT_EmSt10unique_ptrISB_T2_ERNS_9allocator11AllocRebindISB_E14allocator_typeE]+0xe4): undefined reference to `rcutils_get_default_allocator'
[0.646s] /usr/bin/ld: publisher.cpp:(.text._ZN6rclcpp12experimental19IntraProcessManager42do_intra_process_publish_and_return_sharedIN8std_msgs3msg7String_ISaIvEEES7_S6_St14default_deleteIS7_EEESt10shared_ptrIKT_EmSt10unique_ptrISB_T2_ERNS_9allocator11AllocRebindISB_E14allocator_typeE[_ZN6rclcpp12experimental19IntraProcessManager42do_intra_process_publish_and_return_sharedIN8std_msgs3msg7String_ISaIvEEES7_S6_St14default_deleteIS7_EEESt10shared_ptrIKT_EmSt10unique_ptrISB_T2_ERNS_9allocator11AllocRebindISB_E14allocator_typeE]+0x12a): undefined reference to `rcutils_logging_initialize_with_allocator'
[0.646s] /usr/bin/ld: publisher.cpp:(.text._ZN6rclcpp12experimental19IntraProcessManager42do_intra_process_publish_and_return_sharedIN8std_msgs3msg7String_ISaIvEEES7_S6_St14default_deleteIS7_EEESt10shared_ptrIKT_EmSt10unique_ptrISB_T2_ERNS_9allocator11AllocRebindISB_E14allocator_typeE[_ZN6rclcpp12experimental19IntraProcessManager42do_intra_process_publish_and_return_sharedIN8std_msgs3msg7String_ISaIvEEES7_S6_St14default_deleteIS7_EEESt10shared_ptrIKT_EmSt10unique_ptrISB_T2_ERNS_9allocator11AllocRebindISB_E14allocator_typeE]+0x174): undefined reference to `rcutils_get_error_string'
[0.646s] /usr/bin/ld: publisher.cpp:(.text._ZN6rclcpp12experimental19IntraProcessManager42do_intra_process_publish_and_return_sharedIN8std_msgs3msg7String_ISaIvEEES7_S6_St14default_deleteIS7_EEESt10shared_ptrIKT_EmSt10unique_ptrISB_T2_ERNS_9allocator11AllocRebindISB_E14allocator_typeE[_ZN6rclcpp12experimental19IntraProcessManager42do_intra_process_publish_and_return_sharedIN8std_msgs3msg7String_ISaIvEEES7_S6_St14default_deleteIS7_EEESt10shared_ptrIKT_EmSt10unique_ptrISB_T2_ERNS_9allocator11AllocRebindISB_E14allocator_typeE]+0x195): undefined reference to `rcutils_get_error_string'
[0.646s] /usr/bin/ld: publisher.cpp:(.text._ZN6rclcpp12experimental19IntraProcessManager42do_intra_process_publish_and_return_sharedIN8std_msgs3msg7String_ISaIvEEES7_S6_St14default_deleteIS7_EEESt10shared_ptrIKT_EmSt10unique_ptrISB_T2_ERNS_9allocator11AllocRebindISB_E14allocator_typeE[_ZN6rclcpp12experimental19IntraProcessManager42do_intra_process_publish_and_return_sharedIN8std_msgs3msg7String_ISaIvEEES7_S6_St14default_deleteIS7_EEESt10shared_ptrIKT_EmSt10unique_ptrISB_T2_ERNS_9allocator11AllocRebindISB_E14allocator_typeE]+0x1d7): undefined reference to `rcutils_reset_error'
[0.646s] /usr/bin/ld: publisher.cpp:(.text._ZN6rclcpp12experimental19IntraProcessManager42do_intra_process_publish_and_return_sharedIN8std_msgs3msg7String_ISaIvEEES7_S6_St14default_deleteIS7_EEESt10shared_ptrIKT_EmSt10unique_ptrISB_T2_ERNS_9allocator11AllocRebindISB_E14allocator_typeE[_ZN6rclcpp12experimental19IntraProcessManager42do_intra_process_publish_and_return_sharedIN8std_msgs3msg7String_ISaIvEEES7_S6_St14default_deleteIS7_EEESt10shared_ptrIKT_EmSt10unique_ptrISB_T2_ERNS_9allocator11AllocRebindISB_E14allocator_typeE]+0x220): undefined reference to `rclcpp::get_logger(std::__cxx11::basic_string<char, std::char_traits<char>, std::allocator<char> > const&)'
[0.646s] /usr/bin/ld: publisher.cpp:(.text._ZN6rclcpp12experimental19IntraProcessManager42do_intra_process_publish_and_return_sharedIN8std_msgs3msg7String_ISaIvEEES7_S6_St14default_deleteIS7_EEESt10shared_ptrIKT_EmSt10unique_ptrISB_T2_ERNS_9allocator11AllocRebindISB_E14allocator_typeE[_ZN6rclcpp12experimental19IntraProcessManager42do_intra_process_publish_and_return_sharedIN8std_msgs3msg7String_ISaIvEEES7_S6_St14default_deleteIS7_EEESt10shared_ptrIKT_EmSt10unique_ptrISB_T2_ERNS_9allocator11AllocRebindISB_E14allocator_typeE]+0x23c): undefined reference to `rcutils_logging_logger_is_enabled_for'
[0.646s] /usr/bin/ld: publisher.cpp:(.text._ZN6rclcpp12experimental19IntraProcessManager42do_intra_process_publish_and_return_sharedIN8std_msgs3msg7String_ISaIvEEES7_S6_St14default_deleteIS7_EEESt10shared_ptrIKT_EmSt10unique_ptrISB_T2_ERNS_9allocator11AllocRebindISB_E14allocator_typeE[_ZN6rclcpp12experimental19IntraProcessManager42do_intra_process_publish_and_return_sharedIN8std_msgs3msg7String_ISaIvEEES7_S6_St14default_deleteIS7_EEESt10shared_ptrIKT_EmSt10unique_ptrISB_T2_ERNS_9allocator11AllocRebindISB_E14allocator_typeE]+0x2bd): undefined reference to `rclcpp::get_logger(std::__cxx11::basic_string<char, std::char_traits<char>, std::allocator<char> > const&)'
[0.646s] /usr/bin/ld: publisher.cpp:(.text._ZN6rclcpp12experimental19IntraProcessManager42do_intra_process_publish_and_return_sharedIN8std_msgs3msg7String_ISaIvEEES7_S6_St14default_deleteIS7_EEESt10shared_ptrIKT_EmSt10unique_ptrISB_T2_ERNS_9allocator11AllocRebindISB_E14allocator_typeE[_ZN6rclcpp12experimental19IntraProcessManager42do_intra_process_publish_and_return_sharedIN8std_msgs3msg7String_ISaIvEEES7_S6_St14default_deleteIS7_EEESt10shared_ptrIKT_EmSt10unique_ptrISB_T2_ERNS_9allocator11AllocRebindISB_E14allocator_typeE]+0x2f2): undefined reference to `rcutils_log_internal'
[0.647s] /usr/bin/ld: CMakeFiles/custom_publisher_node.dir/src/publisher.cpp.o: in function `void rclcpp::experimental::IntraProcessManager::do_intra_process_publish<std_msgs::msg::String_<std::allocator<void> >, std_msgs::msg::String_<std::allocator<void> >, std::allocator<void>, std::default_delete<std_msgs::msg::String_<std::allocator<void> > > >(unsigned long, std::unique_ptr<std_msgs::msg::String_<std::allocator<void> >, std::default_delete<std_msgs::msg::String_<std::allocator<void> > > >, rclcpp::allocator::AllocRebind<std_msgs::msg::String_<std::allocator<void> > >::allocator_type&)':
[0.647s] publisher.cpp:(.text._ZN6rclcpp12experimental19IntraProcessManager24do_intra_process_publishIN8std_msgs3msg7String_ISaIvEEES7_S6_St14default_deleteIS7_EEEvmSt10unique_ptrIT_T2_ERNS_9allocator11AllocRebindISB_E14allocator_typeE[_ZN6rclcpp12experimental19IntraProcessManager24do_intra_process_publishIN8std_msgs3msg7String_ISaIvEEES7_S6_St14default_deleteIS7_EEEvmSt10unique_ptrIT_T2_ERNS_9allocator11AllocRebindISB_E14allocator_typeE]+0xbf): undefined reference to `g_rcutils_logging_initialized'
[0.647s] /usr/bin/ld: publisher.cpp:(.text._ZN6rclcpp12experimental19IntraProcessManager24do_intra_process_publishIN8std_msgs3msg7String_ISaIvEEES7_S6_St14default_deleteIS7_EEEvmSt10unique_ptrIT_T2_ERNS_9allocator11AllocRebindISB_E14allocator_typeE[_ZN6rclcpp12experimental19IntraProcessManager24do_intra_process_publishIN8std_msgs3msg7String_ISaIvEEES7_S6_St14default_deleteIS7_EEEvmSt10unique_ptrIT_T2_ERNS_9allocator11AllocRebindISB_E14allocator_typeE]+0xdd): undefined reference to `rcutils_get_default_allocator'
[0.647s] /usr/bin/ld: publisher.cpp:(.text._ZN6rclcpp12experimental19IntraProcessManager24do_intra_process_publishIN8std_msgs3msg7String_ISaIvEEES7_S6_St14default_deleteIS7_EEEvmSt10unique_ptrIT_T2_ERNS_9allocator11AllocRebindISB_E14allocator_typeE[_ZN6rclcpp12experimental19IntraProcessManager24do_intra_process_publishIN8std_msgs3msg7String_ISaIvEEES7_S6_St14default_deleteIS7_EEEvmSt10unique_ptrIT_T2_ERNS_9allocator11AllocRebindISB_E14allocator_typeE]+0x123): undefined reference to `rcutils_logging_initialize_with_allocator'
[0.647s] /usr/bin/ld: publisher.cpp:(.text._ZN6rclcpp12experimental19IntraProcessManager24do_intra_process_publishIN8std_msgs3msg7String_ISaIvEEES7_S6_St14default_deleteIS7_EEEvmSt10unique_ptrIT_T2_ERNS_9allocator11AllocRebindISB_E14allocator_typeE[_ZN6rclcpp12experimental19IntraProcessManager24do_intra_process_publishIN8std_msgs3msg7String_ISaIvEEES7_S6_St14default_deleteIS7_EEEvmSt10unique_ptrIT_T2_ERNS_9allocator11AllocRebindISB_E14allocator_typeE]+0x16d): undefined reference to `rcutils_get_error_string'
[0.647s] /usr/bin/ld: publisher.cpp:(.text._ZN6rclcpp12experimental19IntraProcessManager24do_intra_process_publishIN8std_msgs3msg7String_ISaIvEEES7_S6_St14default_deleteIS7_EEEvmSt10unique_ptrIT_T2_ERNS_9allocator11AllocRebindISB_E14allocator_typeE[_ZN6rclcpp12experimental19IntraProcessManager24do_intra_process_publishIN8std_msgs3msg7String_ISaIvEEES7_S6_St14default_deleteIS7_EEEvmSt10unique_ptrIT_T2_ERNS_9allocator11AllocRebindISB_E14allocator_typeE]+0x18e): undefined reference to `rcutils_get_error_string'
[0.647s] /usr/bin/ld: publisher.cpp:(.text._ZN6rclcpp12experimental19IntraProcessManager24do_intra_process_publishIN8std_msgs3msg7String_ISaIvEEES7_S6_St14default_deleteIS7_EEEvmSt10unique_ptrIT_T2_ERNS_9allocator11AllocRebindISB_E14allocator_typeE[_ZN6rclcpp12experimental19IntraProcessManager24do_intra_process_publishIN8std_msgs3msg7String_ISaIvEEES7_S6_St14default_deleteIS7_EEEvmSt10unique_ptrIT_T2_ERNS_9allocator11AllocRebindISB_E14allocator_typeE]+0x1d0): undefined reference to `rcutils_reset_error'
[0.647s] /usr/bin/ld: publisher.cpp:(.text._ZN6rclcpp12experimental19IntraProcessManager24do_intra_process_publishIN8std_msgs3msg7String_ISaIvEEES7_S6_St14default_deleteIS7_EEEvmSt10unique_ptrIT_T2_ERNS_9allocator11AllocRebindISB_E14allocator_typeE[_ZN6rclcpp12experimental19IntraProcessManager24do_intra_process_publishIN8std_msgs3msg7String_ISaIvEEES7_S6_St14default_deleteIS7_EEEvmSt10unique_ptrIT_T2_ERNS_9allocator11AllocRebindISB_E14allocator_typeE]+0x219): undefined reference to `rclcpp::get_logger(std::__cxx11::basic_string<char, std::char_traits<char>, std::allocator<char> > const&)'
[0.647s] /usr/bin/ld: publisher.cpp:(.text._ZN6rclcpp12experimental19IntraProcessManager24do_intra_process_publishIN8std_msgs3msg7String_ISaIvEEES7_S6_St14default_deleteIS7_EEEvmSt10unique_ptrIT_T2_ERNS_9allocator11AllocRebindISB_E14allocator_typeE[_ZN6rclcpp12experimental19IntraProcessManager24do_intra_process_publishIN8std_msgs3msg7String_ISaIvEEES7_S6_St14default_deleteIS7_EEEvmSt10unique_ptrIT_T2_ERNS_9allocator11AllocRebindISB_E14allocator_typeE]+0x235): undefined reference to `rcutils_logging_logger_is_enabled_for'
[0.647s] /usr/bin/ld: publisher.cpp:(.text._ZN6rclcpp12experimental19IntraProcessManager24do_intra_process_publishIN8std_msgs3msg7String_ISaIvEEES7_S6_St14default_deleteIS7_EEEvmSt10unique_ptrIT_T2_ERNS_9allocator11AllocRebindISB_E14allocator_typeE[_ZN6rclcpp12experimental19IntraProcessManager24do_intra_process_publishIN8std_msgs3msg7String_ISaIvEEES7_S6_St14default_deleteIS7_EEEvmSt10unique_ptrIT_T2_ERNS_9allocator11AllocRebindISB_E14allocator_typeE]+0x2b6): undefined reference to `rclcpp::get_logger(std::__cxx11::basic_string<char, std::char_traits<char>, std::allocator<char> > const&)'
[0.647s] /usr/bin/ld: publisher.cpp:(.text._ZN6rclcpp12experimental19IntraProcessManager24do_intra_process_publishIN8std_msgs3msg7String_ISaIvEEES7_S6_St14default_deleteIS7_EEEvmSt10unique_ptrIT_T2_ERNS_9allocator11AllocRebindISB_E14allocator_typeE[_ZN6rclcpp12experimental19IntraProcessManager24do_intra_process_publishIN8std_msgs3msg7String_ISaIvEEES7_S6_St14default_deleteIS7_EEEvmSt10unique_ptrIT_T2_ERNS_9allocator11AllocRebindISB_E14allocator_typeE]+0x2eb): undefined reference to `rcutils_log_internal'
[0.647s] /usr/bin/ld: CMakeFiles/custom_publisher_node.dir/src/publisher.cpp.o: in function `std::shared_ptr<rclcpp::node_interfaces::NodeTopicsInterface> rclcpp::node_interfaces::detail::get_node_topics_interface_from_pointer<rclcpp::Node*, 0>(rclcpp::Node*)':
[0.647s] publisher.cpp:(.text._ZN6rclcpp15node_interfaces6detail38get_node_topics_interface_from_pointerIPNS_4NodeELi0EEESt10shared_ptrINS0_19NodeTopicsInterfaceEET_[_ZN6rclcpp15node_interfaces6detail38get_node_topics_interface_from_pointerIPNS_4NodeELi0EEESt10shared_ptrINS0_19NodeTopicsInterfaceEET_]+0x8b): undefined reference to `rclcpp::Node::get_node_topics_interface()'
[0.647s] /usr/bin/ld: CMakeFiles/custom_publisher_node.dir/src/publisher.cpp.o: in function `rclcpp::Publisher<std_msgs::msg::String_<std::allocator<void> >, std::allocator<void> >::post_init_setup(rclcpp::node_interfaces::NodeBaseInterface*, std::__cxx11::basic_string<char, std::char_traits<char>, std::allocator<char> > const&, rclcpp::QoS const&, rclcpp::PublisherOptionsWithAllocator<std::allocator<void> > const&)':
[0.647s] publisher.cpp:(.text._ZN6rclcpp9PublisherIN8std_msgs3msg7String_ISaIvEEES4_E15post_init_setupEPNS_15node_interfaces17NodeBaseInterfaceERKNSt7__cxx1112basic_stringIcSt11char_traitsIcESaIcEEERKNS_3QoSERKNS_29PublisherOptionsWithAllocatorIS4_EE[_ZN6rclcpp9PublisherIN8std_msgs3msg7String_ISaIvEEES4_E15post_init_setupEPNS_15node_interfaces17NodeBaseInterfaceERKNSt7__cxx1112basic_stringIcSt11char_traitsIcESaIcEEERKNS_3QoSERKNS_29PublisherOptionsWithAllocatorIS4_EE]+0xcc): undefined reference to `rclcpp::PublisherBase::get_actual_qos() const'
[0.647s] /usr/bin/ld: publisher.cpp:(.text._ZN6rclcpp9PublisherIN8std_msgs3msg7String_ISaIvEEES4_E15post_init_setupEPNS_15node_interfaces17NodeBaseInterfaceERKNSt7__cxx1112basic_stringIcSt11char_traitsIcESaIcEEERKNS_3QoSERKNS_29PublisherOptionsWithAllocatorIS4_EE[_ZN6rclcpp9PublisherIN8std_msgs3msg7String_ISaIvEEES4_E15post_init_setupEPNS_15node_interfaces17NodeBaseInterfaceERKNSt7__cxx1112basic_stringIcSt11char_traitsIcESaIcEEERKNS_3QoSERKNS_29PublisherOptionsWithAllocatorIS4_EE]+0xdb): undefined reference to `rclcpp::QoS::history() const'
[0.647s] /usr/bin/ld: publisher.cpp:(.text._ZN6rclcpp9PublisherIN8std_msgs3msg7String_ISaIvEEES4_E15post_init_setupEPNS_15node_interfaces17NodeBaseInterfaceERKNSt7__cxx1112basic_stringIcSt11char_traitsIcESaIcEEERKNS_3QoSERKNS_29PublisherOptionsWithAllocatorIS4_EE[_ZN6rclcpp9PublisherIN8std_msgs3msg7String_ISaIvEEES4_E15post_init_setupEPNS_15node_interfaces17NodeBaseInterfaceERKNSt7__cxx1112basic_stringIcSt11char_traitsIcESaIcEEERKNS_3QoSERKNS_29PublisherOptionsWithAllocatorIS4_EE]+0x193): undefined reference to `rclcpp::QoS::depth() const'
[0.647s] /usr/bin/ld: publisher.cpp:(.text._ZN6rclcpp9PublisherIN8std_msgs3msg7String_ISaIvEEES4_E15post_init_setupEPNS_15node_interfaces17NodeBaseInterfaceERKNSt7__cxx1112basic_stringIcSt11char_traitsIcESaIcEEERKNS_3QoSERKNS_29PublisherOptionsWithAllocatorIS4_EE[_ZN6rclcpp9PublisherIN8std_msgs3msg7String_ISaIvEEES4_E15post_init_setupEPNS_15node_interfaces17NodeBaseInterfaceERKNSt7__cxx1112basic_stringIcSt11char_traitsIcESaIcEEERKNS_3QoSERKNS_29PublisherOptionsWithAllocatorIS4_EE]+0x24b): undefined reference to `rclcpp::QoS::durability() const'
[0.647s] /usr/bin/ld: publisher.cpp:(.text._ZN6rclcpp9PublisherIN8std_msgs3msg7String_ISaIvEEES4_E15post_init_setupEPNS_15node_interfaces17NodeBaseInterfaceERKNSt7__cxx1112basic_stringIcSt11char_traitsIcESaIcEEERKNS_3QoSERKNS_29PublisherOptionsWithAllocatorIS4_EE[_ZN6rclcpp9PublisherIN8std_msgs3msg7String_ISaIvEEES4_E15post_init_setupEPNS_15node_interfaces17NodeBaseInterfaceERKNSt7__cxx1112basic_stringIcSt11char_traitsIcESaIcEEERKNS_3QoSERKNS_29PublisherOptionsWithAllocatorIS4_EE]+0x28d): undefined reference to `rclcpp::detail::resolve_intra_process_buffer_type(rclcpp::IntraProcessBufferType)'
[0.647s] /usr/bin/ld: publisher.cpp:(.text._ZN6rclcpp9PublisherIN8std_msgs3msg7String_ISaIvEEES4_E15post_init_setupEPNS_15node_interfaces17NodeBaseInterfaceERKNSt7__cxx1112basic_stringIcSt11char_traitsIcESaIcEEERKNS_3QoSERKNS_29PublisherOptionsWithAllocatorIS4_EE[_ZN6rclcpp9PublisherIN8std_msgs3msg7String_ISaIvEEES4_E15post_init_setupEPNS_15node_interfaces17NodeBaseInterfaceERKNSt7__cxx1112basic_stringIcSt11char_traitsIcESaIcEEERKNS_3QoSERKNS_29PublisherOptionsWithAllocatorIS4_EE]+0x352): undefined reference to `rclcpp::experimental::IntraProcessManager::add_publisher(std::shared_ptr<rclcpp::PublisherBase>, std::shared_ptr<rclcpp::experimental::buffers::IntraProcessBufferBase>)'
[0.647s] /usr/bin/ld: publisher.cpp:(.text._ZN6rclcpp9PublisherIN8std_msgs3msg7String_ISaIvEEES4_E15post_init_setupEPNS_15node_interfaces17NodeBaseInterfaceERKNSt7__cxx1112basic_stringIcSt11char_traitsIcESaIcEEERKNS_3QoSERKNS_29PublisherOptionsWithAllocatorIS4_EE[_ZN6rclcpp9PublisherIN8std_msgs3msg7String_ISaIvEEES4_E15post_init_setupEPNS_15node_interfaces17NodeBaseInterfaceERKNSt7__cxx1112basic_stringIcSt11char_traitsIcESaIcEEERKNS_3QoSERKNS_29PublisherOptionsWithAllocatorIS4_EE]+0x3b0): undefined reference to `rclcpp::PublisherBase::setup_intra_process(unsigned long, std::shared_ptr<rclcpp::experimental::IntraProcessManager>)'
[0.647s] /usr/bin/ld: CMakeFiles/custom_publisher_node.dir/src/publisher.cpp.o: in function `std::shared_ptr<rclcpp::node_interfaces::NodeParametersInterface> rclcpp::node_interfaces::detail::get_node_parameters_interface_from_pointer<rclcpp::Node*, 0>(rclcpp::Node*)':
[0.648s] publisher.cpp:(.text._ZN6rclcpp15node_interfaces6detail42get_node_parameters_interface_from_pointerIPNS_4NodeELi0EEESt10shared_ptrINS0_23NodeParametersInterfaceEET_[_ZN6rclcpp15node_interfaces6detail42get_node_parameters_interface_from_pointerIPNS_4NodeELi0EEESt10shared_ptrINS0_23NodeParametersInterfaceEET_]+0x8b): undefined reference to `rclcpp::Node::get_node_parameters_interface()'
[0.648s] /usr/bin/ld: CMakeFiles/custom_publisher_node.dir/src/publisher.cpp.o: in function `std::shared_ptr<rclcpp::experimental::IntraProcessManager> rclcpp::Context::get_sub_context<rclcpp::experimental::IntraProcessManager>()':
[0.648s] publisher.cpp:(.text._ZN6rclcpp7Context15get_sub_contextINS_12experimental19IntraProcessManagerEJEEESt10shared_ptrIT_EDpOT0_[_ZN6rclcpp7Context15get_sub_contextINS_12experimental19IntraProcessManagerEJEEESt10shared_ptrIT_EDpOT0_]+0x49): undefined reference to `typeinfo for rclcpp::experimental::IntraProcessManager'
[0.648s] /usr/bin/ld: publisher.cpp:(.text._ZN6rclcpp7Context15get_sub_contextINS_12experimental19IntraProcessManagerEJEEESt10shared_ptrIT_EDpOT0_[_ZN6rclcpp7Context15get_sub_contextINS_12experimental19IntraProcessManagerEJEEESt10shared_ptrIT_EDpOT0_]+0xc5): undefined reference to `rclcpp::experimental::IntraProcessManager::IntraProcessManager()'
[0.648s] /usr/bin/ld: CMakeFiles/custom_publisher_node.dir/src/publisher.cpp.o: in function `rclcpp::experimental::buffers::IntraProcessBuffer<std_msgs::msg::String_<std::allocator<void> >, std::allocator<std_msgs::msg::String_<std::allocator<void> > >, std::default_delete<std_msgs::msg::String_<std::allocator<void> > > >::UniquePtr rclcpp::experimental::create_intra_process_buffer<std_msgs::msg::String_<std::allocator<void> >, std::allocator<std_msgs::msg::String_<std::allocator<void> > >, std::default_delete<std_msgs::msg::String_<std::allocator<void> > > >(rclcpp::IntraProcessBufferType, rclcpp::QoS const&, std::shared_ptr<std::allocator<std_msgs::msg::String_<std::allocator<void> > > >)':
[0.648s] publisher.cpp:(.text._ZN6rclcpp12experimental27create_intra_process_bufferIN8std_msgs3msg7String_ISaIvEEESaIS6_ESt14default_deleteIS6_EEENS0_7buffers18IntraProcessBufferIT_T0_T1_E9UniquePtrENS_22IntraProcessBufferTypeERKNS_3QoSESt10shared_ptrISD_E[_ZN6rclcpp12experimental27create_intra_process_bufferIN8std_msgs3msg7String_ISaIvEEESaIS6_ESt14default_deleteIS6_EEENS0_7buffers18IntraProcessBufferIT_T0_T1_E9UniquePtrENS_22IntraProcessBufferTypeERKNS_3QoSESt10shared_ptrISD_E]+0x35): undefined reference to `rclcpp::QoS::depth() const'
[0.648s] /usr/bin/ld: CMakeFiles/custom_publisher_node.dir/src/publisher.cpp.o: in function `std::shared_ptr<rclcpp::experimental::SubscriptionIntraProcessBuffer<std_msgs::msg::String_<std::allocator<void> >, std::allocator<std_msgs::msg::String_<std::allocator<void> > >, std::default_delete<std_msgs::msg::String_<std::allocator<void> > >, std_msgs::msg::String_<std::allocator<void> > > > std::dynamic_pointer_cast<rclcpp::experimental::SubscriptionIntraProcessBuffer<std_msgs::msg::String_<std::allocator<void> >, std::allocator<std_msgs::msg::String_<std::allocator<void> > >, std::default_delete<std_msgs::msg::String_<std::allocator<void> > >, std_msgs::msg::String_<std::allocator<void> > >, rclcpp::experimental::SubscriptionIntraProcessBase>(std::shared_ptr<rclcpp::experimental::SubscriptionIntraProcessBase> const&)':
[0.648s] publisher.cpp:(.text._ZSt20dynamic_pointer_castIN6rclcpp12experimental30SubscriptionIntraProcessBufferIN8std_msgs3msg7String_ISaIvEEESaIS7_ESt14default_deleteIS7_ES7_EENS1_28SubscriptionIntraProcessBaseEESt10shared_ptrIT_ERKSD_IT0_E[_ZSt20dynamic_pointer_castIN6rclcpp12experimental30SubscriptionIntraProcessBufferIN8std_msgs3msg7String_ISaIvEEESaIS7_ESt14default_deleteIS7_ES7_EENS1_28SubscriptionIntraProcessBaseEESt10shared_ptrIT_ERKSD_IT0_E]+0x34): undefined reference to `typeinfo for rclcpp::experimental::SubscriptionIntraProcessBase'
[0.648s] /usr/bin/ld: CMakeFiles/custom_publisher_node.dir/src/publisher.cpp.o: in function `std::shared_ptr<rclcpp::experimental::SubscriptionROSMsgIntraProcessBuffer<std_msgs::msg::String_<std::allocator<void> >, std::allocator<std_msgs::msg::String_<std::allocator<void> > >, std::default_delete<std_msgs::msg::String_<std::allocator<void> > > > > std::dynamic_pointer_cast<rclcpp::experimental::SubscriptionROSMsgIntraProcessBuffer<std_msgs::msg::String_<std::allocator<void> >, std::allocator<std_msgs::msg::String_<std::allocator<void> > >, std::default_delete<std_msgs::msg::String_<std::allocator<void> > > >, rclcpp::experimental::SubscriptionIntraProcessBase>(std::shared_ptr<rclcpp::experimental::SubscriptionIntraProcessBase> const&)':
[0.648s] publisher.cpp:(.text._ZSt20dynamic_pointer_castIN6rclcpp12experimental36SubscriptionROSMsgIntraProcessBufferIN8std_msgs3msg7String_ISaIvEEESaIS7_ESt14default_deleteIS7_EEENS1_28SubscriptionIntraProcessBaseEESt10shared_ptrIT_ERKSD_IT0_E[_ZSt20dynamic_pointer_castIN6rclcpp12experimental36SubscriptionROSMsgIntraProcessBufferIN8std_msgs3msg7String_ISaIvEEESaIS7_ESt14default_deleteIS7_EEENS1_28SubscriptionIntraProcessBaseEESt10shared_ptrIT_ERKSD_IT0_E]+0x34): undefined reference to `typeinfo for rclcpp::experimental::SubscriptionIntraProcessBase'
[0.648s] /usr/bin/ld: CMakeFiles/custom_publisher_node.dir/src/publisher.cpp.o: in function `void std::_Construct<rclcpp::Clock, rcl_clock_type_e>(rclcpp::Clock*, rcl_clock_type_e&&)':
[0.648s] publisher.cpp:(.text._ZSt10_ConstructIN6rclcpp5ClockEJ16rcl_clock_type_eEEvPT_DpOT0_[_ZSt10_ConstructIN6rclcpp5ClockEJ16rcl_clock_type_eEEvPT_DpOT0_]+0x49): undefined reference to `rclcpp::Clock::Clock(rcl_clock_type_e)'
[0.648s] /usr/bin/ld: CMakeFiles/custom_publisher_node.dir/src/publisher.cpp.o: in function `rclcpp::experimental::buffers::RingBufferImplementation<std::shared_ptr<std_msgs::msg::String_<std::allocator<void> > const> >::RingBufferImplementation(unsigned long)':
[0.648s] publisher.cpp:(.text._ZN6rclcpp12experimental7buffers24RingBufferImplementationISt10shared_ptrIKN8std_msgs3msg7String_ISaIvEEEEEC2Em[_ZN6rclcpp12experimental7buffers24RingBufferImplementationISt10shared_ptrIKN8std_msgs3msg7String_ISaIvEEEEEC5Em]+0x123): undefined reference to `ros_trace_rclcpp_construct_ring_buffer'
[0.648s] /usr/bin/ld: CMakeFiles/custom_publisher_node.dir/src/publisher.cpp.o: in function `rclcpp::experimental::buffers::TypedIntraProcessBuffer<std_msgs::msg::String_<std::allocator<void> >, std::allocator<std_msgs::msg::String_<std::allocator<void> > >, std::default_delete<std_msgs::msg::String_<std::allocator<void> > >, std::shared_ptr<std_msgs::msg::String_<std::allocator<void> > const> >::TypedIntraProcessBuffer(std::unique_ptr<rclcpp::experimental::buffers::BufferImplementationBase<std::shared_ptr<std_msgs::msg::String_<std::allocator<void> > const> >, std::default_delete<rclcpp::experimental::buffers::BufferImplementationBase<std::shared_ptr<std_msgs::msg::String_<std::allocator<void> > const> > > >, std::shared_ptr<std::allocator<std_msgs::msg::String_<std::allocator<void> > > >)':
[0.648s] publisher.cpp:(.text._ZN6rclcpp12experimental7buffers23TypedIntraProcessBufferIN8std_msgs3msg7String_ISaIvEEESaIS7_ESt14default_deleteIS7_ESt10shared_ptrIKS7_EEC2ESt10unique_ptrINS1_24BufferImplementationBaseISD_EES9_ISH_EESB_IS8_E[_ZN6rclcpp12experimental7buffers23TypedIntraProcessBufferIN8std_msgs3msg7String_ISaIvEEESaIS7_ESt14default_deleteIS7_ESt10shared_ptrIKS7_EEC5ESt10unique_ptrINS1_24BufferImplementationBaseISD_EES9_ISH_EESB_IS8_E]+0x102): undefined reference to `ros_trace_rclcpp_buffer_to_ipb'
[0.648s] /usr/bin/ld: CMakeFiles/custom_publisher_node.dir/src/publisher.cpp.o: in function `rclcpp::experimental::buffers::RingBufferImplementation<std::unique_ptr<std_msgs::msg::String_<std::allocator<void> >, std::default_delete<std_msgs::msg::String_<std::allocator<void> > > > >::RingBufferImplementation(unsigned long)':
[0.648s] publisher.cpp:(.text._ZN6rclcpp12experimental7buffers24RingBufferImplementationISt10unique_ptrIN8std_msgs3msg7String_ISaIvEEESt14default_deleteIS8_EEEC2Em[_ZN6rclcpp12experimental7buffers24RingBufferImplementationISt10unique_ptrIN8std_msgs3msg7String_ISaIvEEESt14default_deleteIS8_EEEC5Em]+0x123): undefined reference to `ros_trace_rclcpp_construct_ring_buffer'
[0.648s] /usr/bin/ld: CMakeFiles/custom_publisher_node.dir/src/publisher.cpp.o: in function `rclcpp::experimental::buffers::TypedIntraProcessBuffer<std_msgs::msg::String_<std::allocator<void> >, std::allocator<std_msgs::msg::String_<std::allocator<void> > >, std::default_delete<std_msgs::msg::String_<std::allocator<void> > >, std::unique_ptr<std_msgs::msg::String_<std::allocator<void> >, std::default_delete<std_msgs::msg::String_<std::allocator<void> > > > >::TypedIntraProcessBuffer(std::unique_ptr<rclcpp::experimental::buffers::BufferImplementationBase<std::unique_ptr<std_msgs::msg::String_<std::allocator<void> >, std::default_delete<std_msgs::msg::String_<std::allocator<void> > > > >, std::default_delete<rclcpp::experimental::buffers::BufferImplementationBase<std::unique_ptr<std_msgs::msg::String_<std::allocator<void> >, std::default_delete<std_msgs::msg::String_<std::allocator<void> > > > > > >, std::shared_ptr<std::allocator<std_msgs::msg::String_<std::allocator<void> > > >)':
[0.648s] publisher.cpp:(.text._ZN6rclcpp12experimental7buffers23TypedIntraProcessBufferIN8std_msgs3msg7String_ISaIvEEESaIS7_ESt14default_deleteIS7_ESt10unique_ptrIS7_SA_EEC2ESB_INS1_24BufferImplementationBaseISC_EES9_ISF_EESt10shared_ptrIS8_E[_ZN6rclcpp12experimental7buffers23TypedIntraProcessBufferIN8std_msgs3msg7String_ISaIvEEESaIS7_ESt14default_deleteIS7_ESt10unique_ptrIS7_SA_EEC5ESB_INS1_24BufferImplementationBaseISC_EES9_ISF_EESt10shared_ptrIS8_E]+0x102): undefined reference to `ros_trace_rclcpp_buffer_to_ipb'
[0.648s] /usr/bin/ld: CMakeFiles/custom_publisher_node.dir/src/publisher.cpp.o: in function `rclcpp::Publisher<std_msgs::msg::String_<std::allocator<void> >, std::allocator<void> >::Publisher(rclcpp::node_interfaces::NodeBaseInterface*, std::__cxx11::basic_string<char, std::char_traits<char>, std::allocator<char> > const&, rclcpp::QoS const&, rclcpp::PublisherOptionsWithAllocator<std::allocator<void> > const&)':
[0.648s] publisher.cpp:(.text._ZN6rclcpp9PublisherIN8std_msgs3msg7String_ISaIvEEES4_EC2EPNS_15node_interfaces17NodeBaseInterfaceERKNSt7__cxx1112basic_stringIcSt11char_traitsIcESaIcEEERKNS_3QoSERKNS_29PublisherOptionsWithAllocatorIS4_EE[_ZN6rclcpp9PublisherIN8std_msgs3msg7String_ISaIvEEES4_EC5EPNS_15node_interfaces17NodeBaseInterfaceERKNSt7__cxx1112basic_stringIcSt11char_traitsIcESaIcEEERKNS_3QoSERKNS_29PublisherOptionsWithAllocatorIS4_EE]+0xba): undefined reference to `rclcpp::PublisherBase::PublisherBase(rclcpp::node_interfaces::NodeBaseInterface*, std::__cxx11::basic_string<char, std::char_traits<char>, std::allocator<char> > const&, rosidl_message_type_support_t const&, rcl_publisher_options_s const&, rclcpp::PublisherEventCallbacks const&, bool)'
[0.648s] /usr/bin/ld: publisher.cpp:(.text._ZN6rclcpp9PublisherIN8std_msgs3msg7String_ISaIvEEES4_EC2EPNS_15node_interfaces17NodeBaseInterfaceERKNSt7__cxx1112basic_stringIcSt11char_traitsIcESaIcEEERKNS_3QoSERKNS_29PublisherOptionsWithAllocatorIS4_EE[_ZN6rclcpp9PublisherIN8std_msgs3msg7String_ISaIvEEES4_EC5EPNS_15node_interfaces17NodeBaseInterfaceERKNSt7__cxx1112basic_stringIcSt11char_traitsIcESaIcEEERKNS_3QoSERKNS_29PublisherOptionsWithAllocatorIS4_EE]+0x295): undefined reference to `rclcpp::PublisherBase::~PublisherBase()'
[0.648s] /usr/bin/ld: CMakeFiles/custom_publisher_node.dir/src/publisher.cpp.o: in function `std::enable_if<rosidl_generator_traits::is_message<std_msgs::msg::String_<std::allocator<void> > >::value, rosidl_message_type_support_t const&>::type rclcpp::get_message_type_support_handle<std_msgs::msg::String_<std::allocator<void> > >()':
[0.648s] publisher.cpp:(.text._ZN6rclcpp31get_message_type_support_handleIN8std_msgs3msg7String_ISaIvEEEEENSt9enable_ifIXsrN23rosidl_generator_traits10is_messageIT_EE5valueERK29rosidl_message_type_support_tE4typeEv[_ZN6rclcpp31get_message_type_support_handleIN8std_msgs3msg7String_ISaIvEEEEENSt9enable_ifIXsrN23rosidl_generator_traits10is_messageIT_EE5valueERK29rosidl_message_type_support_tE4typeEv]+0x10): undefined reference to `rosidl_message_type_support_t const* rosidl_typesupport_cpp::get_message_type_support_handle<std_msgs::msg::String_<std::allocator<void> > >()'
[0.648s] /usr/bin/ld: CMakeFiles/custom_publisher_node.dir/src/publisher.cpp.o: in function `rcl_publisher_options_s rclcpp::PublisherOptionsWithAllocator<std::allocator<void> >::to_rcl_publisher_options<std_msgs::msg::String_<std::allocator<void> > >(rclcpp::QoS const&) const':
[0.648s] publisher.cpp:(.text._ZNK6rclcpp29PublisherOptionsWithAllocatorISaIvEE24to_rcl_publisher_optionsIN8std_msgs3msg7String_IS1_EEEE23rcl_publisher_options_sRKNS_3QoSE[_ZNK6rclcpp29PublisherOptionsWithAllocatorISaIvEE24to_rcl_publisher_optionsIN8std_msgs3msg7String_IS1_EEEE23rcl_publisher_options_sRKNS_3QoSE]+0x30): undefined reference to `rcl_publisher_get_default_options'
[0.648s] /usr/bin/ld: publisher.cpp:(.text._ZNK6rclcpp29PublisherOptionsWithAllocatorISaIvEE24to_rcl_publisher_optionsIN8std_msgs3msg7String_IS1_EEEE23rcl_publisher_options_sRKNS_3QoSE[_ZNK6rclcpp29PublisherOptionsWithAllocatorISaIvEE24to_rcl_publisher_optionsIN8std_msgs3msg7String_IS1_EEEE23rcl_publisher_options_sRKNS_3QoSE]+0x7b): undefined reference to `rclcpp::QoS::get_rmw_qos_profile() const'
[0.649s] /usr/bin/ld: publisher.cpp:(.text._ZNK6rclcpp29PublisherOptionsWithAllocatorISaIvEE24to_rcl_publisher_optionsIN8std_msgs3msg7String_IS1_EEEE23rcl_publisher_options_sRKNS_3QoSE[_ZNK6rclcpp29PublisherOptionsWithAllocatorISaIvEE24to_rcl_publisher_optionsIN8std_msgs3msg7String_IS1_EEEE23rcl_publisher_options_sRKNS_3QoSE]+0x119): undefined reference to `rclcpp::detail::RMWImplementationSpecificPayload::has_been_customized() const'
[0.649s] /usr/bin/ld: CMakeFiles/custom_publisher_node.dir/src/publisher.cpp.o: in function `rcutils_allocator_s rclcpp::allocator::get_rcl_allocator<char, std::allocator<char>, (void*)0>(std::allocator<char>&)':
[0.649s] publisher.cpp:(.text._ZN6rclcpp9allocator17get_rcl_allocatorIcSaIcELPv0EEE19rcutils_allocator_sRT0_[_ZN6rclcpp9allocator17get_rcl_allocatorIcSaIcELPv0EEE19rcutils_allocator_sRT0_]+0x2b): undefined reference to `rcutils_get_default_allocator'
[0.649s] /usr/bin/ld: CMakeFiles/custom_publisher_node.dir/src/publisher.cpp.o:(.data.rel.ro._ZTIN6rclcpp12experimental36SubscriptionROSMsgIntraProcessBufferIN8std_msgs3msg7String_ISaIvEEESaIS6_ESt14default_deleteIS6_EEE[_ZTIN6rclcpp12experimental36SubscriptionROSMsgIntraProcessBufferIN8std_msgs3msg7String_ISaIvEEESaIS6_ESt14default_deleteIS6_EEE]+0x10): undefined reference to `typeinfo for rclcpp::experimental::SubscriptionIntraProcessBase'
[0.649s] /usr/bin/ld: CMakeFiles/custom_publisher_node.dir/src/publisher.cpp.o:(.data.rel.ro._ZTIN6rclcpp9PublisherIN8std_msgs3msg7String_ISaIvEEES4_EE[_ZTIN6rclcpp9PublisherIN8std_msgs3msg7String_ISaIvEEES4_EE]+0x10): undefined reference to `typeinfo for rclcpp::PublisherBase'
[0.649s] /usr/bin/ld: CMakeFiles/custom_publisher_node.dir/src/publisher.cpp.o: in function `rclcpp::experimental::buffers::RingBufferImplementation<std::unique_ptr<std_msgs::msg::String_<std::allocator<void> >, std::default_delete<std_msgs::msg::String_<std::allocator<void> > > > >::dequeue()':
[0.649s] publisher.cpp:(.text._ZN6rclcpp12experimental7buffers24RingBufferImplementationISt10unique_ptrIN8std_msgs3msg7String_ISaIvEEESt14default_deleteIS8_EEE7dequeueEv[_ZN6rclcpp12experimental7buffers24RingBufferImplementationISt10unique_ptrIN8std_msgs3msg7String_ISaIvEEESt14default_deleteIS8_EEE7dequeueEv]+0xb3): undefined reference to `ros_trace_rclcpp_ring_buffer_dequeue'
[0.649s] /usr/bin/ld: CMakeFiles/custom_publisher_node.dir/src/publisher.cpp.o: in function `rclcpp::experimental::buffers::RingBufferImplementation<std::unique_ptr<std_msgs::msg::String_<std::allocator<void> >, std::default_delete<std_msgs::msg::String_<std::allocator<void> > > > >::enqueue(std::unique_ptr<std_msgs::msg::String_<std::allocator<void> >, std::default_delete<std_msgs::msg::String_<std::allocator<void> > > >)':
[0.649s] publisher.cpp:(.text._ZN6rclcpp12experimental7buffers24RingBufferImplementationISt10unique_ptrIN8std_msgs3msg7String_ISaIvEEESt14default_deleteIS8_EEE7enqueueESB_[_ZN6rclcpp12experimental7buffers24RingBufferImplementationISt10unique_ptrIN8std_msgs3msg7String_ISaIvEEESt14default_deleteIS8_EEE7enqueueESB_]+0xbf): undefined reference to `ros_trace_rclcpp_ring_buffer_enqueue'
[0.649s] /usr/bin/ld: CMakeFiles/custom_publisher_node.dir/src/publisher.cpp.o: in function `rclcpp::experimental::buffers::RingBufferImplementation<std::unique_ptr<std_msgs::msg::String_<std::allocator<void> >, std::default_delete<std_msgs::msg::String_<std::allocator<void> > > > >::clear()':
[0.649s] publisher.cpp:(.text._ZN6rclcpp12experimental7buffers24RingBufferImplementationISt10unique_ptrIN8std_msgs3msg7String_ISaIvEEESt14default_deleteIS8_EEE5clearEv[_ZN6rclcpp12experimental7buffers24RingBufferImplementationISt10unique_ptrIN8std_msgs3msg7String_ISaIvEEESt14default_deleteIS8_EEE5clearEv]+0x18): undefined reference to `ros_trace_rclcpp_ring_buffer_clear'
[0.649s] /usr/bin/ld: CMakeFiles/custom_publisher_node.dir/src/publisher.cpp.o: in function `rclcpp::experimental::buffers::RingBufferImplementation<std::shared_ptr<std_msgs::msg::String_<std::allocator<void> > const> >::dequeue()':
[0.649s] publisher.cpp:(.text._ZN6rclcpp12experimental7buffers24RingBufferImplementationISt10shared_ptrIKN8std_msgs3msg7String_ISaIvEEEEE7dequeueEv[_ZN6rclcpp12experimental7buffers24RingBufferImplementationISt10shared_ptrIKN8std_msgs3msg7String_ISaIvEEEEE7dequeueEv]+0xb3): undefined reference to `ros_trace_rclcpp_ring_buffer_dequeue'
[0.649s] /usr/bin/ld: CMakeFiles/custom_publisher_node.dir/src/publisher.cpp.o: in function `rclcpp::experimental::buffers::RingBufferImplementation<std::shared_ptr<std_msgs::msg::String_<std::allocator<void> > const> >::enqueue(std::shared_ptr<std_msgs::msg::String_<std::allocator<void> > const>)':
[0.649s] publisher.cpp:(.text._ZN6rclcpp12experimental7buffers24RingBufferImplementationISt10shared_ptrIKN8std_msgs3msg7String_ISaIvEEEEE7enqueueESA_[_ZN6rclcpp12experimental7buffers24RingBufferImplementationISt10shared_ptrIKN8std_msgs3msg7String_ISaIvEEEEE7enqueueESA_]+0xbf): undefined reference to `ros_trace_rclcpp_ring_buffer_enqueue'
[0.649s] /usr/bin/ld: CMakeFiles/custom_publisher_node.dir/src/publisher.cpp.o: in function `rclcpp::experimental::buffers::RingBufferImplementation<std::shared_ptr<std_msgs::msg::String_<std::allocator<void> > const> >::clear()':
[0.649s] publisher.cpp:(.text._ZN6rclcpp12experimental7buffers24RingBufferImplementationISt10shared_ptrIKN8std_msgs3msg7String_ISaIvEEEEE5clearEv[_ZN6rclcpp12experimental7buffers24RingBufferImplementationISt10shared_ptrIKN8std_msgs3msg7String_ISaIvEEEEE5clearEv]+0x18): undefined reference to `ros_trace_rclcpp_ring_buffer_clear'
[0.649s] /usr/bin/ld: CMakeFiles/custom_publisher_node.dir/src/publisher.cpp.o: in function `rclcpp::Publisher<std_msgs::msg::String_<std::allocator<void> >, std::allocator<void> >::~Publisher()':
[0.649s] publisher.cpp:(.text._ZN6rclcpp9PublisherIN8std_msgs3msg7String_ISaIvEEES4_ED2Ev[_ZN6rclcpp9PublisherIN8std_msgs3msg7String_ISaIvEEES4_ED5Ev]+0x80): undefined reference to `rclcpp::PublisherBase::~PublisherBase()'
[0.649s] /usr/bin/ld: CMakeFiles/custom_publisher_node.dir/src/publisher.cpp.o: in function `void std::_Destroy<rclcpp::Clock>(rclcpp::Clock*)':
[0.649s] publisher.cpp:(.text._ZSt8_DestroyIN6rclcpp5ClockEEvPT_[_ZSt8_DestroyIN6rclcpp5ClockEEvPT_]+0x18): undefined reference to `rclcpp::Clock::~Clock()'
[0.653s] /usr/bin/ld: warning: creating DT_TEXTREL in a PIE
[0.655s] collect2: error: ld returned 1 exit status
[0.658s] gmake[2]: *** [CMakeFiles/custom_publisher_node.dir/build.make:97: custom_publisher_node] Error 1
[0.658s] gmake[1]: *** [CMakeFiles/Makefile2:137: CMakeFiles/custom_publisher_node.dir/all] Error 2
[0.658s] gmake: *** [Makefile:146: all] Error 2
[0.660s] Invoked command in '/home/hein/dev/ros-test/build/custom_publisher' returned '2': CMAKE_PREFIX_PATH=${CMAKE_PREFIX_PATH}:/opt/ros/jazzy DEBUGINFOD_URLS=https://debuginfod.ubuntu.com /usr/bin/cmake --build /home/hein/dev/ros-test/build/custom_publisher -- -j16 -l16
