[0.013s] Invoking command in '/home/hein/dev/ros-test/build/custom_publisher': CMAKE_PREFIX_PATH=${CMAKE_PREFIX_PATH}:/opt/ros/jazzy DEBUGINFOD_URLS=https://debuginfod.ubuntu.com /usr/bin/cmake --build /home/hein/dev/ros-test/build/custom_publisher -- -j16 -l16
[0.054s] Invoked command in '/home/hein/dev/ros-test/build/custom_publisher' returned '0': CMAKE_PREFIX_PATH=${CMAKE_PREFIX_PATH}:/opt/ros/jazzy DEBUGINFOD_URLS=https://debuginfod.ubuntu.com /usr/bin/cmake --build /home/hein/dev/ros-test/build/custom_publisher -- -j16 -l16
[0.061s] Invoking command in '/home/hein/dev/ros-test/build/custom_publisher': CMAKE_PREFIX_PATH=${CMAKE_PREFIX_PATH}:/opt/ros/jazzy DEBUGINFOD_URLS=https://debuginfod.ubuntu.com /usr/bin/cmake --install /home/hein/dev/ros-test/build/custom_publisher
[0.066s] -- Install configuration: ""
[0.066s] -- Up-to-date: /home/hein/dev/ros-test/install/custom_publisher/share/ament_index/resource_index/package_run_dependencies/custom_publisher
[0.066s] -- Up-to-date: /home/hein/dev/ros-test/install/custom_publisher/share/ament_index/resource_index/parent_prefix_path/custom_publisher
[0.067s] -- Up-to-date: /home/hein/dev/ros-test/install/custom_publisher/share/custom_publisher/environment/ament_prefix_path.sh
[0.067s] -- Up-to-date: /home/hein/dev/ros-test/install/custom_publisher/share/custom_publisher/environment/ament_prefix_path.dsv
[0.067s] -- Up-to-date: /home/hein/dev/ros-test/install/custom_publisher/share/custom_publisher/environment/path.sh
[0.067s] -- Up-to-date: /home/hein/dev/ros-test/install/custom_publisher/share/custom_publisher/environment/path.dsv
[0.067s] -- Up-to-date: /home/hein/dev/ros-test/install/custom_publisher/share/custom_publisher/local_setup.bash
[0.067s] -- Up-to-date: /home/hein/dev/ros-test/install/custom_publisher/share/custom_publisher/local_setup.sh
[0.067s] -- Up-to-date: /home/hein/dev/ros-test/install/custom_publisher/share/custom_publisher/local_setup.zsh
[0.068s] -- Up-to-date: /home/hein/dev/ros-test/install/custom_publisher/share/custom_publisher/local_setup.dsv
[0.068s] -- Installing: /home/hein/dev/ros-test/install/custom_publisher/share/custom_publisher/package.dsv
[0.068s] -- Up-to-date: /home/hein/dev/ros-test/install/custom_publisher/share/ament_index/resource_index/packages/custom_publisher
[0.068s] -- Up-to-date: /home/hein/dev/ros-test/install/custom_publisher/share/custom_publisher/cmake/custom_publisherConfig.cmake
[0.069s] -- Up-to-date: /home/hein/dev/ros-test/install/custom_publisher/share/custom_publisher/cmake/custom_publisherConfig-version.cmake
[0.069s] -- Up-to-date: /home/hein/dev/ros-test/install/custom_publisher/share/custom_publisher/package.xml
[0.070s] Invoked command in '/home/hein/dev/ros-test/build/custom_publisher' returned '0': CMAKE_PREFIX_PATH=${CMAKE_PREFIX_PATH}:/opt/ros/jazzy DEBUGINFOD_URLS=https://debuginfod.ubuntu.com /usr/bin/cmake --install /home/hein/dev/ros-test/build/custom_publisher
