[0.066s] DEBUG:colcon:Command line arguments: ['/usr/bin/colcon', 'build']
[0.066s] DEBUG:colcon:Parsed command line arguments: Namespace(log_base=None, log_level=None, verb_name='build', build_base='build', install_base='install', merge_install=False, symlink_install=False, test_result_base=None, continue_on_error=False, executor='parallel', parallel_workers=16, event_handlers=None, ignore_user_meta=False, metas=['./colcon.meta'], base_paths=['.'], packages_ignore=None, packages_ignore_regex=None, paths=None, packages_up_to=None, packages_up_to_regex=None, packages_above=None, packages_above_and_dependencies=None, packages_above_depth=None, packages_select_by_dep=None, packages_skip_by_dep=None, packages_skip_up_to=None, packages_select_build_failed=False, packages_skip_build_finished=False, packages_select_test_failures=False, packages_skip_test_passed=False, packages_select=None, packages_skip=None, packages_select_regex=None, packages_skip_regex=None, packages_start=None, packages_end=None, allow_overriding=[], cmake_args=None, cmake_target=None, cmake_target_skip_unavailable=False, cmake_clean_cache=False, cmake_clean_first=False, cmake_force_configure=False, ament_cmake_args=None, catkin_cmake_args=None, catkin_skip_building_tests=False, mixin_files=None, mixin=None, verb_parser=<colcon_mixin.mixin.mixin_argument.MixinArgumentDecorator object at 0x793619cadca0>, verb_extension=<colcon_core.verb.build.BuildVerb object at 0x793619dce300>, main=<bound method BuildVerb.main of <colcon_core.verb.build.BuildVerb object at 0x793619dce300>>, mixin_verb=('build',))
[0.089s] Level 1:colcon.colcon_core.package_discovery:discover_packages(colcon_meta) check parameters
[0.089s] Level 1:colcon.colcon_core.package_discovery:discover_packages(recursive) check parameters
[0.089s] Level 1:colcon.colcon_core.package_discovery:discover_packages(ignore) check parameters
[0.089s] Level 1:colcon.colcon_core.package_discovery:discover_packages(path) check parameters
[0.089s] Level 1:colcon.colcon_core.package_discovery:discover_packages(colcon_meta) discover
[0.089s] Level 1:colcon.colcon_core.package_discovery:discover_packages(recursive) discover
[0.089s] INFO:colcon.colcon_core.package_discovery:Crawling recursively for packages in '/home/hein/dev/ros-test'
[0.089s] Level 1:colcon.colcon_core.package_identification:_identify(.) by extensions ['ignore', 'ignore_ament_install']
[0.089s] Level 1:colcon.colcon_core.package_identification:_identify(.) by extension 'ignore'
[0.089s] Level 1:colcon.colcon_core.package_identification:_identify(.) by extension 'ignore_ament_install'
[0.089s] Level 1:colcon.colcon_core.package_identification:_identify(.) by extensions ['colcon_pkg']
[0.089s] Level 1:colcon.colcon_core.package_identification:_identify(.) by extension 'colcon_pkg'
[0.089s] Level 1:colcon.colcon_core.package_identification:_identify(.) by extensions ['colcon_meta']
[0.089s] Level 1:colcon.colcon_core.package_identification:_identify(.) by extension 'colcon_meta'
[0.089s] Level 1:colcon.colcon_core.package_identification:_identify(.) by extensions ['ros']
[0.089s] Level 1:colcon.colcon_core.package_identification:_identify(.) by extension 'ros'
[0.105s] Level 1:colcon.colcon_core.package_identification:_identify(.) by extensions ['cmake', 'python']
[0.105s] Level 1:colcon.colcon_core.package_identification:_identify(.) by extension 'cmake'
[0.105s] Level 1:colcon.colcon_core.package_identification:_identify(.) by extension 'python'
[0.105s] Level 1:colcon.colcon_core.package_identification:_identify(.) by extensions ['python_setup_py']
[0.105s] Level 1:colcon.colcon_core.package_identification:_identify(.) by extension 'python_setup_py'
[0.105s] Level 1:colcon.colcon_core.package_identification:_identify(build) by extensions ['ignore', 'ignore_ament_install']
[0.105s] Level 1:colcon.colcon_core.package_identification:_identify(build) by extension 'ignore'
[0.105s] Level 1:colcon.colcon_core.package_identification:_identify(build) ignored
[0.105s] Level 1:colcon.colcon_core.package_identification:_identify(install) by extensions ['ignore', 'ignore_ament_install']
[0.105s] Level 1:colcon.colcon_core.package_identification:_identify(install) by extension 'ignore'
[0.105s] Level 1:colcon.colcon_core.package_identification:_identify(install) ignored
[0.105s] Level 1:colcon.colcon_core.package_identification:_identify(log) by extensions ['ignore', 'ignore_ament_install']
[0.106s] Level 1:colcon.colcon_core.package_identification:_identify(log) by extension 'ignore'
[0.106s] Level 1:colcon.colcon_core.package_identification:_identify(log) ignored
[0.106s] Level 1:colcon.colcon_core.package_identification:_identify(packages) by extensions ['ignore', 'ignore_ament_install']
[0.106s] Level 1:colcon.colcon_core.package_identification:_identify(packages) by extension 'ignore'
[0.106s] Level 1:colcon.colcon_core.package_identification:_identify(packages) by extension 'ignore_ament_install'
[0.106s] Level 1:colcon.colcon_core.package_identification:_identify(packages) by extensions ['colcon_pkg']
[0.106s] Level 1:colcon.colcon_core.package_identification:_identify(packages) by extension 'colcon_pkg'
[0.106s] Level 1:colcon.colcon_core.package_identification:_identify(packages) by extensions ['colcon_meta']
[0.106s] Level 1:colcon.colcon_core.package_identification:_identify(packages) by extension 'colcon_meta'
[0.106s] Level 1:colcon.colcon_core.package_identification:_identify(packages) by extensions ['ros']
[0.106s] Level 1:colcon.colcon_core.package_identification:_identify(packages) by extension 'ros'
[0.106s] Level 1:colcon.colcon_core.package_identification:_identify(packages) by extensions ['cmake', 'python']
[0.106s] Level 1:colcon.colcon_core.package_identification:_identify(packages) by extension 'cmake'
[0.106s] Level 1:colcon.colcon_core.package_identification:_identify(packages) by extension 'python'
[0.106s] Level 1:colcon.colcon_core.package_identification:_identify(packages) by extensions ['python_setup_py']
[0.106s] Level 1:colcon.colcon_core.package_identification:_identify(packages) by extension 'python_setup_py'
[0.106s] Level 1:colcon.colcon_core.package_identification:_identify(packages/custom_publisher) by extensions ['ignore', 'ignore_ament_install']
[0.106s] Level 1:colcon.colcon_core.package_identification:_identify(packages/custom_publisher) by extension 'ignore'
[0.106s] Level 1:colcon.colcon_core.package_identification:_identify(packages/custom_publisher) by extension 'ignore_ament_install'
[0.106s] Level 1:colcon.colcon_core.package_identification:_identify(packages/custom_publisher) by extensions ['colcon_pkg']
[0.106s] Level 1:colcon.colcon_core.package_identification:_identify(packages/custom_publisher) by extension 'colcon_pkg'
[0.106s] Level 1:colcon.colcon_core.package_identification:_identify(packages/custom_publisher) by extensions ['colcon_meta']
[0.106s] Level 1:colcon.colcon_core.package_identification:_identify(packages/custom_publisher) by extension 'colcon_meta'
[0.106s] Level 1:colcon.colcon_core.package_identification:_identify(packages/custom_publisher) by extensions ['ros']
[0.106s] Level 1:colcon.colcon_core.package_identification:_identify(packages/custom_publisher) by extension 'ros'
[0.107s] DEBUG:colcon.colcon_core.package_identification:Package 'packages/custom_publisher' with type 'ros.ament_cmake' and name 'custom_publisher'
[0.108s] Level 1:colcon.colcon_core.package_identification:_identify(packages/custom_subscriber) by extensions ['ignore', 'ignore_ament_install']
[0.108s] Level 1:colcon.colcon_core.package_identification:_identify(packages/custom_subscriber) by extension 'ignore'
[0.108s] Level 1:colcon.colcon_core.package_identification:_identify(packages/custom_subscriber) by extension 'ignore_ament_install'
[0.108s] Level 1:colcon.colcon_core.package_identification:_identify(packages/custom_subscriber) by extensions ['colcon_pkg']
[0.108s] Level 1:colcon.colcon_core.package_identification:_identify(packages/custom_subscriber) by extension 'colcon_pkg'
[0.108s] Level 1:colcon.colcon_core.package_identification:_identify(packages/custom_subscriber) by extensions ['colcon_meta']
[0.108s] Level 1:colcon.colcon_core.package_identification:_identify(packages/custom_subscriber) by extension 'colcon_meta'
[0.108s] Level 1:colcon.colcon_core.package_identification:_identify(packages/custom_subscriber) by extensions ['ros']
[0.108s] Level 1:colcon.colcon_core.package_identification:_identify(packages/custom_subscriber) by extension 'ros'
[0.108s] DEBUG:colcon.colcon_core.package_identification:Package 'packages/custom_subscriber' with type 'ros.ament_cmake' and name 'custom_subscriber'
[0.108s] Level 1:colcon.colcon_core.package_identification:_identify(test-package) by extensions ['ignore', 'ignore_ament_install']
[0.108s] Level 1:colcon.colcon_core.package_identification:_identify(test-package) by extension 'ignore'
[0.108s] Level 1:colcon.colcon_core.package_identification:_identify(test-package) by extension 'ignore_ament_install'
[0.108s] Level 1:colcon.colcon_core.package_identification:_identify(test-package) by extensions ['colcon_pkg']
[0.108s] Level 1:colcon.colcon_core.package_identification:_identify(test-package) by extension 'colcon_pkg'
[0.108s] Level 1:colcon.colcon_core.package_identification:_identify(test-package) by extensions ['colcon_meta']
[0.108s] Level 1:colcon.colcon_core.package_identification:_identify(test-package) by extension 'colcon_meta'
[0.108s] Level 1:colcon.colcon_core.package_identification:_identify(test-package) by extensions ['ros']
[0.108s] Level 1:colcon.colcon_core.package_identification:_identify(test-package) by extension 'ros'
[0.109s] DEBUG:colcon.colcon_core.package_identification:Package 'test-package' with type 'ros.ament_cmake' and name 'test-package'
[0.109s] Level 1:colcon.colcon_core.package_discovery:discover_packages(recursive) using defaults
[0.109s] Level 1:colcon.colcon_core.package_discovery:discover_packages(ignore) discover
[0.109s] Level 1:colcon.colcon_core.package_discovery:discover_packages(ignore) using defaults
[0.109s] Level 1:colcon.colcon_core.package_discovery:discover_packages(path) discover
[0.109s] Level 1:colcon.colcon_core.package_discovery:discover_packages(path) using defaults
[0.120s] Level 1:colcon.colcon_core.package_discovery:discover_packages(prefix_path) check parameters
[0.120s] Level 1:colcon.colcon_core.package_discovery:discover_packages(prefix_path) discover
[0.121s] DEBUG:colcon.colcon_installed_package_information.package_discovery:Found 3 installed packages in /home/hein/dev/ros-test/install
[0.121s] DEBUG:colcon.colcon_installed_package_information.package_discovery:Found 338 installed packages in /opt/ros/jazzy
[0.122s] Level 1:colcon.colcon_core.package_discovery:discover_packages(prefix_path) using defaults
[0.146s] Level 5:colcon.colcon_core.verb:set package 'custom_publisher' build argument 'cmake_args' from command line to 'None'
[0.146s] Level 5:colcon.colcon_core.verb:set package 'custom_publisher' build argument 'cmake_target' from command line to 'None'
[0.146s] Level 5:colcon.colcon_core.verb:set package 'custom_publisher' build argument 'cmake_target_skip_unavailable' from command line to 'False'
[0.146s] Level 5:colcon.colcon_core.verb:set package 'custom_publisher' build argument 'cmake_clean_cache' from command line to 'False'
[0.146s] Level 5:colcon.colcon_core.verb:set package 'custom_publisher' build argument 'cmake_clean_first' from command line to 'False'
[0.146s] Level 5:colcon.colcon_core.verb:set package 'custom_publisher' build argument 'cmake_force_configure' from command line to 'False'
[0.146s] Level 5:colcon.colcon_core.verb:set package 'custom_publisher' build argument 'ament_cmake_args' from command line to 'None'
[0.146s] Level 5:colcon.colcon_core.verb:set package 'custom_publisher' build argument 'catkin_cmake_args' from command line to 'None'
[0.146s] Level 5:colcon.colcon_core.verb:set package 'custom_publisher' build argument 'catkin_skip_building_tests' from command line to 'False'
[0.146s] DEBUG:colcon.colcon_core.verb:Building package 'custom_publisher' with the following arguments: {'ament_cmake_args': None, 'build_base': '/home/hein/dev/ros-test/build/custom_publisher', 'catkin_cmake_args': None, 'catkin_skip_building_tests': False, 'cmake_args': None, 'cmake_clean_cache': False, 'cmake_clean_first': False, 'cmake_force_configure': False, 'cmake_target': None, 'cmake_target_skip_unavailable': False, 'install_base': '/home/hein/dev/ros-test/install/custom_publisher', 'merge_install': False, 'path': '/home/hein/dev/ros-test/packages/custom_publisher', 'symlink_install': False, 'test_result_base': None}
[0.147s] Level 5:colcon.colcon_core.verb:set package 'custom_subscriber' build argument 'cmake_args' from command line to 'None'
[0.147s] Level 5:colcon.colcon_core.verb:set package 'custom_subscriber' build argument 'cmake_target' from command line to 'None'
[0.147s] Level 5:colcon.colcon_core.verb:set package 'custom_subscriber' build argument 'cmake_target_skip_unavailable' from command line to 'False'
[0.147s] Level 5:colcon.colcon_core.verb:set package 'custom_subscriber' build argument 'cmake_clean_cache' from command line to 'False'
[0.147s] Level 5:colcon.colcon_core.verb:set package 'custom_subscriber' build argument 'cmake_clean_first' from command line to 'False'
[0.147s] Level 5:colcon.colcon_core.verb:set package 'custom_subscriber' build argument 'cmake_force_configure' from command line to 'False'
[0.147s] Level 5:colcon.colcon_core.verb:set package 'custom_subscriber' build argument 'ament_cmake_args' from command line to 'None'
[0.147s] Level 5:colcon.colcon_core.verb:set package 'custom_subscriber' build argument 'catkin_cmake_args' from command line to 'None'
[0.147s] Level 5:colcon.colcon_core.verb:set package 'custom_subscriber' build argument 'catkin_skip_building_tests' from command line to 'False'
[0.147s] DEBUG:colcon.colcon_core.verb:Building package 'custom_subscriber' with the following arguments: {'ament_cmake_args': None, 'build_base': '/home/hein/dev/ros-test/build/custom_subscriber', 'catkin_cmake_args': None, 'catkin_skip_building_tests': False, 'cmake_args': None, 'cmake_clean_cache': False, 'cmake_clean_first': False, 'cmake_force_configure': False, 'cmake_target': None, 'cmake_target_skip_unavailable': False, 'install_base': '/home/hein/dev/ros-test/install/custom_subscriber', 'merge_install': False, 'path': '/home/hein/dev/ros-test/packages/custom_subscriber', 'symlink_install': False, 'test_result_base': None}
[0.147s] Level 5:colcon.colcon_core.verb:set package 'test-package' build argument 'cmake_args' from command line to 'None'
[0.147s] Level 5:colcon.colcon_core.verb:set package 'test-package' build argument 'cmake_target' from command line to 'None'
[0.147s] Level 5:colcon.colcon_core.verb:set package 'test-package' build argument 'cmake_target_skip_unavailable' from command line to 'False'
[0.147s] Level 5:colcon.colcon_core.verb:set package 'test-package' build argument 'cmake_clean_cache' from command line to 'False'
[0.147s] Level 5:colcon.colcon_core.verb:set package 'test-package' build argument 'cmake_clean_first' from command line to 'False'
[0.147s] Level 5:colcon.colcon_core.verb:set package 'test-package' build argument 'cmake_force_configure' from command line to 'False'
[0.147s] Level 5:colcon.colcon_core.verb:set package 'test-package' build argument 'ament_cmake_args' from command line to 'None'
[0.147s] Level 5:colcon.colcon_core.verb:set package 'test-package' build argument 'catkin_cmake_args' from command line to 'None'
[0.147s] Level 5:colcon.colcon_core.verb:set package 'test-package' build argument 'catkin_skip_building_tests' from command line to 'False'
[0.147s] DEBUG:colcon.colcon_core.verb:Building package 'test-package' with the following arguments: {'ament_cmake_args': None, 'build_base': '/home/hein/dev/ros-test/build/test-package', 'catkin_cmake_args': None, 'catkin_skip_building_tests': False, 'cmake_args': None, 'cmake_clean_cache': False, 'cmake_clean_first': False, 'cmake_force_configure': False, 'cmake_target': None, 'cmake_target_skip_unavailable': False, 'install_base': '/home/hein/dev/ros-test/install/test-package', 'merge_install': False, 'path': '/home/hein/dev/ros-test/test-package', 'symlink_install': False, 'test_result_base': None}
[0.147s] INFO:colcon.colcon_core.executor:Executing jobs using 'parallel' executor
[0.148s] DEBUG:colcon.colcon_parallel_executor.executor.parallel:run_until_complete
[0.148s] INFO:colcon.colcon_ros.task.ament_cmake.build:Building ROS package in '/home/hein/dev/ros-test/packages/custom_publisher' with build type 'ament_cmake'
[0.148s] INFO:colcon.colcon_cmake.task.cmake.build:Building CMake package in '/home/hein/dev/ros-test/packages/custom_publisher'
[0.149s] INFO:colcon.colcon_core.plugin_system:Skipping extension 'colcon_core.shell.bat': Not used on non-Windows systems
[0.149s] INFO:colcon.colcon_core.shell:Skip shell extension 'powershell' for command environment: Not usable outside of PowerShell
[0.149s] DEBUG:colcon.colcon_core.shell:Skip shell extension 'dsv' for command environment
[0.151s] INFO:colcon.colcon_ros.task.ament_cmake.build:Building ROS package in '/home/hein/dev/ros-test/packages/custom_subscriber' with build type 'ament_cmake'
[0.151s] INFO:colcon.colcon_cmake.task.cmake.build:Building CMake package in '/home/hein/dev/ros-test/packages/custom_subscriber'
[0.151s] INFO:colcon.colcon_core.shell:Skip shell extension 'powershell' for command environment: Not usable outside of PowerShell
[0.151s] DEBUG:colcon.colcon_core.shell:Skip shell extension 'dsv' for command environment
[0.153s] INFO:colcon.colcon_ros.task.ament_cmake.build:Building ROS package in '/home/hein/dev/ros-test/test-package' with build type 'ament_cmake'
[0.153s] INFO:colcon.colcon_cmake.task.cmake.build:Building CMake package in '/home/hein/dev/ros-test/test-package'
[0.153s] INFO:colcon.colcon_core.shell:Skip shell extension 'powershell' for command environment: Not usable outside of PowerShell
[0.153s] DEBUG:colcon.colcon_core.shell:Skip shell extension 'dsv' for command environment
[0.158s] DEBUG:colcon.colcon_core.event_handler.log_command:Invoking command in '/home/hein/dev/ros-test/build/custom_publisher': CMAKE_PREFIX_PATH=${CMAKE_PREFIX_PATH}:/opt/ros/jazzy DEBUGINFOD_URLS=https://debuginfod.ubuntu.com /usr/bin/cmake --build /home/hein/dev/ros-test/build/custom_publisher -- -j16 -l16
[0.160s] DEBUG:colcon.colcon_core.event_handler.log_command:Invoking command in '/home/hein/dev/ros-test/build/custom_subscriber': CMAKE_PREFIX_PATH=${CMAKE_PREFIX_PATH}:/opt/ros/jazzy DEBUGINFOD_URLS=https://debuginfod.ubuntu.com /usr/bin/cmake --build /home/hein/dev/ros-test/build/custom_subscriber -- -j16 -l16
[0.162s] DEBUG:colcon.colcon_core.event_handler.log_command:Invoking command in '/home/hein/dev/ros-test/build/test-package': CMAKE_PREFIX_PATH=${CMAKE_PREFIX_PATH}:/opt/ros/jazzy DEBUGINFOD_URLS=https://debuginfod.ubuntu.com /usr/bin/cmake --build /home/hein/dev/ros-test/build/test-package -- -j16 -l16
[0.215s] DEBUG:colcon.colcon_core.event_handler.log_command:Invoked command in '/home/hein/dev/ros-test/build/test-package' returned '0': CMAKE_PREFIX_PATH=${CMAKE_PREFIX_PATH}:/opt/ros/jazzy DEBUGINFOD_URLS=https://debuginfod.ubuntu.com /usr/bin/cmake --build /home/hein/dev/ros-test/build/test-package -- -j16 -l16
[0.223s] DEBUG:colcon.colcon_core.event_handler.log_command:Invoking command in '/home/hein/dev/ros-test/build/test-package': CMAKE_PREFIX_PATH=${CMAKE_PREFIX_PATH}:/opt/ros/jazzy DEBUGINFOD_URLS=https://debuginfod.ubuntu.com /usr/bin/cmake --install /home/hein/dev/ros-test/build/test-package
[0.231s] Level 1:colcon.colcon_core.environment:create_environment_scripts_only(test-package)
[0.232s] DEBUG:colcon.colcon_core.event_handler.log_command:Invoked command in '/home/hein/dev/ros-test/build/test-package' returned '0': CMAKE_PREFIX_PATH=${CMAKE_PREFIX_PATH}:/opt/ros/jazzy DEBUGINFOD_URLS=https://debuginfod.ubuntu.com /usr/bin/cmake --install /home/hein/dev/ros-test/build/test-package
[0.234s] Level 1:colcon.colcon_core.environment:checking '/home/hein/dev/ros-test/install/test-package' for CMake module files
[0.234s] Level 1:colcon.colcon_core.environment:checking '/home/hein/dev/ros-test/install/test-package' for CMake config files
[0.235s] Level 1:colcon.colcon_core.shell:create_environment_hook('test-package', 'cmake_prefix_path')
[0.235s] INFO:colcon.colcon_core.shell:Creating environment hook '/home/hein/dev/ros-test/install/test-package/share/test-package/hook/cmake_prefix_path.ps1'
[0.235s] INFO:colcon.colcon_core.shell:Creating environment descriptor '/home/hein/dev/ros-test/install/test-package/share/test-package/hook/cmake_prefix_path.dsv'
[0.236s] INFO:colcon.colcon_core.shell:Creating environment hook '/home/hein/dev/ros-test/install/test-package/share/test-package/hook/cmake_prefix_path.sh'
[0.236s] Level 1:colcon.colcon_core.environment:checking '/home/hein/dev/ros-test/install/test-package/lib'
[0.236s] Level 1:colcon.colcon_core.environment:checking '/home/hein/dev/ros-test/install/test-package/bin'
[0.236s] Level 1:colcon.colcon_core.environment:checking '/home/hein/dev/ros-test/install/test-package/lib/pkgconfig/test-package.pc'
[0.236s] Level 1:colcon.colcon_core.environment:checking '/home/hein/dev/ros-test/install/test-package/lib/python3.12/site-packages'
[0.237s] Level 1:colcon.colcon_core.environment:checking '/home/hein/dev/ros-test/install/test-package/bin'
[0.237s] INFO:colcon.colcon_core.shell:Creating package script '/home/hein/dev/ros-test/install/test-package/share/test-package/package.ps1'
[0.237s] INFO:colcon.colcon_core.shell:Creating package descriptor '/home/hein/dev/ros-test/install/test-package/share/test-package/package.dsv'
[0.237s] INFO:colcon.colcon_core.shell:Creating package script '/home/hein/dev/ros-test/install/test-package/share/test-package/package.sh'
[0.238s] INFO:colcon.colcon_core.shell:Creating package script '/home/hein/dev/ros-test/install/test-package/share/test-package/package.bash'
[0.238s] INFO:colcon.colcon_core.shell:Creating package script '/home/hein/dev/ros-test/install/test-package/share/test-package/package.zsh'
[0.238s] Level 1:colcon.colcon_core.environment:create_file_with_runtime_dependencies(/home/hein/dev/ros-test/install/test-package/share/colcon-core/packages/test-package)
[0.238s] Level 1:colcon.colcon_core.environment:create_environment_scripts_only(test-package)
[0.238s] Level 1:colcon.colcon_core.environment:checking '/home/hein/dev/ros-test/install/test-package' for CMake module files
[0.239s] Level 1:colcon.colcon_core.environment:checking '/home/hein/dev/ros-test/install/test-package' for CMake config files
[0.239s] Level 1:colcon.colcon_core.shell:create_environment_hook('test-package', 'cmake_prefix_path')
[0.239s] INFO:colcon.colcon_core.shell:Creating environment hook '/home/hein/dev/ros-test/install/test-package/share/test-package/hook/cmake_prefix_path.ps1'
[0.239s] INFO:colcon.colcon_core.shell:Creating environment descriptor '/home/hein/dev/ros-test/install/test-package/share/test-package/hook/cmake_prefix_path.dsv'
[0.239s] INFO:colcon.colcon_core.shell:Creating environment hook '/home/hein/dev/ros-test/install/test-package/share/test-package/hook/cmake_prefix_path.sh'
[0.239s] Level 1:colcon.colcon_core.environment:checking '/home/hein/dev/ros-test/install/test-package/lib'
[0.239s] Level 1:colcon.colcon_core.environment:checking '/home/hein/dev/ros-test/install/test-package/bin'
[0.239s] Level 1:colcon.colcon_core.environment:checking '/home/hein/dev/ros-test/install/test-package/lib/pkgconfig/test-package.pc'
[0.240s] Level 1:colcon.colcon_core.environment:checking '/home/hein/dev/ros-test/install/test-package/lib/python3.12/site-packages'
[0.240s] Level 1:colcon.colcon_core.environment:checking '/home/hein/dev/ros-test/install/test-package/bin'
[0.240s] INFO:colcon.colcon_core.shell:Creating package script '/home/hein/dev/ros-test/install/test-package/share/test-package/package.ps1'
[0.240s] INFO:colcon.colcon_core.shell:Creating package descriptor '/home/hein/dev/ros-test/install/test-package/share/test-package/package.dsv'
[0.240s] INFO:colcon.colcon_core.shell:Creating package script '/home/hein/dev/ros-test/install/test-package/share/test-package/package.sh'
[0.240s] INFO:colcon.colcon_core.shell:Creating package script '/home/hein/dev/ros-test/install/test-package/share/test-package/package.bash'
[0.241s] INFO:colcon.colcon_core.shell:Creating package script '/home/hein/dev/ros-test/install/test-package/share/test-package/package.zsh'
[0.241s] Level 1:colcon.colcon_core.environment:create_file_with_runtime_dependencies(/home/hein/dev/ros-test/install/test-package/share/colcon-core/packages/test-package)
[0.388s] DEBUG:colcon.colcon_core.event_handler.log_command:Invoked command in '/home/hein/dev/ros-test/build/custom_publisher' returned '2': CMAKE_PREFIX_PATH=${CMAKE_PREFIX_PATH}:/opt/ros/jazzy DEBUGINFOD_URLS=https://debuginfod.ubuntu.com /usr/bin/cmake --build /home/hein/dev/ros-test/build/custom_publisher -- -j16 -l16
[0.388s] Level 1:colcon.colcon_core.environment:create_environment_scripts_only(custom_publisher)
[0.389s] Level 1:colcon.colcon_core.environment:checking '/home/hein/dev/ros-test/install/custom_publisher' for CMake module files
[0.389s] Level 1:colcon.colcon_core.environment:checking '/home/hein/dev/ros-test/install/custom_publisher' for CMake config files
[0.389s] Level 1:colcon.colcon_core.shell:create_environment_hook('custom_publisher', 'cmake_prefix_path')
[0.389s] INFO:colcon.colcon_core.shell:Creating environment hook '/home/hein/dev/ros-test/install/custom_publisher/share/custom_publisher/hook/cmake_prefix_path.ps1'
[0.389s] INFO:colcon.colcon_core.shell:Creating environment descriptor '/home/hein/dev/ros-test/install/custom_publisher/share/custom_publisher/hook/cmake_prefix_path.dsv'
[0.389s] INFO:colcon.colcon_core.shell:Creating environment hook '/home/hein/dev/ros-test/install/custom_publisher/share/custom_publisher/hook/cmake_prefix_path.sh'
[0.390s] Level 1:colcon.colcon_core.environment:checking '/home/hein/dev/ros-test/install/custom_publisher/bin'
[0.390s] Level 1:colcon.colcon_core.environment:checking '/home/hein/dev/ros-test/install/custom_publisher/lib/pkgconfig/custom_publisher.pc'
[0.390s] Level 1:colcon.colcon_core.environment:checking '/home/hein/dev/ros-test/install/custom_publisher/lib/python3.12/site-packages'
[0.390s] Level 1:colcon.colcon_core.environment:checking '/home/hein/dev/ros-test/install/custom_publisher/bin'
[0.390s] INFO:colcon.colcon_core.shell:Creating package script '/home/hein/dev/ros-test/install/custom_publisher/share/custom_publisher/package.ps1'
[0.391s] INFO:colcon.colcon_core.shell:Creating package descriptor '/home/hein/dev/ros-test/install/custom_publisher/share/custom_publisher/package.dsv'
[0.391s] INFO:colcon.colcon_core.shell:Creating package script '/home/hein/dev/ros-test/install/custom_publisher/share/custom_publisher/package.sh'
[0.391s] INFO:colcon.colcon_core.shell:Creating package script '/home/hein/dev/ros-test/install/custom_publisher/share/custom_publisher/package.bash'
[0.391s] INFO:colcon.colcon_core.shell:Creating package script '/home/hein/dev/ros-test/install/custom_publisher/share/custom_publisher/package.zsh'
[0.391s] Level 1:colcon.colcon_core.environment:create_file_with_runtime_dependencies(/home/hein/dev/ros-test/install/custom_publisher/share/colcon-core/packages/custom_publisher)
[0.397s] DEBUG:colcon.colcon_parallel_executor.executor.parallel:closing loop
[0.397s] DEBUG:colcon.colcon_parallel_executor.executor.parallel:loop closed
[0.397s] DEBUG:colcon.colcon_parallel_executor.executor.parallel:run_until_complete finished with '2'
[0.398s] DEBUG:colcon.colcon_core.event_reactor:joining thread
[0.400s] INFO:colcon.colcon_core.plugin_system:Skipping extension 'colcon_notification.desktop_notification.terminal_notifier': Not used on non-Darwin systems
[0.401s] INFO:colcon.colcon_core.plugin_system:Skipping extension 'colcon_notification.desktop_notification.win32': Not used on non-Windows systems
[0.401s] INFO:colcon.colcon_notification.desktop_notification:Sending desktop notification using 'notify2'
[0.411s] DEBUG:colcon.colcon_core.event_reactor:joined thread
[0.411s] INFO:colcon.colcon_core.shell:Creating prefix script '/home/hein/dev/ros-test/install/local_setup.ps1'
[0.413s] INFO:colcon.colcon_core.shell:Creating prefix util module '/home/hein/dev/ros-test/install/_local_setup_util_ps1.py'
[0.414s] INFO:colcon.colcon_core.shell:Creating prefix chain script '/home/hein/dev/ros-test/install/setup.ps1'
[0.415s] INFO:colcon.colcon_core.shell:Creating prefix script '/home/hein/dev/ros-test/install/local_setup.sh'
[0.416s] INFO:colcon.colcon_core.shell:Creating prefix util module '/home/hein/dev/ros-test/install/_local_setup_util_sh.py'
[0.416s] INFO:colcon.colcon_core.shell:Creating prefix chain script '/home/hein/dev/ros-test/install/setup.sh'
[0.417s] INFO:colcon.colcon_core.shell:Creating prefix script '/home/hein/dev/ros-test/install/local_setup.bash'
[0.418s] INFO:colcon.colcon_core.shell:Creating prefix chain script '/home/hein/dev/ros-test/install/setup.bash'
[0.419s] INFO:colcon.colcon_core.shell:Creating prefix script '/home/hein/dev/ros-test/install/local_setup.zsh'
[0.420s] INFO:colcon.colcon_core.shell:Creating prefix chain script '/home/hein/dev/ros-test/install/setup.zsh'
