[0.082s] DEBUG:colcon:Command line arguments: ['/usr/bin/colcon', 'build']
[0.082s] DEBUG:colcon:Parsed command line arguments: Namespace(log_base=None, log_level=None, verb_name='build', build_base='build', install_base='install', merge_install=False, symlink_install=False, test_result_base=None, continue_on_error=False, executor='parallel', parallel_workers=16, event_handlers=None, ignore_user_meta=False, metas=['./colcon.meta'], base_paths=['.'], packages_ignore=None, packages_ignore_regex=None, paths=None, packages_up_to=None, packages_up_to_regex=None, packages_above=None, packages_above_and_dependencies=None, packages_above_depth=None, packages_select_by_dep=None, packages_skip_by_dep=None, packages_skip_up_to=None, packages_select_build_failed=False, packages_skip_build_finished=False, packages_select_test_failures=False, packages_skip_test_passed=False, packages_select=None, packages_skip=None, packages_select_regex=None, packages_skip_regex=None, packages_start=None, packages_end=None, allow_overriding=[], cmake_args=None, cmake_target=None, cmake_target_skip_unavailable=False, cmake_clean_cache=False, cmake_clean_first=False, cmake_force_configure=False, ament_cmake_args=None, catkin_cmake_args=None, catkin_skip_building_tests=False, mixin_files=None, mixin=None, verb_parser=<colcon_mixin.mixin.mixin_argument.MixinArgumentDecorator object at 0x756d6d4adca0>, verb_extension=<colcon_core.verb.build.BuildVerb object at 0x756d6d5ce2a0>, main=<bound method BuildVerb.main of <colcon_core.verb.build.BuildVerb object at 0x756d6d5ce2a0>>, mixin_verb=('build',))
[0.114s] Level 1:colcon.colcon_core.package_discovery:discover_packages(colcon_meta) check parameters
[0.114s] Level 1:colcon.colcon_core.package_discovery:discover_packages(recursive) check parameters
[0.114s] Level 1:colcon.colcon_core.package_discovery:discover_packages(ignore) check parameters
[0.114s] Level 1:colcon.colcon_core.package_discovery:discover_packages(path) check parameters
[0.114s] Level 1:colcon.colcon_core.package_discovery:discover_packages(colcon_meta) discover
[0.114s] Level 1:colcon.colcon_core.package_discovery:discover_packages(recursive) discover
[0.114s] INFO:colcon.colcon_core.package_discovery:Crawling recursively for packages in '/home/hein/dev/ros-test'
[0.114s] Level 1:colcon.colcon_core.package_identification:_identify(.) by extensions ['ignore', 'ignore_ament_install']
[0.114s] Level 1:colcon.colcon_core.package_identification:_identify(.) by extension 'ignore'
[0.114s] Level 1:colcon.colcon_core.package_identification:_identify(.) by extension 'ignore_ament_install'
[0.114s] Level 1:colcon.colcon_core.package_identification:_identify(.) by extensions ['colcon_pkg']
[0.114s] Level 1:colcon.colcon_core.package_identification:_identify(.) by extension 'colcon_pkg'
[0.114s] Level 1:colcon.colcon_core.package_identification:_identify(.) by extensions ['colcon_meta']
[0.114s] Level 1:colcon.colcon_core.package_identification:_identify(.) by extension 'colcon_meta'
[0.114s] Level 1:colcon.colcon_core.package_identification:_identify(.) by extensions ['ros']
[0.114s] Level 1:colcon.colcon_core.package_identification:_identify(.) by extension 'ros'
[0.129s] Level 1:colcon.colcon_core.package_identification:_identify(.) by extensions ['cmake', 'python']
[0.129s] Level 1:colcon.colcon_core.package_identification:_identify(.) by extension 'cmake'
[0.129s] Level 1:colcon.colcon_core.package_identification:_identify(.) by extension 'python'
[0.129s] Level 1:colcon.colcon_core.package_identification:_identify(.) by extensions ['python_setup_py']
[0.129s] Level 1:colcon.colcon_core.package_identification:_identify(.) by extension 'python_setup_py'
[0.129s] Level 1:colcon.colcon_core.package_identification:_identify(build) by extensions ['ignore', 'ignore_ament_install']
[0.129s] Level 1:colcon.colcon_core.package_identification:_identify(build) by extension 'ignore'
[0.129s] Level 1:colcon.colcon_core.package_identification:_identify(build) ignored
[0.129s] Level 1:colcon.colcon_core.package_identification:_identify(install) by extensions ['ignore', 'ignore_ament_install']
[0.129s] Level 1:colcon.colcon_core.package_identification:_identify(install) by extension 'ignore'
[0.129s] Level 1:colcon.colcon_core.package_identification:_identify(install) ignored
[0.129s] Level 1:colcon.colcon_core.package_identification:_identify(log) by extensions ['ignore', 'ignore_ament_install']
[0.129s] Level 1:colcon.colcon_core.package_identification:_identify(log) by extension 'ignore'
[0.129s] Level 1:colcon.colcon_core.package_identification:_identify(log) ignored
[0.129s] Level 1:colcon.colcon_core.package_identification:_identify(packages) by extensions ['ignore', 'ignore_ament_install']
[0.130s] Level 1:colcon.colcon_core.package_identification:_identify(packages) by extension 'ignore'
[0.130s] Level 1:colcon.colcon_core.package_identification:_identify(packages) by extension 'ignore_ament_install'
[0.130s] Level 1:colcon.colcon_core.package_identification:_identify(packages) by extensions ['colcon_pkg']
[0.130s] Level 1:colcon.colcon_core.package_identification:_identify(packages) by extension 'colcon_pkg'
[0.130s] Level 1:colcon.colcon_core.package_identification:_identify(packages) by extensions ['colcon_meta']
[0.130s] Level 1:colcon.colcon_core.package_identification:_identify(packages) by extension 'colcon_meta'
[0.130s] Level 1:colcon.colcon_core.package_identification:_identify(packages) by extensions ['ros']
[0.130s] Level 1:colcon.colcon_core.package_identification:_identify(packages) by extension 'ros'
[0.130s] Level 1:colcon.colcon_core.package_identification:_identify(packages) by extensions ['cmake', 'python']
[0.130s] Level 1:colcon.colcon_core.package_identification:_identify(packages) by extension 'cmake'
[0.130s] Level 1:colcon.colcon_core.package_identification:_identify(packages) by extension 'python'
[0.130s] Level 1:colcon.colcon_core.package_identification:_identify(packages) by extensions ['python_setup_py']
[0.130s] Level 1:colcon.colcon_core.package_identification:_identify(packages) by extension 'python_setup_py'
[0.130s] Level 1:colcon.colcon_core.package_identification:_identify(packages/custom_publisher) by extensions ['ignore', 'ignore_ament_install']
[0.130s] Level 1:colcon.colcon_core.package_identification:_identify(packages/custom_publisher) by extension 'ignore'
[0.130s] Level 1:colcon.colcon_core.package_identification:_identify(packages/custom_publisher) by extension 'ignore_ament_install'
[0.130s] Level 1:colcon.colcon_core.package_identification:_identify(packages/custom_publisher) by extensions ['colcon_pkg']
[0.130s] Level 1:colcon.colcon_core.package_identification:_identify(packages/custom_publisher) by extension 'colcon_pkg'
[0.130s] Level 1:colcon.colcon_core.package_identification:_identify(packages/custom_publisher) by extensions ['colcon_meta']
[0.130s] Level 1:colcon.colcon_core.package_identification:_identify(packages/custom_publisher) by extension 'colcon_meta'
[0.130s] Level 1:colcon.colcon_core.package_identification:_identify(packages/custom_publisher) by extensions ['ros']
[0.130s] Level 1:colcon.colcon_core.package_identification:_identify(packages/custom_publisher) by extension 'ros'
[0.132s] DEBUG:colcon.colcon_core.package_identification:Package 'packages/custom_publisher' with type 'ros.ament_cmake' and name 'custom_publisher'
[0.132s] Level 1:colcon.colcon_core.package_identification:_identify(packages/custom_subscriber) by extensions ['ignore', 'ignore_ament_install']
[0.132s] Level 1:colcon.colcon_core.package_identification:_identify(packages/custom_subscriber) by extension 'ignore'
[0.132s] Level 1:colcon.colcon_core.package_identification:_identify(packages/custom_subscriber) by extension 'ignore_ament_install'
[0.132s] Level 1:colcon.colcon_core.package_identification:_identify(packages/custom_subscriber) by extensions ['colcon_pkg']
[0.132s] Level 1:colcon.colcon_core.package_identification:_identify(packages/custom_subscriber) by extension 'colcon_pkg'
[0.132s] Level 1:colcon.colcon_core.package_identification:_identify(packages/custom_subscriber) by extensions ['colcon_meta']
[0.132s] Level 1:colcon.colcon_core.package_identification:_identify(packages/custom_subscriber) by extension 'colcon_meta'
[0.132s] Level 1:colcon.colcon_core.package_identification:_identify(packages/custom_subscriber) by extensions ['ros']
[0.132s] Level 1:colcon.colcon_core.package_identification:_identify(packages/custom_subscriber) by extension 'ros'
[0.132s] DEBUG:colcon.colcon_core.package_identification:Package 'packages/custom_subscriber' with type 'ros.ament_cmake' and name 'custom_subscriber'
[0.132s] Level 1:colcon.colcon_core.package_discovery:discover_packages(recursive) using defaults
[0.132s] Level 1:colcon.colcon_core.package_discovery:discover_packages(ignore) discover
[0.132s] Level 1:colcon.colcon_core.package_discovery:discover_packages(ignore) using defaults
[0.132s] Level 1:colcon.colcon_core.package_discovery:discover_packages(path) discover
[0.132s] Level 1:colcon.colcon_core.package_discovery:discover_packages(path) using defaults
[0.144s] Level 1:colcon.colcon_core.package_discovery:discover_packages(prefix_path) check parameters
[0.144s] Level 1:colcon.colcon_core.package_discovery:discover_packages(prefix_path) discover
[0.147s] DEBUG:colcon.colcon_installed_package_information.package_discovery:Found 338 installed packages in /opt/ros/jazzy
[0.148s] Level 1:colcon.colcon_core.package_discovery:discover_packages(prefix_path) using defaults
[0.192s] Level 5:colcon.colcon_core.verb:set package 'custom_publisher' build argument 'cmake_args' from command line to 'None'
[0.192s] Level 5:colcon.colcon_core.verb:set package 'custom_publisher' build argument 'cmake_target' from command line to 'None'
[0.192s] Level 5:colcon.colcon_core.verb:set package 'custom_publisher' build argument 'cmake_target_skip_unavailable' from command line to 'False'
[0.192s] Level 5:colcon.colcon_core.verb:set package 'custom_publisher' build argument 'cmake_clean_cache' from command line to 'False'
[0.192s] Level 5:colcon.colcon_core.verb:set package 'custom_publisher' build argument 'cmake_clean_first' from command line to 'False'
[0.192s] Level 5:colcon.colcon_core.verb:set package 'custom_publisher' build argument 'cmake_force_configure' from command line to 'False'
[0.192s] Level 5:colcon.colcon_core.verb:set package 'custom_publisher' build argument 'ament_cmake_args' from command line to 'None'
[0.192s] Level 5:colcon.colcon_core.verb:set package 'custom_publisher' build argument 'catkin_cmake_args' from command line to 'None'
[0.192s] Level 5:colcon.colcon_core.verb:set package 'custom_publisher' build argument 'catkin_skip_building_tests' from command line to 'False'
[0.192s] DEBUG:colcon.colcon_core.verb:Building package 'custom_publisher' with the following arguments: {'ament_cmake_args': None, 'build_base': '/home/hein/dev/ros-test/build/custom_publisher', 'catkin_cmake_args': None, 'catkin_skip_building_tests': False, 'cmake_args': None, 'cmake_clean_cache': False, 'cmake_clean_first': False, 'cmake_force_configure': False, 'cmake_target': None, 'cmake_target_skip_unavailable': False, 'install_base': '/home/hein/dev/ros-test/install/custom_publisher', 'merge_install': False, 'path': '/home/hein/dev/ros-test/packages/custom_publisher', 'symlink_install': False, 'test_result_base': None}
[0.192s] Level 5:colcon.colcon_core.verb:set package 'custom_subscriber' build argument 'cmake_args' from command line to 'None'
[0.192s] Level 5:colcon.colcon_core.verb:set package 'custom_subscriber' build argument 'cmake_target' from command line to 'None'
[0.192s] Level 5:colcon.colcon_core.verb:set package 'custom_subscriber' build argument 'cmake_target_skip_unavailable' from command line to 'False'
[0.192s] Level 5:colcon.colcon_core.verb:set package 'custom_subscriber' build argument 'cmake_clean_cache' from command line to 'False'
[0.192s] Level 5:colcon.colcon_core.verb:set package 'custom_subscriber' build argument 'cmake_clean_first' from command line to 'False'
[0.192s] Level 5:colcon.colcon_core.verb:set package 'custom_subscriber' build argument 'cmake_force_configure' from command line to 'False'
[0.192s] Level 5:colcon.colcon_core.verb:set package 'custom_subscriber' build argument 'ament_cmake_args' from command line to 'None'
[0.192s] Level 5:colcon.colcon_core.verb:set package 'custom_subscriber' build argument 'catkin_cmake_args' from command line to 'None'
[0.192s] Level 5:colcon.colcon_core.verb:set package 'custom_subscriber' build argument 'catkin_skip_building_tests' from command line to 'False'
[0.192s] DEBUG:colcon.colcon_core.verb:Building package 'custom_subscriber' with the following arguments: {'ament_cmake_args': None, 'build_base': '/home/hein/dev/ros-test/build/custom_subscriber', 'catkin_cmake_args': None, 'catkin_skip_building_tests': False, 'cmake_args': None, 'cmake_clean_cache': False, 'cmake_clean_first': False, 'cmake_force_configure': False, 'cmake_target': None, 'cmake_target_skip_unavailable': False, 'install_base': '/home/hein/dev/ros-test/install/custom_subscriber', 'merge_install': False, 'path': '/home/hein/dev/ros-test/packages/custom_subscriber', 'symlink_install': False, 'test_result_base': None}
[0.192s] INFO:colcon.colcon_core.executor:Executing jobs using 'parallel' executor
[0.193s] DEBUG:colcon.colcon_parallel_executor.executor.parallel:run_until_complete
[0.193s] INFO:colcon.colcon_ros.task.ament_cmake.build:Building ROS package in '/home/hein/dev/ros-test/packages/custom_publisher' with build type 'ament_cmake'
[0.193s] INFO:colcon.colcon_cmake.task.cmake.build:Building CMake package in '/home/hein/dev/ros-test/packages/custom_publisher'
[0.194s] INFO:colcon.colcon_core.plugin_system:Skipping extension 'colcon_core.shell.bat': Not used on non-Windows systems
[0.195s] INFO:colcon.colcon_core.shell:Skip shell extension 'powershell' for command environment: Not usable outside of PowerShell
[0.195s] DEBUG:colcon.colcon_core.shell:Skip shell extension 'dsv' for command environment
[0.196s] INFO:colcon.colcon_ros.task.ament_cmake.build:Building ROS package in '/home/hein/dev/ros-test/packages/custom_subscriber' with build type 'ament_cmake'
[0.196s] INFO:colcon.colcon_cmake.task.cmake.build:Building CMake package in '/home/hein/dev/ros-test/packages/custom_subscriber'
[0.196s] INFO:colcon.colcon_core.shell:Skip shell extension 'powershell' for command environment: Not usable outside of PowerShell
[0.196s] DEBUG:colcon.colcon_core.shell:Skip shell extension 'dsv' for command environment
[0.200s] DEBUG:colcon.colcon_core.event_handler.log_command:Invoking command in '/home/hein/dev/ros-test/build/custom_publisher': CMAKE_PREFIX_PATH=${CMAKE_PREFIX_PATH}:/opt/ros/jazzy DEBUGINFOD_URLS=https://debuginfod.ubuntu.com /usr/bin/cmake /home/hein/dev/ros-test/packages/custom_publisher -DCMAKE_INSTALL_PREFIX=/home/hein/dev/ros-test/install/custom_publisher
[0.203s] DEBUG:colcon.colcon_core.event_handler.log_command:Invoking command in '/home/hein/dev/ros-test/build/custom_subscriber': CMAKE_PREFIX_PATH=${CMAKE_PREFIX_PATH}:/opt/ros/jazzy DEBUGINFOD_URLS=https://debuginfod.ubuntu.com /usr/bin/cmake /home/hein/dev/ros-test/packages/custom_subscriber -DCMAKE_INSTALL_PREFIX=/home/hein/dev/ros-test/install/custom_subscriber
[0.722s] DEBUG:colcon.colcon_core.event_handler.log_command:Invoked command in '/home/hein/dev/ros-test/build/custom_publisher' returned '0': CMAKE_PREFIX_PATH=${CMAKE_PREFIX_PATH}:/opt/ros/jazzy DEBUGINFOD_URLS=https://debuginfod.ubuntu.com /usr/bin/cmake /home/hein/dev/ros-test/packages/custom_publisher -DCMAKE_INSTALL_PREFIX=/home/hein/dev/ros-test/install/custom_publisher
[0.723s] DEBUG:colcon.colcon_core.event_handler.log_command:Invoking command in '/home/hein/dev/ros-test/build/custom_publisher': CMAKE_PREFIX_PATH=${CMAKE_PREFIX_PATH}:/opt/ros/jazzy DEBUGINFOD_URLS=https://debuginfod.ubuntu.com /usr/bin/cmake --build /home/hein/dev/ros-test/build/custom_publisher -- -j16 -l16
[0.723s] DEBUG:colcon.colcon_core.event_handler.log_command:Invoked command in '/home/hein/dev/ros-test/build/custom_subscriber' returned '0': CMAKE_PREFIX_PATH=${CMAKE_PREFIX_PATH}:/opt/ros/jazzy DEBUGINFOD_URLS=https://debuginfod.ubuntu.com /usr/bin/cmake /home/hein/dev/ros-test/packages/custom_subscriber -DCMAKE_INSTALL_PREFIX=/home/hein/dev/ros-test/install/custom_subscriber
[0.724s] DEBUG:colcon.colcon_core.event_handler.log_command:Invoking command in '/home/hein/dev/ros-test/build/custom_subscriber': CMAKE_PREFIX_PATH=${CMAKE_PREFIX_PATH}:/opt/ros/jazzy DEBUGINFOD_URLS=https://debuginfod.ubuntu.com /usr/bin/cmake --build /home/hein/dev/ros-test/build/custom_subscriber -- -j16 -l16
[0.750s] DEBUG:colcon.colcon_core.event_handler.log_command:Invoked command in '/home/hein/dev/ros-test/build/custom_subscriber' returned '0': CMAKE_PREFIX_PATH=${CMAKE_PREFIX_PATH}:/opt/ros/jazzy DEBUGINFOD_URLS=https://debuginfod.ubuntu.com /usr/bin/cmake --build /home/hein/dev/ros-test/build/custom_subscriber -- -j16 -l16
[0.758s] DEBUG:colcon.colcon_core.event_handler.log_command:Invoking command in '/home/hein/dev/ros-test/build/custom_subscriber': CMAKE_PREFIX_PATH=${CMAKE_PREFIX_PATH}:/opt/ros/jazzy DEBUGINFOD_URLS=https://debuginfod.ubuntu.com /usr/bin/cmake --install /home/hein/dev/ros-test/build/custom_subscriber
[0.759s] DEBUG:colcon.colcon_core.event_handler.log_command:Invoked command in '/home/hein/dev/ros-test/build/custom_publisher' returned '0': CMAKE_PREFIX_PATH=${CMAKE_PREFIX_PATH}:/opt/ros/jazzy DEBUGINFOD_URLS=https://debuginfod.ubuntu.com /usr/bin/cmake --build /home/hein/dev/ros-test/build/custom_publisher -- -j16 -l16
[0.759s] DEBUG:colcon.colcon_core.event_handler.log_command:Invoking command in '/home/hein/dev/ros-test/build/custom_publisher': CMAKE_PREFIX_PATH=${CMAKE_PREFIX_PATH}:/opt/ros/jazzy DEBUGINFOD_URLS=https://debuginfod.ubuntu.com /usr/bin/cmake --install /home/hein/dev/ros-test/build/custom_publisher
[0.763s] Level 1:colcon.colcon_core.environment:create_environment_scripts_only(custom_subscriber)
[0.764s] DEBUG:colcon.colcon_core.event_handler.log_command:Invoked command in '/home/hein/dev/ros-test/build/custom_subscriber' returned '0': CMAKE_PREFIX_PATH=${CMAKE_PREFIX_PATH}:/opt/ros/jazzy DEBUGINFOD_URLS=https://debuginfod.ubuntu.com /usr/bin/cmake --install /home/hein/dev/ros-test/build/custom_subscriber
[0.767s] Level 1:colcon.colcon_core.environment:checking '/home/hein/dev/ros-test/install/custom_subscriber' for CMake module files
[0.767s] Level 1:colcon.colcon_core.environment:checking '/home/hein/dev/ros-test/install/custom_subscriber' for CMake config files
[0.767s] Level 1:colcon.colcon_core.shell:create_environment_hook('custom_subscriber', 'cmake_prefix_path')
[0.767s] INFO:colcon.colcon_core.shell:Creating environment hook '/home/hein/dev/ros-test/install/custom_subscriber/share/custom_subscriber/hook/cmake_prefix_path.ps1'
[0.768s] INFO:colcon.colcon_core.shell:Creating environment descriptor '/home/hein/dev/ros-test/install/custom_subscriber/share/custom_subscriber/hook/cmake_prefix_path.dsv'
[0.768s] INFO:colcon.colcon_core.shell:Creating environment hook '/home/hein/dev/ros-test/install/custom_subscriber/share/custom_subscriber/hook/cmake_prefix_path.sh'
[0.768s] Level 1:colcon.colcon_core.environment:checking '/home/hein/dev/ros-test/install/custom_subscriber/bin'
[0.768s] Level 1:colcon.colcon_core.environment:checking '/home/hein/dev/ros-test/install/custom_subscriber/lib/pkgconfig/custom_subscriber.pc'
[0.769s] Level 1:colcon.colcon_core.environment:checking '/home/hein/dev/ros-test/install/custom_subscriber/lib/python3.12/site-packages'
[0.769s] Level 1:colcon.colcon_core.environment:checking '/home/hein/dev/ros-test/install/custom_subscriber/bin'
[0.769s] INFO:colcon.colcon_core.shell:Creating package script '/home/hein/dev/ros-test/install/custom_subscriber/share/custom_subscriber/package.ps1'
[0.769s] INFO:colcon.colcon_core.shell:Creating package descriptor '/home/hein/dev/ros-test/install/custom_subscriber/share/custom_subscriber/package.dsv'
[0.770s] INFO:colcon.colcon_core.shell:Creating package script '/home/hein/dev/ros-test/install/custom_subscriber/share/custom_subscriber/package.sh'
[0.770s] INFO:colcon.colcon_core.shell:Creating package script '/home/hein/dev/ros-test/install/custom_subscriber/share/custom_subscriber/package.bash'
[0.770s] INFO:colcon.colcon_core.shell:Creating package script '/home/hein/dev/ros-test/install/custom_subscriber/share/custom_subscriber/package.zsh'
[0.770s] Level 1:colcon.colcon_core.environment:create_file_with_runtime_dependencies(/home/hein/dev/ros-test/install/custom_subscriber/share/colcon-core/packages/custom_subscriber)
[0.771s] Level 1:colcon.colcon_core.environment:create_environment_scripts_only(custom_subscriber)
[0.771s] Level 1:colcon.colcon_core.environment:checking '/home/hein/dev/ros-test/install/custom_subscriber' for CMake module files
[0.771s] Level 1:colcon.colcon_core.environment:checking '/home/hein/dev/ros-test/install/custom_subscriber' for CMake config files
[0.771s] Level 1:colcon.colcon_core.shell:create_environment_hook('custom_subscriber', 'cmake_prefix_path')
[0.771s] INFO:colcon.colcon_core.shell:Creating environment hook '/home/hein/dev/ros-test/install/custom_subscriber/share/custom_subscriber/hook/cmake_prefix_path.ps1'
[0.771s] INFO:colcon.colcon_core.shell:Creating environment descriptor '/home/hein/dev/ros-test/install/custom_subscriber/share/custom_subscriber/hook/cmake_prefix_path.dsv'
[0.772s] INFO:colcon.colcon_core.shell:Creating environment hook '/home/hein/dev/ros-test/install/custom_subscriber/share/custom_subscriber/hook/cmake_prefix_path.sh'
[0.772s] Level 1:colcon.colcon_core.environment:checking '/home/hein/dev/ros-test/install/custom_subscriber/bin'
[0.772s] Level 1:colcon.colcon_core.environment:checking '/home/hein/dev/ros-test/install/custom_subscriber/lib/pkgconfig/custom_subscriber.pc'
[0.772s] Level 1:colcon.colcon_core.environment:checking '/home/hein/dev/ros-test/install/custom_subscriber/lib/python3.12/site-packages'
[0.772s] Level 1:colcon.colcon_core.environment:checking '/home/hein/dev/ros-test/install/custom_subscriber/bin'
[0.772s] INFO:colcon.colcon_core.shell:Creating package script '/home/hein/dev/ros-test/install/custom_subscriber/share/custom_subscriber/package.ps1'
[0.773s] INFO:colcon.colcon_core.shell:Creating package descriptor '/home/hein/dev/ros-test/install/custom_subscriber/share/custom_subscriber/package.dsv'
[0.773s] INFO:colcon.colcon_core.shell:Creating package script '/home/hein/dev/ros-test/install/custom_subscriber/share/custom_subscriber/package.sh'
[0.773s] INFO:colcon.colcon_core.shell:Creating package script '/home/hein/dev/ros-test/install/custom_subscriber/share/custom_subscriber/package.bash'
[0.773s] INFO:colcon.colcon_core.shell:Creating package script '/home/hein/dev/ros-test/install/custom_subscriber/share/custom_subscriber/package.zsh'
[0.773s] Level 1:colcon.colcon_core.environment:create_file_with_runtime_dependencies(/home/hein/dev/ros-test/install/custom_subscriber/share/colcon-core/packages/custom_subscriber)
[0.774s] Level 1:colcon.colcon_core.environment:create_environment_scripts_only(custom_publisher)
[0.774s] Level 1:colcon.colcon_core.environment:checking '/home/hein/dev/ros-test/install/custom_publisher' for CMake module files
[0.775s] DEBUG:colcon.colcon_core.event_handler.log_command:Invoked command in '/home/hein/dev/ros-test/build/custom_publisher' returned '0': CMAKE_PREFIX_PATH=${CMAKE_PREFIX_PATH}:/opt/ros/jazzy DEBUGINFOD_URLS=https://debuginfod.ubuntu.com /usr/bin/cmake --install /home/hein/dev/ros-test/build/custom_publisher
[0.775s] Level 1:colcon.colcon_core.environment:checking '/home/hein/dev/ros-test/install/custom_publisher' for CMake config files
[0.775s] Level 1:colcon.colcon_core.shell:create_environment_hook('custom_publisher', 'cmake_prefix_path')
[0.775s] INFO:colcon.colcon_core.shell:Creating environment hook '/home/hein/dev/ros-test/install/custom_publisher/share/custom_publisher/hook/cmake_prefix_path.ps1'
[0.776s] INFO:colcon.colcon_core.shell:Creating environment descriptor '/home/hein/dev/ros-test/install/custom_publisher/share/custom_publisher/hook/cmake_prefix_path.dsv'
[0.776s] INFO:colcon.colcon_core.shell:Creating environment hook '/home/hein/dev/ros-test/install/custom_publisher/share/custom_publisher/hook/cmake_prefix_path.sh'
[0.776s] Level 1:colcon.colcon_core.environment:checking '/home/hein/dev/ros-test/install/custom_publisher/bin'
[0.776s] Level 1:colcon.colcon_core.environment:checking '/home/hein/dev/ros-test/install/custom_publisher/lib/pkgconfig/custom_publisher.pc'
[0.776s] Level 1:colcon.colcon_core.environment:checking '/home/hein/dev/ros-test/install/custom_publisher/lib/python3.12/site-packages'
[0.777s] Level 1:colcon.colcon_core.environment:checking '/home/hein/dev/ros-test/install/custom_publisher/bin'
[0.777s] INFO:colcon.colcon_core.shell:Creating package script '/home/hein/dev/ros-test/install/custom_publisher/share/custom_publisher/package.ps1'
[0.777s] INFO:colcon.colcon_core.shell:Creating package descriptor '/home/hein/dev/ros-test/install/custom_publisher/share/custom_publisher/package.dsv'
[0.778s] INFO:colcon.colcon_core.shell:Creating package script '/home/hein/dev/ros-test/install/custom_publisher/share/custom_publisher/package.sh'
[0.778s] INFO:colcon.colcon_core.shell:Creating package script '/home/hein/dev/ros-test/install/custom_publisher/share/custom_publisher/package.bash'
[0.778s] INFO:colcon.colcon_core.shell:Creating package script '/home/hein/dev/ros-test/install/custom_publisher/share/custom_publisher/package.zsh'
[0.778s] Level 1:colcon.colcon_core.environment:create_file_with_runtime_dependencies(/home/hein/dev/ros-test/install/custom_publisher/share/colcon-core/packages/custom_publisher)
[0.779s] Level 1:colcon.colcon_core.environment:create_environment_scripts_only(custom_publisher)
[0.779s] Level 1:colcon.colcon_core.environment:checking '/home/hein/dev/ros-test/install/custom_publisher' for CMake module files
[0.779s] Level 1:colcon.colcon_core.environment:checking '/home/hein/dev/ros-test/install/custom_publisher' for CMake config files
[0.779s] Level 1:colcon.colcon_core.shell:create_environment_hook('custom_publisher', 'cmake_prefix_path')
[0.780s] INFO:colcon.colcon_core.shell:Creating environment hook '/home/hein/dev/ros-test/install/custom_publisher/share/custom_publisher/hook/cmake_prefix_path.ps1'
[0.780s] INFO:colcon.colcon_core.shell:Creating environment descriptor '/home/hein/dev/ros-test/install/custom_publisher/share/custom_publisher/hook/cmake_prefix_path.dsv'
[0.780s] INFO:colcon.colcon_core.shell:Creating environment hook '/home/hein/dev/ros-test/install/custom_publisher/share/custom_publisher/hook/cmake_prefix_path.sh'
[0.780s] Level 1:colcon.colcon_core.environment:checking '/home/hein/dev/ros-test/install/custom_publisher/bin'
[0.780s] Level 1:colcon.colcon_core.environment:checking '/home/hein/dev/ros-test/install/custom_publisher/lib/pkgconfig/custom_publisher.pc'
[0.780s] Level 1:colcon.colcon_core.environment:checking '/home/hein/dev/ros-test/install/custom_publisher/lib/python3.12/site-packages'
[0.780s] Level 1:colcon.colcon_core.environment:checking '/home/hein/dev/ros-test/install/custom_publisher/bin'
[0.781s] INFO:colcon.colcon_core.shell:Creating package script '/home/hein/dev/ros-test/install/custom_publisher/share/custom_publisher/package.ps1'
[0.781s] INFO:colcon.colcon_core.shell:Creating package descriptor '/home/hein/dev/ros-test/install/custom_publisher/share/custom_publisher/package.dsv'
[0.781s] INFO:colcon.colcon_core.shell:Creating package script '/home/hein/dev/ros-test/install/custom_publisher/share/custom_publisher/package.sh'
[0.781s] INFO:colcon.colcon_core.shell:Creating package script '/home/hein/dev/ros-test/install/custom_publisher/share/custom_publisher/package.bash'
[0.781s] INFO:colcon.colcon_core.shell:Creating package script '/home/hein/dev/ros-test/install/custom_publisher/share/custom_publisher/package.zsh'
[0.782s] Level 1:colcon.colcon_core.environment:create_file_with_runtime_dependencies(/home/hein/dev/ros-test/install/custom_publisher/share/colcon-core/packages/custom_publisher)
[0.782s] DEBUG:colcon.colcon_parallel_executor.executor.parallel:closing loop
[0.782s] DEBUG:colcon.colcon_parallel_executor.executor.parallel:loop closed
[0.782s] DEBUG:colcon.colcon_parallel_executor.executor.parallel:run_until_complete finished with '0'
[0.782s] DEBUG:colcon.colcon_core.event_reactor:joining thread
[0.788s] INFO:colcon.colcon_core.plugin_system:Skipping extension 'colcon_notification.desktop_notification.terminal_notifier': Not used on non-Darwin systems
[0.788s] INFO:colcon.colcon_core.plugin_system:Skipping extension 'colcon_notification.desktop_notification.win32': Not used on non-Windows systems
[0.788s] INFO:colcon.colcon_notification.desktop_notification:Sending desktop notification using 'notify2'
[0.796s] DEBUG:colcon.colcon_core.event_reactor:joined thread
[0.797s] INFO:colcon.colcon_core.shell:Creating prefix script '/home/hein/dev/ros-test/install/local_setup.ps1'
[0.798s] INFO:colcon.colcon_core.shell:Creating prefix util module '/home/hein/dev/ros-test/install/_local_setup_util_ps1.py'
[0.799s] INFO:colcon.colcon_core.shell:Creating prefix chain script '/home/hein/dev/ros-test/install/setup.ps1'
[0.800s] INFO:colcon.colcon_core.shell:Creating prefix script '/home/hein/dev/ros-test/install/local_setup.sh'
[0.800s] INFO:colcon.colcon_core.shell:Creating prefix util module '/home/hein/dev/ros-test/install/_local_setup_util_sh.py'
[0.800s] INFO:colcon.colcon_core.shell:Creating prefix chain script '/home/hein/dev/ros-test/install/setup.sh'
[0.801s] INFO:colcon.colcon_core.shell:Creating prefix script '/home/hein/dev/ros-test/install/local_setup.bash'
[0.801s] INFO:colcon.colcon_core.shell:Creating prefix chain script '/home/hein/dev/ros-test/install/setup.bash'
[0.801s] INFO:colcon.colcon_core.shell:Creating prefix script '/home/hein/dev/ros-test/install/local_setup.zsh'
[0.802s] INFO:colcon.colcon_core.shell:Creating prefix chain script '/home/hein/dev/ros-test/install/setup.zsh'
