-- Found ament_cmake: 2.5.4 (/opt/ros/jazzy/share/ament_cmake/cmake)
-- Found ament_lint_auto: 0.17.3 (/opt/ros/jazzy/share/ament_lint_auto/cmake)
-- Found rclcpp: 28.1.13 (/opt/ros/jazzy/share/rclcpp/cmake)
-- Found rosidl_generator_c: 4.6.6 (/opt/ros/jazzy/share/rosidl_generator_c/cmake)
-- Found rosidl_generator_cpp: 4.6.6 (/opt/ros/jazzy/share/rosidl_generator_cpp/cmake)
-- Using all available rosidl_typesupport_c: rosidl_typesupport_fastrtps_c;rosidl_typesupport_introspection_c
-- Using all available rosidl_typesupport_cpp: rosidl_typesupport_fastrtps_cpp;rosidl_typesupport_introspection_cpp
-- Found rmw_implementation_cmake: 7.3.2 (/opt/ros/jazzy/share/rmw_implementation_cmake/cmake)
-- Found rmw_fastrtps_cpp: 8.4.3 (/opt/ros/jazzy/share/rmw_fastrtps_cpp/cmake)
-- Using RMW implementation 'rmw_fastrtps_cpp' as default
-- Found std_msgs: 5.3.6 (/opt/ros/jazzy/share/std_msgs/cmake)
-- Added test 'cppcheck' to perform static code analysis on C / C++ code
-- Configured cppcheck include dirs: 
-- Configured cppcheck exclude dirs and/or files: 
-- Added test 'lint_cmake' to check CMake code style
-- Added test 'uncrustify' to check C / C++ code style
-- Configured uncrustify additional arguments: 
-- Added test 'xmllint' to check XML markup files
-- Configuring done (0.4s)
-- Generating done (0.0s)
-- Build files have been written to: /home/hein/dev/ros-test/build/custom_publisher
[ 50%] [32mBuilding CXX object CMakeFiles/custom_publisher_node.dir/src/publisher.cpp.o[0m
[01m[K/home/hein/dev/ros-test/packages/custom_publisher/src/publisher.cpp:[m[K In function ‘[01m[Kint[01;32m[K main[m[K(int, char**)[m[K’:
[01m[K/home/hein/dev/ros-test/packages/custom_publisher/src/publisher.cpp:10:14:[m[K [01;35m[Kwarning: [m[Kunused parameter ‘[01m[Kargc[m[K’ [[01;35m[K]8;;https://gcc.gnu.org/onlinedocs/gcc/Warning-Options.html#index-Wunused-parameter-Wunused-parameter]8;;[m[K]
   10 | int main([01;35m[Kint argc[m[K, char **argv) {
      |          [01;35m[K~~~~^~~~[m[K
[01m[K/home/hein/dev/ros-test/packages/custom_publisher/src/publisher.cpp:10:27:[m[K [01;35m[Kwarning: [m[Kunused parameter ‘[01m[Kargv[m[K’ [[01;35m[K]8;;https://gcc.gnu.org/onlinedocs/gcc/Warning-Options.html#index-Wunused-parameter-Wunused-parameter]8;;[m[K]
   10 | int main(int argc, [01;35m[Kchar **argv[m[K) {
      |                    [01;35m[K~~~~~~~^~~~[m[K
[100%] [32m[1mLinking CXX executable custom_publisher_node[0m
[100%] Built target custom_publisher_node
-- Install configuration: ""
-- Installing: /home/hein/dev/ros-test/install/custom_publisher/lib/custom_publisher/custom_publisher_node
-- Set non-toolchain portion of runtime path of "/home/hein/dev/ros-test/install/custom_publisher/lib/custom_publisher/custom_publisher_node" to ""
-- Up-to-date: /home/hein/dev/ros-test/install/custom_publisher/share/ament_index/resource_index/package_run_dependencies/custom_publisher
-- Installing: /home/hein/dev/ros-test/install/custom_publisher/share/ament_index/resource_index/parent_prefix_path/custom_publisher
-- Up-to-date: /home/hein/dev/ros-test/install/custom_publisher/share/custom_publisher/environment/ament_prefix_path.sh
-- Up-to-date: /home/hein/dev/ros-test/install/custom_publisher/share/custom_publisher/environment/ament_prefix_path.dsv
-- Up-to-date: /home/hein/dev/ros-test/install/custom_publisher/share/custom_publisher/environment/path.sh
-- Up-to-date: /home/hein/dev/ros-test/install/custom_publisher/share/custom_publisher/environment/path.dsv
-- Up-to-date: /home/hein/dev/ros-test/install/custom_publisher/share/custom_publisher/local_setup.bash
-- Up-to-date: /home/hein/dev/ros-test/install/custom_publisher/share/custom_publisher/local_setup.sh
-- Up-to-date: /home/hein/dev/ros-test/install/custom_publisher/share/custom_publisher/local_setup.zsh
-- Up-to-date: /home/hein/dev/ros-test/install/custom_publisher/share/custom_publisher/local_setup.dsv
-- Installing: /home/hein/dev/ros-test/install/custom_publisher/share/custom_publisher/package.dsv
-- Up-to-date: /home/hein/dev/ros-test/install/custom_publisher/share/ament_index/resource_index/packages/custom_publisher
-- Up-to-date: /home/hein/dev/ros-test/install/custom_publisher/share/custom_publisher/cmake/custom_publisherConfig.cmake
-- Up-to-date: /home/hein/dev/ros-test/install/custom_publisher/share/custom_publisher/cmake/custom_publisherConfig-version.cmake
-- Up-to-date: /home/hein/dev/ros-test/install/custom_publisher/share/custom_publisher/package.xml
