[0.007s] Invoking command in '/home/hein/dev/ros-test/build/custom_publisher': CMAKE_PREFIX_PATH=${CMAKE_PREFIX_PATH}:/opt/ros/jazzy DEBUGINFOD_URLS=https://debuginfod.ubuntu.com /usr/bin/cmake --build /home/hein/dev/ros-test/build/custom_publisher -- -j16 -l16
[0.026s] -- Found ament_cmake: 2.5.4 (/opt/ros/jazzy/share/ament_cmake/cmake)
[0.168s] -- Found ament_lint_auto: 0.17.3 (/opt/ros/jazzy/share/ament_lint_auto/cmake)
[0.220s] -- Found rclcpp: 28.1.13 (/opt/ros/jazzy/share/rclcpp/cmake)
[0.236s] -- Found rosidl_generator_c: 4.6.6 (/opt/ros/jazzy/share/rosidl_generator_c/cmake)
[0.240s] -- Found rosidl_generator_cpp: 4.6.6 (/opt/ros/jazzy/share/rosidl_generator_cpp/cmake)
[0.246s] -- Using all available rosidl_typesupport_c: rosidl_typesupport_fastrtps_c;rosidl_typesupport_introspection_c
[0.254s] -- Using all available rosidl_typesupport_cpp: rosidl_typesupport_fastrtps_cpp;rosidl_typesupport_introspection_cpp
[0.288s] -- Found rmw_implementation_cmake: 7.3.2 (/opt/ros/jazzy/share/rmw_implementation_cmake/cmake)
[0.289s] -- Found rmw_fastrtps_cpp: 8.4.3 (/opt/ros/jazzy/share/rmw_fastrtps_cpp/cmake)
[0.331s] -- Using RMW implementation 'rmw_fastrtps_cpp' as default
[0.368s] -- Found std_msgs: 5.3.6 (/opt/ros/jazzy/share/std_msgs/cmake)
[0.377s] -- Added test 'cppcheck' to perform static code analysis on C / C++ code
[0.377s] -- Configured cppcheck include dirs: 
[0.377s] -- Configured cppcheck exclude dirs and/or files: 
[0.378s] -- Added test 'lint_cmake' to check CMake code style
[0.378s] -- Added test 'uncrustify' to check C / C++ code style
[0.378s] -- Configured uncrustify additional arguments: 
[0.378s] -- Added test 'xmllint' to check XML markup files
[0.378s] -- Configuring done (0.4s)
[0.385s] -- Generating done (0.0s)
[0.386s] -- Build files have been written to: /home/hein/dev/ros-test/build/custom_publisher
[0.414s] [ 50%] [32mBuilding CXX object CMakeFiles/custom_publisher_node.dir/src/publisher.cpp.o[0m
[1.125s] [01m[K/home/hein/dev/ros-test/packages/custom_publisher/src/publisher.cpp:[m[K In function ‘[01m[Kint[01;32m[K main[m[K(int, char**)[m[K’:
[1.125s] [01m[K/home/hein/dev/ros-test/packages/custom_publisher/src/publisher.cpp:10:14:[m[K [01;35m[Kwarning: [m[Kunused parameter ‘[01m[Kargc[m[K’ [[01;35m[K]8;;https://gcc.gnu.org/onlinedocs/gcc/Warning-Options.html#index-Wunused-parameter-Wunused-parameter]8;;[m[K]
[1.125s]    10 | int main([01;35m[Kint argc[m[K, char **argv) {
[1.125s]       |          [01;35m[K~~~~^~~~[m[K
[1.125s] [01m[K/home/hein/dev/ros-test/packages/custom_publisher/src/publisher.cpp:10:27:[m[K [01;35m[Kwarning: [m[Kunused parameter ‘[01m[Kargv[m[K’ [[01;35m[K]8;;https://gcc.gnu.org/onlinedocs/gcc/Warning-Options.html#index-Wunused-parameter-Wunused-parameter]8;;[m[K]
[1.125s]    10 | int main(int argc, [01;35m[Kchar **argv[m[K) {
[1.125s]       |                    [01;35m[K~~~~~~~^~~~[m[K
[2.240s] [100%] [32m[1mLinking CXX executable custom_publisher_node[0m
[2.353s] [100%] Built target custom_publisher_node
[2.360s] Invoked command in '/home/hein/dev/ros-test/build/custom_publisher' returned '0': CMAKE_PREFIX_PATH=${CMAKE_PREFIX_PATH}:/opt/ros/jazzy DEBUGINFOD_URLS=https://debuginfod.ubuntu.com /usr/bin/cmake --build /home/hein/dev/ros-test/build/custom_publisher -- -j16 -l16
[2.365s] Invoking command in '/home/hein/dev/ros-test/build/custom_publisher': CMAKE_PREFIX_PATH=${CMAKE_PREFIX_PATH}:/opt/ros/jazzy DEBUGINFOD_URLS=https://debuginfod.ubuntu.com /usr/bin/cmake --install /home/hein/dev/ros-test/build/custom_publisher
[2.370s] -- Install configuration: ""
[2.370s] -- Installing: /home/hein/dev/ros-test/install/custom_publisher/lib/custom_publisher/custom_publisher_node
[2.371s] -- Set non-toolchain portion of runtime path of "/home/hein/dev/ros-test/install/custom_publisher/lib/custom_publisher/custom_publisher_node" to ""
[2.371s] -- Up-to-date: /home/hein/dev/ros-test/install/custom_publisher/share/ament_index/resource_index/package_run_dependencies/custom_publisher
[2.371s] -- Installing: /home/hein/dev/ros-test/install/custom_publisher/share/ament_index/resource_index/parent_prefix_path/custom_publisher
[2.371s] -- Up-to-date: /home/hein/dev/ros-test/install/custom_publisher/share/custom_publisher/environment/ament_prefix_path.sh
[2.371s] -- Up-to-date: /home/hein/dev/ros-test/install/custom_publisher/share/custom_publisher/environment/ament_prefix_path.dsv
[2.371s] -- Up-to-date: /home/hein/dev/ros-test/install/custom_publisher/share/custom_publisher/environment/path.sh
[2.371s] -- Up-to-date: /home/hein/dev/ros-test/install/custom_publisher/share/custom_publisher/environment/path.dsv
[2.371s] -- Up-to-date: /home/hein/dev/ros-test/install/custom_publisher/share/custom_publisher/local_setup.bash
[2.371s] -- Up-to-date: /home/hein/dev/ros-test/install/custom_publisher/share/custom_publisher/local_setup.sh
[2.371s] -- Up-to-date: /home/hein/dev/ros-test/install/custom_publisher/share/custom_publisher/local_setup.zsh
[2.371s] -- Up-to-date: /home/hein/dev/ros-test/install/custom_publisher/share/custom_publisher/local_setup.dsv
[2.371s] -- Installing: /home/hein/dev/ros-test/install/custom_publisher/share/custom_publisher/package.dsv
[2.371s] -- Up-to-date: /home/hein/dev/ros-test/install/custom_publisher/share/ament_index/resource_index/packages/custom_publisher
[2.371s] -- Up-to-date: /home/hein/dev/ros-test/install/custom_publisher/share/custom_publisher/cmake/custom_publisherConfig.cmake
[2.371s] -- Up-to-date: /home/hein/dev/ros-test/install/custom_publisher/share/custom_publisher/cmake/custom_publisherConfig-version.cmake
[2.372s] -- Up-to-date: /home/hein/dev/ros-test/install/custom_publisher/share/custom_publisher/package.xml
[2.372s] Invoked command in '/home/hein/dev/ros-test/build/custom_publisher' returned '0': CMAKE_PREFIX_PATH=${CMAKE_PREFIX_PATH}:/opt/ros/jazzy DEBUGINFOD_URLS=https://debuginfod.ubuntu.com /usr/bin/cmake --install /home/hein/dev/ros-test/build/custom_publisher
