[0.005s] Invoking command in '/home/hein/dev/ros-test/build/custom_publisher': CMAKE_PREFIX_PATH=${CMAKE_PREFIX_PATH}:/opt/ros/jazzy DEBUGINFOD_URLS=https://debuginfod.ubuntu.com /usr/bin/cmake --build /home/hein/dev/ros-test/build/custom_publisher -- -j16 -l16
[0.044s] [ 50%] [32mBuilding CXX object CMakeFiles/custom_publisher_node.dir/src/publisher.cpp.o[0m
[2.110s] [100%] [32m[1mLinking CXX executable custom_publisher_node[0m
[2.203s] [100%] Built target custom_publisher_node
[2.209s] Invoked command in '/home/hein/dev/ros-test/build/custom_publisher' returned '0': CMAKE_PREFIX_PATH=${CMAKE_PREFIX_PATH}:/opt/ros/jazzy DEBUGINFOD_URLS=https://debuginfod.ubuntu.com /usr/bin/cmake --build /home/hein/dev/ros-test/build/custom_publisher -- -j16 -l16
[2.215s] Invoking command in '/home/hein/dev/ros-test/build/custom_publisher': CMAKE_PREFIX_PATH=${CMAKE_PREFIX_PATH}:/opt/ros/jazzy DEBUGINFOD_URLS=https://debuginfod.ubuntu.com /usr/bin/cmake --install /home/hein/dev/ros-test/build/custom_publisher
[2.222s] -- Install configuration: ""
[2.222s] -- Installing: /home/hein/dev/ros-test/install/custom_publisher/lib/custom_publisher/custom_publisher_node
[2.223s] -- Set non-toolchain portion of runtime path of "/home/hein/dev/ros-test/install/custom_publisher/lib/custom_publisher/custom_publisher_node" to ""
[2.223s] -- Up-to-date: /home/hein/dev/ros-test/install/custom_publisher/share/ament_index/resource_index/package_run_dependencies/custom_publisher
[2.223s] -- Up-to-date: /home/hein/dev/ros-test/install/custom_publisher/share/ament_index/resource_index/parent_prefix_path/custom_publisher
[2.223s] -- Up-to-date: /home/hein/dev/ros-test/install/custom_publisher/share/custom_publisher/environment/ament_prefix_path.sh
[2.223s] -- Up-to-date: /home/hein/dev/ros-test/install/custom_publisher/share/custom_publisher/environment/ament_prefix_path.dsv
[2.223s] -- Up-to-date: /home/hein/dev/ros-test/install/custom_publisher/share/custom_publisher/environment/path.sh
[2.223s] -- Up-to-date: /home/hein/dev/ros-test/install/custom_publisher/share/custom_publisher/environment/path.dsv
[2.223s] -- Up-to-date: /home/hein/dev/ros-test/install/custom_publisher/share/custom_publisher/local_setup.bash
[2.223s] -- Up-to-date: /home/hein/dev/ros-test/install/custom_publisher/share/custom_publisher/local_setup.sh
[2.223s] -- Up-to-date: /home/hein/dev/ros-test/install/custom_publisher/share/custom_publisher/local_setup.zsh
[2.223s] -- Up-to-date: /home/hein/dev/ros-test/install/custom_publisher/share/custom_publisher/local_setup.dsv
[2.223s] -- Installing: /home/hein/dev/ros-test/install/custom_publisher/share/custom_publisher/package.dsv
[2.223s] -- Up-to-date: /home/hein/dev/ros-test/install/custom_publisher/share/ament_index/resource_index/packages/custom_publisher
[2.223s] -- Up-to-date: /home/hein/dev/ros-test/install/custom_publisher/share/custom_publisher/cmake/custom_publisherConfig.cmake
[2.223s] -- Up-to-date: /home/hein/dev/ros-test/install/custom_publisher/share/custom_publisher/cmake/custom_publisherConfig-version.cmake
[2.224s] -- Up-to-date: /home/hein/dev/ros-test/install/custom_publisher/share/custom_publisher/package.xml
[2.224s] Invoked command in '/home/hein/dev/ros-test/build/custom_publisher' returned '0': CMAKE_PREFIX_PATH=${CMAKE_PREFIX_PATH}:/opt/ros/jazzy DEBUGINFOD_URLS=https://debuginfod.ubuntu.com /usr/bin/cmake --install /home/hein/dev/ros-test/build/custom_publisher
