-- The C compiler identification is GNU 13.3.0
-- The CXX compiler identification is GNU 13.3.0
-- Detecting C compiler ABI info
-- Detecting C compiler ABI info - done
-- Check for working C compiler: /usr/bin/cc - skipped
-- Detecting C compile features
-- Detecting C compile features - done
-- Detecting CXX compiler ABI info
-- Detecting CXX compiler ABI info - done
-- Check for working CXX compiler: /usr/bin/c++ - skipped
-- Detecting CXX compile features
-- Detecting CXX compile features - done
-- Found ament_cmake: 2.5.4 (/opt/ros/jazzy/share/ament_cmake/cmake)
-- Found Python3: /usr/bin/python3 (found version "3.12.3") found components: Interpreter 
-- Found ament_lint_auto: 0.17.3 (/opt/ros/jazzy/share/ament_lint_auto/cmake)
-- Added test 'cppcheck' to perform static code analysis on C / C++ code
-- Configured cppcheck include dirs: 
-- Configured cppcheck exclude dirs and/or files: 
-- Added test 'lint_cmake' to check CMake code style
-- Added test 'uncrustify' to check C / C++ code style
-- Configured uncrustify additional arguments: 
-- Added test 'xmllint' to check XML markup files
-- Configuring done (0.5s)
-- Generating done (0.0s)
-- Build files have been written to: /home/hein/dev/ros-test/build/custom_publisher
-- Install configuration: ""
-- Installing: /home/hein/dev/ros-test/install/custom_publisher/share/ament_index/resource_index/package_run_dependencies/custom_publisher
-- Installing: /home/hein/dev/ros-test/install/custom_publisher/share/ament_index/resource_index/parent_prefix_path/custom_publisher
-- Installing: /home/hein/dev/ros-test/install/custom_publisher/share/custom_publisher/environment/ament_prefix_path.sh
-- Installing: /home/hein/dev/ros-test/install/custom_publisher/share/custom_publisher/environment/ament_prefix_path.dsv
-- Installing: /home/hein/dev/ros-test/install/custom_publisher/share/custom_publisher/environment/path.sh
-- Installing: /home/hein/dev/ros-test/install/custom_publisher/share/custom_publisher/environment/path.dsv
-- Installing: /home/hein/dev/ros-test/install/custom_publisher/share/custom_publisher/local_setup.bash
-- Installing: /home/hein/dev/ros-test/install/custom_publisher/share/custom_publisher/local_setup.sh
-- Installing: /home/hein/dev/ros-test/install/custom_publisher/share/custom_publisher/local_setup.zsh
-- Installing: /home/hein/dev/ros-test/install/custom_publisher/share/custom_publisher/local_setup.dsv
-- Installing: /home/hein/dev/ros-test/install/custom_publisher/share/custom_publisher/package.dsv
-- Installing: /home/hein/dev/ros-test/install/custom_publisher/share/ament_index/resource_index/packages/custom_publisher
-- Installing: /home/hein/dev/ros-test/install/custom_publisher/share/custom_publisher/cmake/custom_publisherConfig.cmake
-- Installing: /home/hein/dev/ros-test/install/custom_publisher/share/custom_publisher/cmake/custom_publisherConfig-version.cmake
-- Installing: /home/hein/dev/ros-test/install/custom_publisher/share/custom_publisher/package.xml
