[0.007s] Invoking command in '/home/hein/dev/ros-test/build/custom_publisher': CMAKE_PREFIX_PATH=${CMAKE_PREFIX_PATH}:/opt/ros/jazzy DEBUGINFOD_URLS=https://debuginfod.ubuntu.com /usr/bin/cmake /home/hein/dev/ros-test/packages/custom_publisher -DCMAKE_INSTALL_PREFIX=/home/hein/dev/ros-test/install/custom_publisher
[0.077s] -- The C compiler identification is GNU 13.3.0
[0.136s] -- The CXX compiler identification is GNU 13.3.0
[0.149s] -- Detecting C compiler ABI info
[0.209s] -- Detecting C compiler ABI info - done
[0.214s] -- Check for working C compiler: /usr/bin/cc - skipped
[0.215s] -- Detecting C compile features
[0.215s] -- Detecting C compile features - done
[0.221s] -- Detecting CXX compiler ABI info
[0.282s] -- Detecting CXX compiler ABI info - done
[0.288s] -- Check for working CXX compiler: /usr/bin/c++ - skipped
[0.288s] -- Detecting CXX compile features
[0.288s] -- Detecting CXX compile features - done
[0.294s] -- Found ament_cmake: 2.5.4 (/opt/ros/jazzy/share/ament_cmake/cmake)
[0.386s] -- Found Python3: /usr/bin/python3 (found version "3.12.3") found components: Interpreter 
[0.457s] -- Found ament_lint_auto: 0.17.3 (/opt/ros/jazzy/share/ament_lint_auto/cmake)
[0.520s] -- Added test 'cppcheck' to perform static code analysis on C / C++ code
[0.520s] -- Configured cppcheck include dirs: 
[0.520s] -- Configured cppcheck exclude dirs and/or files: 
[0.521s] -- Added test 'lint_cmake' to check CMake code style
[0.521s] -- Added test 'uncrustify' to check C / C++ code style
[0.522s] -- Configured uncrustify additional arguments: 
[0.522s] -- Added test 'xmllint' to check XML markup files
[0.523s] -- Configuring done (0.5s)
[0.524s] -- Generating done (0.0s)
[0.525s] -- Build files have been written to: /home/hein/dev/ros-test/build/custom_publisher
[0.528s] Invoked command in '/home/hein/dev/ros-test/build/custom_publisher' returned '0': CMAKE_PREFIX_PATH=${CMAKE_PREFIX_PATH}:/opt/ros/jazzy DEBUGINFOD_URLS=https://debuginfod.ubuntu.com /usr/bin/cmake /home/hein/dev/ros-test/packages/custom_publisher -DCMAKE_INSTALL_PREFIX=/home/hein/dev/ros-test/install/custom_publisher
[0.529s] Invoking command in '/home/hein/dev/ros-test/build/custom_publisher': CMAKE_PREFIX_PATH=${CMAKE_PREFIX_PATH}:/opt/ros/jazzy DEBUGINFOD_URLS=https://debuginfod.ubuntu.com /usr/bin/cmake --build /home/hein/dev/ros-test/build/custom_publisher -- -j16 -l16
[0.565s] Invoked command in '/home/hein/dev/ros-test/build/custom_publisher' returned '0': CMAKE_PREFIX_PATH=${CMAKE_PREFIX_PATH}:/opt/ros/jazzy DEBUGINFOD_URLS=https://debuginfod.ubuntu.com /usr/bin/cmake --build /home/hein/dev/ros-test/build/custom_publisher -- -j16 -l16
[0.566s] Invoking command in '/home/hein/dev/ros-test/build/custom_publisher': CMAKE_PREFIX_PATH=${CMAKE_PREFIX_PATH}:/opt/ros/jazzy DEBUGINFOD_URLS=https://debuginfod.ubuntu.com /usr/bin/cmake --install /home/hein/dev/ros-test/build/custom_publisher
[0.572s] -- Install configuration: ""
[0.572s] -- Installing: /home/hein/dev/ros-test/install/custom_publisher/share/ament_index/resource_index/package_run_dependencies/custom_publisher
[0.572s] -- Installing: /home/hein/dev/ros-test/install/custom_publisher/share/ament_index/resource_index/parent_prefix_path/custom_publisher
[0.572s] -- Installing: /home/hein/dev/ros-test/install/custom_publisher/share/custom_publisher/environment/ament_prefix_path.sh
[0.572s] -- Installing: /home/hein/dev/ros-test/install/custom_publisher/share/custom_publisher/environment/ament_prefix_path.dsv
[0.572s] -- Installing: /home/hein/dev/ros-test/install/custom_publisher/share/custom_publisher/environment/path.sh
[0.572s] -- Installing: /home/hein/dev/ros-test/install/custom_publisher/share/custom_publisher/environment/path.dsv
[0.573s] -- Installing: /home/hein/dev/ros-test/install/custom_publisher/share/custom_publisher/local_setup.bash
[0.573s] -- Installing: /home/hein/dev/ros-test/install/custom_publisher/share/custom_publisher/local_setup.sh
[0.573s] -- Installing: /home/hein/dev/ros-test/install/custom_publisher/share/custom_publisher/local_setup.zsh
[0.573s] -- Installing: /home/hein/dev/ros-test/install/custom_publisher/share/custom_publisher/local_setup.dsv
[0.573s] -- Installing: /home/hein/dev/ros-test/install/custom_publisher/share/custom_publisher/package.dsv
[0.573s] -- Installing: /home/hein/dev/ros-test/install/custom_publisher/share/ament_index/resource_index/packages/custom_publisher
[0.573s] -- Installing: /home/hein/dev/ros-test/install/custom_publisher/share/custom_publisher/cmake/custom_publisherConfig.cmake
[0.573s] -- Installing: /home/hein/dev/ros-test/install/custom_publisher/share/custom_publisher/cmake/custom_publisherConfig-version.cmake
[0.573s] -- Installing: /home/hein/dev/ros-test/install/custom_publisher/share/custom_publisher/package.xml
[0.581s] Invoked command in '/home/hein/dev/ros-test/build/custom_publisher' returned '0': CMAKE_PREFIX_PATH=${CMAKE_PREFIX_PATH}:/opt/ros/jazzy DEBUGINFOD_URLS=https://debuginfod.ubuntu.com /usr/bin/cmake --install /home/hein/dev/ros-test/build/custom_publisher
