[0.008s] Invoking command in '/home/hein/dev/ros-test/build/custom_publisher': CMAKE_PREFIX_PATH=${CMAKE_PREFIX_PATH}:/opt/ros/jazzy DEBUGINFOD_URLS=https://debuginfod.ubuntu.com /usr/bin/cmake --build /home/hein/dev/ros-test/build/custom_publisher -- -j16 -l16
[0.028s] -- Found ament_cmake: 2.5.4 (/opt/ros/jazzy/share/ament_cmake/cmake)
[0.208s] -- Found ament_lint_auto: 0.17.3 (/opt/ros/jazzy/share/ament_lint_auto/cmake)
[0.277s] -- Found rclcpp: 28.1.13 (/opt/ros/jazzy/share/rclcpp/cmake)
[0.297s] -- Found rosidl_generator_c: 4.6.6 (/opt/ros/jazzy/share/rosidl_generator_c/cmake)
[0.303s] -- Found rosidl_generator_cpp: 4.6.6 (/opt/ros/jazzy/share/rosidl_generator_cpp/cmake)
[0.311s] -- Using all available rosidl_typesupport_c: rosidl_typesupport_fastrtps_c;rosidl_typesupport_introspection_c
[0.322s] -- Using all available rosidl_typesupport_cpp: rosidl_typesupport_fastrtps_cpp;rosidl_typesupport_introspection_cpp
[0.373s] -- Found rmw_implementation_cmake: 7.3.2 (/opt/ros/jazzy/share/rmw_implementation_cmake/cmake)
[0.374s] -- Found rmw_fastrtps_cpp: 8.4.3 (/opt/ros/jazzy/share/rmw_fastrtps_cpp/cmake)
[0.429s] -- Using RMW implementation 'rmw_fastrtps_cpp' as default
[0.479s] -- Found std_msgs: 5.3.6 (/opt/ros/jazzy/share/std_msgs/cmake)
[0.492s] -- Added test 'cppcheck' to perform static code analysis on C / C++ code
[0.492s] -- Configured cppcheck include dirs: 
[0.492s] -- Configured cppcheck exclude dirs and/or files: 
[0.493s] -- Added test 'lint_cmake' to check CMake code style
[0.493s] -- Added test 'uncrustify' to check C / C++ code style
[0.493s] -- Configured uncrustify additional arguments: 
[0.493s] -- Added test 'xmllint' to check XML markup files
[0.494s] -- Configuring done (0.5s)
[0.501s] -- Generating done (0.0s)
[0.504s] -- Build files have been written to: /home/hein/dev/ros-test/build/custom_publisher
[0.545s] [ 50%] [32mBuilding CXX object CMakeFiles/custom_publisher_node.dir/src/publisher.cpp.o[0m
[1.505s] [01m[K/home/hein/dev/ros-test/packages/custom_publisher/src/publisher.cpp:[m[K In function ‘[01m[Kint[01;32m[K main[m[K(int, char**)[m[K’:
[1.505s] [01m[K/home/hein/dev/ros-test/packages/custom_publisher/src/publisher.cpp:12:14:[m[K [01;35m[Kwarning: [m[Kunused parameter ‘[01m[Kargc[m[K’ [[01;35m[K]8;;https://gcc.gnu.org/onlinedocs/gcc/Warning-Options.html#index-Wunused-parameter-Wunused-parameter]8;;[m[K]
[1.505s]    12 | int main([01;35m[Kint argc[m[K, char **argv) {
[1.505s]       |          [01;35m[K~~~~^~~~[m[K
[1.505s] [01m[K/home/hein/dev/ros-test/packages/custom_publisher/src/publisher.cpp:12:27:[m[K [01;35m[Kwarning: [m[Kunused parameter ‘[01m[Kargv[m[K’ [[01;35m[K]8;;https://gcc.gnu.org/onlinedocs/gcc/Warning-Options.html#index-Wunused-parameter-Wunused-parameter]8;;[m[K]
[1.505s]    12 | int main(int argc, [01;35m[Kchar **argv[m[K) {
[1.505s]       |                    [01;35m[K~~~~~~~^~~~[m[K
[2.700s] [100%] [32m[1mLinking CXX executable custom_publisher_node[0m
[2.793s] [100%] Built target custom_publisher_node
