[0.056s] DEBUG:colcon:Command line arguments: ['/usr/bin/colcon', 'build']
[0.056s] DEBUG:colcon:Parsed command line arguments: Namespace(log_base=None, log_level=None, verb_name='build', build_base='build', install_base='install', merge_install=False, symlink_install=False, test_result_base=None, continue_on_error=False, executor='parallel', parallel_workers=16, event_handlers=None, ignore_user_meta=False, metas=['./colcon.meta'], base_paths=['.'], packages_ignore=None, packages_ignore_regex=None, paths=None, packages_up_to=None, packages_up_to_regex=None, packages_above=None, packages_above_and_dependencies=None, packages_above_depth=None, packages_select_by_dep=None, packages_skip_by_dep=None, packages_skip_up_to=None, packages_select_build_failed=False, packages_skip_build_finished=False, packages_select_test_failures=False, packages_skip_test_passed=False, packages_select=None, packages_skip=None, packages_select_regex=None, packages_skip_regex=None, packages_start=None, packages_end=None, allow_overriding=[], cmake_args=None, cmake_target=None, cmake_target_skip_unavailable=False, cmake_clean_cache=False, cmake_clean_first=False, cmake_force_configure=False, ament_cmake_args=None, catkin_cmake_args=None, catkin_skip_building_tests=False, mixin_files=None, mixin=None, verb_parser=<colcon_mixin.mixin.mixin_argument.MixinArgumentDecorator object at 0x74e6f1d5bfe0>, verb_extension=<colcon_core.verb.build.BuildVerb object at 0x74e6f13c59a0>, main=<bound method BuildVerb.main of <colcon_core.verb.build.BuildVerb object at 0x74e6f13c59a0>>, mixin_verb=('build',))
[0.077s] Level 1:colcon.colcon_core.package_discovery:discover_packages(colcon_meta) check parameters
[0.077s] Level 1:colcon.colcon_core.package_discovery:discover_packages(recursive) check parameters
[0.077s] Level 1:colcon.colcon_core.package_discovery:discover_packages(ignore) check parameters
[0.077s] Level 1:colcon.colcon_core.package_discovery:discover_packages(path) check parameters
[0.077s] Level 1:colcon.colcon_core.package_discovery:discover_packages(colcon_meta) discover
[0.077s] Level 1:colcon.colcon_core.package_discovery:discover_packages(recursive) discover
[0.077s] INFO:colcon.colcon_core.package_discovery:Crawling recursively for packages in '/home/hein/dev/ros-test'
[0.077s] Level 1:colcon.colcon_core.package_identification:_identify(.) by extensions ['ignore', 'ignore_ament_install']
[0.077s] Level 1:colcon.colcon_core.package_identification:_identify(.) by extension 'ignore'
[0.077s] Level 1:colcon.colcon_core.package_identification:_identify(.) by extension 'ignore_ament_install'
[0.077s] Level 1:colcon.colcon_core.package_identification:_identify(.) by extensions ['colcon_pkg']
[0.077s] Level 1:colcon.colcon_core.package_identification:_identify(.) by extension 'colcon_pkg'
[0.077s] Level 1:colcon.colcon_core.package_identification:_identify(.) by extensions ['colcon_meta']
[0.077s] Level 1:colcon.colcon_core.package_identification:_identify(.) by extension 'colcon_meta'
[0.077s] Level 1:colcon.colcon_core.package_identification:_identify(.) by extensions ['ros']
[0.077s] Level 1:colcon.colcon_core.package_identification:_identify(.) by extension 'ros'
[0.093s] Level 1:colcon.colcon_core.package_identification:_identify(.) by extensions ['cmake', 'python']
[0.093s] Level 1:colcon.colcon_core.package_identification:_identify(.) by extension 'cmake'
[0.093s] Level 1:colcon.colcon_core.package_identification:_identify(.) by extension 'python'
[0.093s] Level 1:colcon.colcon_core.package_identification:_identify(.) by extensions ['python_setup_py']
[0.093s] Level 1:colcon.colcon_core.package_identification:_identify(.) by extension 'python_setup_py'
[0.093s] Level 1:colcon.colcon_core.package_identification:_identify(build) by extensions ['ignore', 'ignore_ament_install']
[0.093s] Level 1:colcon.colcon_core.package_identification:_identify(build) by extension 'ignore'
[0.093s] Level 1:colcon.colcon_core.package_identification:_identify(build) ignored
[0.093s] Level 1:colcon.colcon_core.package_identification:_identify(install) by extensions ['ignore', 'ignore_ament_install']
[0.093s] Level 1:colcon.colcon_core.package_identification:_identify(install) by extension 'ignore'
[0.093s] Level 1:colcon.colcon_core.package_identification:_identify(install) ignored
[0.093s] Level 1:colcon.colcon_core.package_identification:_identify(log) by extensions ['ignore', 'ignore_ament_install']
[0.093s] Level 1:colcon.colcon_core.package_identification:_identify(log) by extension 'ignore'
[0.093s] Level 1:colcon.colcon_core.package_identification:_identify(log) ignored
[0.093s] Level 1:colcon.colcon_core.package_identification:_identify(packages) by extensions ['ignore', 'ignore_ament_install']
[0.093s] Level 1:colcon.colcon_core.package_identification:_identify(packages) by extension 'ignore'
[0.093s] Level 1:colcon.colcon_core.package_identification:_identify(packages) by extension 'ignore_ament_install'
[0.093s] Level 1:colcon.colcon_core.package_identification:_identify(packages) by extensions ['colcon_pkg']
[0.093s] Level 1:colcon.colcon_core.package_identification:_identify(packages) by extension 'colcon_pkg'
[0.093s] Level 1:colcon.colcon_core.package_identification:_identify(packages) by extensions ['colcon_meta']
[0.093s] Level 1:colcon.colcon_core.package_identification:_identify(packages) by extension 'colcon_meta'
[0.093s] Level 1:colcon.colcon_core.package_identification:_identify(packages) by extensions ['ros']
[0.093s] Level 1:colcon.colcon_core.package_identification:_identify(packages) by extension 'ros'
[0.093s] Level 1:colcon.colcon_core.package_identification:_identify(packages) by extensions ['cmake', 'python']
[0.093s] Level 1:colcon.colcon_core.package_identification:_identify(packages) by extension 'cmake'
[0.093s] Level 1:colcon.colcon_core.package_identification:_identify(packages) by extension 'python'
[0.093s] Level 1:colcon.colcon_core.package_identification:_identify(packages) by extensions ['python_setup_py']
[0.093s] Level 1:colcon.colcon_core.package_identification:_identify(packages) by extension 'python_setup_py'
[0.093s] Level 1:colcon.colcon_core.package_identification:_identify(packages/custom_publisher) by extensions ['ignore', 'ignore_ament_install']
[0.093s] Level 1:colcon.colcon_core.package_identification:_identify(packages/custom_publisher) by extension 'ignore'
[0.094s] Level 1:colcon.colcon_core.package_identification:_identify(packages/custom_publisher) by extension 'ignore_ament_install'
[0.094s] Level 1:colcon.colcon_core.package_identification:_identify(packages/custom_publisher) by extensions ['colcon_pkg']
[0.094s] Level 1:colcon.colcon_core.package_identification:_identify(packages/custom_publisher) by extension 'colcon_pkg'
[0.094s] Level 1:colcon.colcon_core.package_identification:_identify(packages/custom_publisher) by extensions ['colcon_meta']
[0.094s] Level 1:colcon.colcon_core.package_identification:_identify(packages/custom_publisher) by extension 'colcon_meta'
[0.094s] Level 1:colcon.colcon_core.package_identification:_identify(packages/custom_publisher) by extensions ['ros']
[0.094s] Level 1:colcon.colcon_core.package_identification:_identify(packages/custom_publisher) by extension 'ros'
[0.095s] DEBUG:colcon.colcon_core.package_identification:Package 'packages/custom_publisher' with type 'ros.ament_cmake' and name 'custom_publisher'
[0.095s] Level 1:colcon.colcon_core.package_identification:_identify(packages/custom_subscriber) by extensions ['ignore', 'ignore_ament_install']
[0.095s] Level 1:colcon.colcon_core.package_identification:_identify(packages/custom_subscriber) by extension 'ignore'
[0.095s] Level 1:colcon.colcon_core.package_identification:_identify(packages/custom_subscriber) by extension 'ignore_ament_install'
[0.095s] Level 1:colcon.colcon_core.package_identification:_identify(packages/custom_subscriber) by extensions ['colcon_pkg']
[0.095s] Level 1:colcon.colcon_core.package_identification:_identify(packages/custom_subscriber) by extension 'colcon_pkg'
[0.095s] Level 1:colcon.colcon_core.package_identification:_identify(packages/custom_subscriber) by extensions ['colcon_meta']
[0.095s] Level 1:colcon.colcon_core.package_identification:_identify(packages/custom_subscriber) by extension 'colcon_meta'
[0.095s] Level 1:colcon.colcon_core.package_identification:_identify(packages/custom_subscriber) by extensions ['ros']
[0.095s] Level 1:colcon.colcon_core.package_identification:_identify(packages/custom_subscriber) by extension 'ros'
[0.095s] DEBUG:colcon.colcon_core.package_identification:Package 'packages/custom_subscriber' with type 'ros.ament_cmake' and name 'custom_subscriber'
[0.095s] Level 1:colcon.colcon_core.package_discovery:discover_packages(recursive) using defaults
[0.095s] Level 1:colcon.colcon_core.package_discovery:discover_packages(ignore) discover
[0.095s] Level 1:colcon.colcon_core.package_discovery:discover_packages(ignore) using defaults
[0.095s] Level 1:colcon.colcon_core.package_discovery:discover_packages(path) discover
[0.095s] Level 1:colcon.colcon_core.package_discovery:discover_packages(path) using defaults
[0.105s] Level 1:colcon.colcon_core.package_discovery:discover_packages(prefix_path) check parameters
[0.105s] Level 1:colcon.colcon_core.package_discovery:discover_packages(prefix_path) discover
[0.106s] DEBUG:colcon.colcon_installed_package_information.package_discovery:Found 2 installed packages in /home/hein/dev/ros-test/install
[0.107s] DEBUG:colcon.colcon_installed_package_information.package_discovery:Found 338 installed packages in /opt/ros/jazzy
[0.107s] Level 1:colcon.colcon_core.package_discovery:discover_packages(prefix_path) using defaults
[0.129s] Level 5:colcon.colcon_core.verb:set package 'custom_publisher' build argument 'cmake_args' from command line to 'None'
[0.129s] Level 5:colcon.colcon_core.verb:set package 'custom_publisher' build argument 'cmake_target' from command line to 'None'
[0.129s] Level 5:colcon.colcon_core.verb:set package 'custom_publisher' build argument 'cmake_target_skip_unavailable' from command line to 'False'
[0.129s] Level 5:colcon.colcon_core.verb:set package 'custom_publisher' build argument 'cmake_clean_cache' from command line to 'False'
[0.129s] Level 5:colcon.colcon_core.verb:set package 'custom_publisher' build argument 'cmake_clean_first' from command line to 'False'
[0.129s] Level 5:colcon.colcon_core.verb:set package 'custom_publisher' build argument 'cmake_force_configure' from command line to 'False'
[0.129s] Level 5:colcon.colcon_core.verb:set package 'custom_publisher' build argument 'ament_cmake_args' from command line to 'None'
[0.129s] Level 5:colcon.colcon_core.verb:set package 'custom_publisher' build argument 'catkin_cmake_args' from command line to 'None'
[0.129s] Level 5:colcon.colcon_core.verb:set package 'custom_publisher' build argument 'catkin_skip_building_tests' from command line to 'False'
[0.129s] DEBUG:colcon.colcon_core.verb:Building package 'custom_publisher' with the following arguments: {'ament_cmake_args': None, 'build_base': '/home/hein/dev/ros-test/build/custom_publisher', 'catkin_cmake_args': None, 'catkin_skip_building_tests': False, 'cmake_args': None, 'cmake_clean_cache': False, 'cmake_clean_first': False, 'cmake_force_configure': False, 'cmake_target': None, 'cmake_target_skip_unavailable': False, 'install_base': '/home/hein/dev/ros-test/install/custom_publisher', 'merge_install': False, 'path': '/home/hein/dev/ros-test/packages/custom_publisher', 'symlink_install': False, 'test_result_base': None}
[0.129s] Level 5:colcon.colcon_core.verb:set package 'custom_subscriber' build argument 'cmake_args' from command line to 'None'
[0.129s] Level 5:colcon.colcon_core.verb:set package 'custom_subscriber' build argument 'cmake_target' from command line to 'None'
[0.129s] Level 5:colcon.colcon_core.verb:set package 'custom_subscriber' build argument 'cmake_target_skip_unavailable' from command line to 'False'
[0.129s] Level 5:colcon.colcon_core.verb:set package 'custom_subscriber' build argument 'cmake_clean_cache' from command line to 'False'
[0.129s] Level 5:colcon.colcon_core.verb:set package 'custom_subscriber' build argument 'cmake_clean_first' from command line to 'False'
[0.129s] Level 5:colcon.colcon_core.verb:set package 'custom_subscriber' build argument 'cmake_force_configure' from command line to 'False'
[0.129s] Level 5:colcon.colcon_core.verb:set package 'custom_subscriber' build argument 'ament_cmake_args' from command line to 'None'
[0.129s] Level 5:colcon.colcon_core.verb:set package 'custom_subscriber' build argument 'catkin_cmake_args' from command line to 'None'
[0.129s] Level 5:colcon.colcon_core.verb:set package 'custom_subscriber' build argument 'catkin_skip_building_tests' from command line to 'False'
[0.129s] DEBUG:colcon.colcon_core.verb:Building package 'custom_subscriber' with the following arguments: {'ament_cmake_args': None, 'build_base': '/home/hein/dev/ros-test/build/custom_subscriber', 'catkin_cmake_args': None, 'catkin_skip_building_tests': False, 'cmake_args': None, 'cmake_clean_cache': False, 'cmake_clean_first': False, 'cmake_force_configure': False, 'cmake_target': None, 'cmake_target_skip_unavailable': False, 'install_base': '/home/hein/dev/ros-test/install/custom_subscriber', 'merge_install': False, 'path': '/home/hein/dev/ros-test/packages/custom_subscriber', 'symlink_install': False, 'test_result_base': None}
[0.129s] INFO:colcon.colcon_core.executor:Executing jobs using 'parallel' executor
[0.130s] DEBUG:colcon.colcon_parallel_executor.executor.parallel:run_until_complete
[0.130s] INFO:colcon.colcon_ros.task.ament_cmake.build:Building ROS package in '/home/hein/dev/ros-test/packages/custom_publisher' with build type 'ament_cmake'
[0.130s] INFO:colcon.colcon_cmake.task.cmake.build:Building CMake package in '/home/hein/dev/ros-test/packages/custom_publisher'
[0.131s] INFO:colcon.colcon_core.plugin_system:Skipping extension 'colcon_core.shell.bat': Not used on non-Windows systems
[0.131s] INFO:colcon.colcon_core.shell:Skip shell extension 'powershell' for command environment: Not usable outside of PowerShell
[0.131s] DEBUG:colcon.colcon_core.shell:Skip shell extension 'dsv' for command environment
[0.133s] INFO:colcon.colcon_ros.task.ament_cmake.build:Building ROS package in '/home/hein/dev/ros-test/packages/custom_subscriber' with build type 'ament_cmake'
[0.133s] INFO:colcon.colcon_cmake.task.cmake.build:Building CMake package in '/home/hein/dev/ros-test/packages/custom_subscriber'
[0.133s] INFO:colcon.colcon_core.shell:Skip shell extension 'powershell' for command environment: Not usable outside of PowerShell
[0.133s] DEBUG:colcon.colcon_core.shell:Skip shell extension 'dsv' for command environment
[0.137s] DEBUG:colcon.colcon_core.event_handler.log_command:Invoking command in '/home/hein/dev/ros-test/build/custom_publisher': CMAKE_PREFIX_PATH=${CMAKE_PREFIX_PATH}:/opt/ros/jazzy DEBUGINFOD_URLS=https://debuginfod.ubuntu.com /usr/bin/cmake --build /home/hein/dev/ros-test/build/custom_publisher -- -j16 -l16
[0.140s] DEBUG:colcon.colcon_core.event_handler.log_command:Invoking command in '/home/hein/dev/ros-test/build/custom_subscriber': CMAKE_PREFIX_PATH=${CMAKE_PREFIX_PATH}:/opt/ros/jazzy DEBUGINFOD_URLS=https://debuginfod.ubuntu.com /usr/bin/cmake --build /home/hein/dev/ros-test/build/custom_subscriber -- -j16 -l16
[0.166s] DEBUG:colcon.colcon_core.event_handler.log_command:Invoked command in '/home/hein/dev/ros-test/build/custom_subscriber' returned '0': CMAKE_PREFIX_PATH=${CMAKE_PREFIX_PATH}:/opt/ros/jazzy DEBUGINFOD_URLS=https://debuginfod.ubuntu.com /usr/bin/cmake --build /home/hein/dev/ros-test/build/custom_subscriber -- -j16 -l16
[0.175s] DEBUG:colcon.colcon_core.event_handler.log_command:Invoking command in '/home/hein/dev/ros-test/build/custom_subscriber': CMAKE_PREFIX_PATH=${CMAKE_PREFIX_PATH}:/opt/ros/jazzy DEBUGINFOD_URLS=https://debuginfod.ubuntu.com /usr/bin/cmake --install /home/hein/dev/ros-test/build/custom_subscriber
[0.177s] DEBUG:colcon.colcon_core.event_handler.log_command:Invoked command in '/home/hein/dev/ros-test/build/custom_publisher' returned '0': CMAKE_PREFIX_PATH=${CMAKE_PREFIX_PATH}:/opt/ros/jazzy DEBUGINFOD_URLS=https://debuginfod.ubuntu.com /usr/bin/cmake --build /home/hein/dev/ros-test/build/custom_publisher -- -j16 -l16
[0.178s] DEBUG:colcon.colcon_core.event_handler.log_command:Invoking command in '/home/hein/dev/ros-test/build/custom_publisher': CMAKE_PREFIX_PATH=${CMAKE_PREFIX_PATH}:/opt/ros/jazzy DEBUGINFOD_URLS=https://debuginfod.ubuntu.com /usr/bin/cmake --install /home/hein/dev/ros-test/build/custom_publisher
[0.185s] Level 1:colcon.colcon_core.environment:create_environment_scripts_only(custom_subscriber)
[0.185s] DEBUG:colcon.colcon_core.event_handler.log_command:Invoked command in '/home/hein/dev/ros-test/build/custom_subscriber' returned '0': CMAKE_PREFIX_PATH=${CMAKE_PREFIX_PATH}:/opt/ros/jazzy DEBUGINFOD_URLS=https://debuginfod.ubuntu.com /usr/bin/cmake --install /home/hein/dev/ros-test/build/custom_subscriber
[0.187s] Level 1:colcon.colcon_core.environment:checking '/home/hein/dev/ros-test/install/custom_subscriber' for CMake module files
[0.188s] Level 1:colcon.colcon_core.environment:checking '/home/hein/dev/ros-test/install/custom_subscriber' for CMake config files
[0.188s] Level 1:colcon.colcon_core.shell:create_environment_hook('custom_subscriber', 'cmake_prefix_path')
[0.188s] INFO:colcon.colcon_core.shell:Creating environment hook '/home/hein/dev/ros-test/install/custom_subscriber/share/custom_subscriber/hook/cmake_prefix_path.ps1'
[0.189s] INFO:colcon.colcon_core.shell:Creating environment descriptor '/home/hein/dev/ros-test/install/custom_subscriber/share/custom_subscriber/hook/cmake_prefix_path.dsv'
[0.189s] INFO:colcon.colcon_core.shell:Creating environment hook '/home/hein/dev/ros-test/install/custom_subscriber/share/custom_subscriber/hook/cmake_prefix_path.sh'
[0.189s] Level 1:colcon.colcon_core.environment:checking '/home/hein/dev/ros-test/install/custom_subscriber/bin'
[0.189s] Level 1:colcon.colcon_core.environment:checking '/home/hein/dev/ros-test/install/custom_subscriber/lib/pkgconfig/custom_subscriber.pc'
[0.190s] Level 1:colcon.colcon_core.environment:checking '/home/hein/dev/ros-test/install/custom_subscriber/lib/python3.12/site-packages'
[0.190s] Level 1:colcon.colcon_core.environment:checking '/home/hein/dev/ros-test/install/custom_subscriber/bin'
[0.190s] INFO:colcon.colcon_core.shell:Creating package script '/home/hein/dev/ros-test/install/custom_subscriber/share/custom_subscriber/package.ps1'
[0.190s] INFO:colcon.colcon_core.shell:Creating package descriptor '/home/hein/dev/ros-test/install/custom_subscriber/share/custom_subscriber/package.dsv'
[0.191s] INFO:colcon.colcon_core.shell:Creating package script '/home/hein/dev/ros-test/install/custom_subscriber/share/custom_subscriber/package.sh'
[0.191s] INFO:colcon.colcon_core.shell:Creating package script '/home/hein/dev/ros-test/install/custom_subscriber/share/custom_subscriber/package.bash'
[0.191s] INFO:colcon.colcon_core.shell:Creating package script '/home/hein/dev/ros-test/install/custom_subscriber/share/custom_subscriber/package.zsh'
[0.192s] Level 1:colcon.colcon_core.environment:create_file_with_runtime_dependencies(/home/hein/dev/ros-test/install/custom_subscriber/share/colcon-core/packages/custom_subscriber)
[0.192s] Level 1:colcon.colcon_core.environment:create_environment_scripts_only(custom_subscriber)
[0.193s] Level 1:colcon.colcon_core.environment:checking '/home/hein/dev/ros-test/install/custom_subscriber' for CMake module files
[0.193s] Level 1:colcon.colcon_core.environment:checking '/home/hein/dev/ros-test/install/custom_subscriber' for CMake config files
[0.193s] Level 1:colcon.colcon_core.shell:create_environment_hook('custom_subscriber', 'cmake_prefix_path')
[0.193s] INFO:colcon.colcon_core.shell:Creating environment hook '/home/hein/dev/ros-test/install/custom_subscriber/share/custom_subscriber/hook/cmake_prefix_path.ps1'
[0.193s] INFO:colcon.colcon_core.shell:Creating environment descriptor '/home/hein/dev/ros-test/install/custom_subscriber/share/custom_subscriber/hook/cmake_prefix_path.dsv'
[0.194s] INFO:colcon.colcon_core.shell:Creating environment hook '/home/hein/dev/ros-test/install/custom_subscriber/share/custom_subscriber/hook/cmake_prefix_path.sh'
[0.194s] Level 1:colcon.colcon_core.environment:checking '/home/hein/dev/ros-test/install/custom_subscriber/bin'
[0.194s] Level 1:colcon.colcon_core.environment:checking '/home/hein/dev/ros-test/install/custom_subscriber/lib/pkgconfig/custom_subscriber.pc'
[0.194s] Level 1:colcon.colcon_core.environment:checking '/home/hein/dev/ros-test/install/custom_subscriber/lib/python3.12/site-packages'
[0.195s] Level 1:colcon.colcon_core.environment:checking '/home/hein/dev/ros-test/install/custom_subscriber/bin'
[0.195s] INFO:colcon.colcon_core.shell:Creating package script '/home/hein/dev/ros-test/install/custom_subscriber/share/custom_subscriber/package.ps1'
[0.195s] INFO:colcon.colcon_core.shell:Creating package descriptor '/home/hein/dev/ros-test/install/custom_subscriber/share/custom_subscriber/package.dsv'
[0.195s] INFO:colcon.colcon_core.shell:Creating package script '/home/hein/dev/ros-test/install/custom_subscriber/share/custom_subscriber/package.sh'
[0.195s] INFO:colcon.colcon_core.shell:Creating package script '/home/hein/dev/ros-test/install/custom_subscriber/share/custom_subscriber/package.bash'
[0.196s] INFO:colcon.colcon_core.shell:Creating package script '/home/hein/dev/ros-test/install/custom_subscriber/share/custom_subscriber/package.zsh'
[0.196s] Level 1:colcon.colcon_core.environment:create_file_with_runtime_dependencies(/home/hein/dev/ros-test/install/custom_subscriber/share/colcon-core/packages/custom_subscriber)
[0.196s] Level 1:colcon.colcon_core.environment:create_environment_scripts_only(custom_publisher)
[0.197s] Level 1:colcon.colcon_core.environment:checking '/home/hein/dev/ros-test/install/custom_publisher' for CMake module files
[0.197s] DEBUG:colcon.colcon_core.event_handler.log_command:Invoked command in '/home/hein/dev/ros-test/build/custom_publisher' returned '0': CMAKE_PREFIX_PATH=${CMAKE_PREFIX_PATH}:/opt/ros/jazzy DEBUGINFOD_URLS=https://debuginfod.ubuntu.com /usr/bin/cmake --install /home/hein/dev/ros-test/build/custom_publisher
[0.197s] Level 1:colcon.colcon_core.environment:checking '/home/hein/dev/ros-test/install/custom_publisher' for CMake config files
[0.198s] Level 1:colcon.colcon_core.shell:create_environment_hook('custom_publisher', 'cmake_prefix_path')
[0.198s] INFO:colcon.colcon_core.shell:Creating environment hook '/home/hein/dev/ros-test/install/custom_publisher/share/custom_publisher/hook/cmake_prefix_path.ps1'
[0.198s] INFO:colcon.colcon_core.shell:Creating environment descriptor '/home/hein/dev/ros-test/install/custom_publisher/share/custom_publisher/hook/cmake_prefix_path.dsv'
[0.199s] INFO:colcon.colcon_core.shell:Creating environment hook '/home/hein/dev/ros-test/install/custom_publisher/share/custom_publisher/hook/cmake_prefix_path.sh'
[0.199s] Level 1:colcon.colcon_core.environment:checking '/home/hein/dev/ros-test/install/custom_publisher/bin'
[0.199s] Level 1:colcon.colcon_core.environment:checking '/home/hein/dev/ros-test/install/custom_publisher/lib/pkgconfig/custom_publisher.pc'
[0.199s] Level 1:colcon.colcon_core.environment:checking '/home/hein/dev/ros-test/install/custom_publisher/lib/python3.12/site-packages'
[0.199s] Level 1:colcon.colcon_core.environment:checking '/home/hein/dev/ros-test/install/custom_publisher/bin'
[0.200s] INFO:colcon.colcon_core.shell:Creating package script '/home/hein/dev/ros-test/install/custom_publisher/share/custom_publisher/package.ps1'
[0.200s] INFO:colcon.colcon_core.shell:Creating package descriptor '/home/hein/dev/ros-test/install/custom_publisher/share/custom_publisher/package.dsv'
[0.200s] INFO:colcon.colcon_core.shell:Creating package script '/home/hein/dev/ros-test/install/custom_publisher/share/custom_publisher/package.sh'
[0.200s] INFO:colcon.colcon_core.shell:Creating package script '/home/hein/dev/ros-test/install/custom_publisher/share/custom_publisher/package.bash'
[0.200s] INFO:colcon.colcon_core.shell:Creating package script '/home/hein/dev/ros-test/install/custom_publisher/share/custom_publisher/package.zsh'
[0.201s] Level 1:colcon.colcon_core.environment:create_file_with_runtime_dependencies(/home/hein/dev/ros-test/install/custom_publisher/share/colcon-core/packages/custom_publisher)
[0.201s] Level 1:colcon.colcon_core.environment:create_environment_scripts_only(custom_publisher)
[0.201s] Level 1:colcon.colcon_core.environment:checking '/home/hein/dev/ros-test/install/custom_publisher' for CMake module files
[0.201s] Level 1:colcon.colcon_core.environment:checking '/home/hein/dev/ros-test/install/custom_publisher' for CMake config files
[0.201s] Level 1:colcon.colcon_core.shell:create_environment_hook('custom_publisher', 'cmake_prefix_path')
[0.201s] INFO:colcon.colcon_core.shell:Creating environment hook '/home/hein/dev/ros-test/install/custom_publisher/share/custom_publisher/hook/cmake_prefix_path.ps1'
[0.202s] INFO:colcon.colcon_core.shell:Creating environment descriptor '/home/hein/dev/ros-test/install/custom_publisher/share/custom_publisher/hook/cmake_prefix_path.dsv'
[0.202s] INFO:colcon.colcon_core.shell:Creating environment hook '/home/hein/dev/ros-test/install/custom_publisher/share/custom_publisher/hook/cmake_prefix_path.sh'
[0.202s] Level 1:colcon.colcon_core.environment:checking '/home/hein/dev/ros-test/install/custom_publisher/bin'
[0.202s] Level 1:colcon.colcon_core.environment:checking '/home/hein/dev/ros-test/install/custom_publisher/lib/pkgconfig/custom_publisher.pc'
[0.202s] Level 1:colcon.colcon_core.environment:checking '/home/hein/dev/ros-test/install/custom_publisher/lib/python3.12/site-packages'
[0.202s] Level 1:colcon.colcon_core.environment:checking '/home/hein/dev/ros-test/install/custom_publisher/bin'
[0.202s] INFO:colcon.colcon_core.shell:Creating package script '/home/hein/dev/ros-test/install/custom_publisher/share/custom_publisher/package.ps1'
[0.203s] INFO:colcon.colcon_core.shell:Creating package descriptor '/home/hein/dev/ros-test/install/custom_publisher/share/custom_publisher/package.dsv'
[0.203s] INFO:colcon.colcon_core.shell:Creating package script '/home/hein/dev/ros-test/install/custom_publisher/share/custom_publisher/package.sh'
[0.203s] INFO:colcon.colcon_core.shell:Creating package script '/home/hein/dev/ros-test/install/custom_publisher/share/custom_publisher/package.bash'
[0.203s] INFO:colcon.colcon_core.shell:Creating package script '/home/hein/dev/ros-test/install/custom_publisher/share/custom_publisher/package.zsh'
[0.203s] Level 1:colcon.colcon_core.environment:create_file_with_runtime_dependencies(/home/hein/dev/ros-test/install/custom_publisher/share/colcon-core/packages/custom_publisher)
[0.203s] DEBUG:colcon.colcon_parallel_executor.executor.parallel:closing loop
[0.204s] DEBUG:colcon.colcon_parallel_executor.executor.parallel:loop closed
[0.204s] DEBUG:colcon.colcon_parallel_executor.executor.parallel:run_until_complete finished with '0'
[0.204s] DEBUG:colcon.colcon_core.event_reactor:joining thread
[0.207s] INFO:colcon.colcon_core.plugin_system:Skipping extension 'colcon_notification.desktop_notification.terminal_notifier': Not used on non-Darwin systems
[0.207s] INFO:colcon.colcon_core.plugin_system:Skipping extension 'colcon_notification.desktop_notification.win32': Not used on non-Windows systems
[0.207s] INFO:colcon.colcon_notification.desktop_notification:Sending desktop notification using 'notify2'
[0.215s] DEBUG:colcon.colcon_core.event_reactor:joined thread
[0.216s] INFO:colcon.colcon_core.shell:Creating prefix script '/home/hein/dev/ros-test/install/local_setup.ps1'
[0.216s] INFO:colcon.colcon_core.shell:Creating prefix util module '/home/hein/dev/ros-test/install/_local_setup_util_ps1.py'
[0.217s] INFO:colcon.colcon_core.shell:Creating prefix chain script '/home/hein/dev/ros-test/install/setup.ps1'
[0.218s] INFO:colcon.colcon_core.shell:Creating prefix script '/home/hein/dev/ros-test/install/local_setup.sh'
[0.218s] INFO:colcon.colcon_core.shell:Creating prefix util module '/home/hein/dev/ros-test/install/_local_setup_util_sh.py'
[0.218s] INFO:colcon.colcon_core.shell:Creating prefix chain script '/home/hein/dev/ros-test/install/setup.sh'
[0.219s] INFO:colcon.colcon_core.shell:Creating prefix script '/home/hein/dev/ros-test/install/local_setup.bash'
[0.219s] INFO:colcon.colcon_core.shell:Creating prefix chain script '/home/hein/dev/ros-test/install/setup.bash'
[0.220s] INFO:colcon.colcon_core.shell:Creating prefix script '/home/hein/dev/ros-test/install/local_setup.zsh'
[0.220s] INFO:colcon.colcon_core.shell:Creating prefix chain script '/home/hein/dev/ros-test/install/setup.zsh'
